[ 2016-11-24T09:00:41+08:00 ] ::1 /BdNovel/index.php/Home/Index/index.html?pressname=%E5%8C%97%E4%BA%AC%E7%A3%A8%E9%93%81%E6%95%B0%E7%9B%9F%E4%BF%A1%E6%81%AF
INFO: [ app_begin ] --START--
INFO: Run Behavior\ReadHtmlCacheBehavior [ RunTime:0.001000s ]
INFO: [ app_begin ] --END-- [ RunTime:0.001000s ]
SQL: SHOW COLUMNS FROM `bd_reader` [ RunTime:0.0020s ]
SQL: SELECT * FROM `bd_reader` WHERE `id` = 0 LIMIT 1   [ RunTime:0.0000s ]
SQL: SHOW COLUMNS FROM `bd_shopcar` [ RunTime:0.0020s ]
NOTIC: [8] Undefined index: reader_id C:\wamp\www\BdNovel\Application\Home\Controller\HomeController.class.php 第 11 行.
SQL: SELECT COUNT(*) AS tp_count FROM `bd_shopcar` WHERE `readerid` = null LIMIT 1   [ RunTime:0.0000s ]
SQL: SHOW COLUMNS FROM `bd_link` [ RunTime:0.0030s ]
SQL: SELECT * FROM `bd_link` ORDER BY id desc LIMIT 5   [ RunTime:0.0020s ]
SQL: SHOW COLUMNS FROM `bd_book` [ RunTime:0.0090s ]
SQL: SELECT `id`,`bookname`,`bookpic`,`price` FROM `bd_book` ORDER BY id desc LIMIT 14   [ RunTime:0.0020s ]
SQL: SHOW COLUMNS FROM `bd_press` [ RunTime:0.0040s ]
SQL: SELECT `id`,`pressname`,`pic` FROM `bd_press` ORDER BY id desc LIMIT 9   [ RunTime:0.0010s ]
SQL: SELECT `id` FROM `bd_press` WHERE `pressname` = '北京磨铁数盟信息' LIMIT 1   [ RunTime:0.0010s ]
SQL: SELECT * FROM `bd_book` WHERE `pressid` = 13 LIMIT 3   [ RunTime:0.0010s ]
INFO: [ view_parse ] --START--
INFO: [ template_filter ] --START--
INFO: Run Behavior\ContentReplaceBehavior [ RunTime:0.000000s ]
INFO: [ template_filter ] --END-- [ RunTime:0.000000s ]
INFO: Run Behavior\ParseTemplateBehavior [ RunTime:0.041003s ]
INFO: [ view_parse ] --END-- [ RunTime:0.041003s ]
INFO: [ view_filter ] --START--
INFO: Run Behavior\WriteHtmlCacheBehavior [ RunTime:0.000000s ]
INFO: [ view_filter ] --END-- [ RunTime:0.000000s ]
INFO: [ app_end ] --START--
INFO: Run Behavior\ShowPageTraceBehavior [ RunTime:0.000000s ]
INFO: [ app_end ] --END-- [ RunTime:0.001000s ]

[ 2016-11-24T09:00:41+08:00 ] ::1 /BdNovel/index.php/Home/Index/index.html?pressname=%E4%B8%8A%E6%B5%B7%E8%AF%BB%E5%AE%A2
INFO: [ app_begin ] --START--
INFO: Run Behavior\ReadHtmlCacheBehavior [ RunTime:0.001000s ]
INFO: [ app_begin ] --END-- [ RunTime:0.001000s ]
SQL: SHOW COLUMNS FROM `bd_reader` [ RunTime:0.0030s ]
SQL: SELECT * FROM `bd_reader` WHERE `id` = 0 LIMIT 1   [ RunTime:0.0000s ]
SQL: SHOW COLUMNS FROM `bd_shopcar` [ RunTime:0.0020s ]
NOTIC: [8] Undefined index: reader_id C:\wamp\www\BdNovel\Application\Home\Controller\HomeController.class.php 第 11 行.
SQL: SELECT COUNT(*) AS tp_count FROM `bd_shopcar` WHERE `readerid` = null LIMIT 1   [ RunTime:0.0000s ]
SQL: SHOW COLUMNS FROM `bd_link` [ RunTime:0.0040s ]
SQL: SELECT * FROM `bd_link` ORDER BY id desc LIMIT 5   [ RunTime:0.0010s ]
SQL: SHOW COLUMNS FROM `bd_book` [ RunTime:0.0080s ]
SQL: SELECT `id`,`bookname`,`bookpic`,`price` FROM `bd_book` ORDER BY id desc LIMIT 14   [ RunTime:0.0010s ]
SQL: SHOW COLUMNS FROM `bd_press` [ RunTime:0.0070s ]
SQL: SELECT `id`,`pressname`,`pic` FROM `bd_press` ORDER BY id desc LIMIT 9   [ RunTime:0.0010s ]
SQL: SELECT `id` FROM `bd_press` WHERE `pressname` = '上海读客' LIMIT 1   [ RunTime:0.0010s ]
SQL: SELECT * FROM `bd_book` WHERE `pressid` = 10 LIMIT 3   [ RunTime:0.0000s ]
INFO: [ view_parse ] --START--
INFO: [ template_filter ] --START--
INFO: Run Behavior\ContentReplaceBehavior [ RunTime:0.000000s ]
INFO: [ template_filter ] --END-- [ RunTime:0.000000s ]
INFO: Run Behavior\ParseTemplateBehavior [ RunTime:0.036002s ]
INFO: [ view_parse ] --END-- [ RunTime:0.036002s ]
INFO: [ view_filter ] --START--
INFO: Run Behavior\WriteHtmlCacheBehavior [ RunTime:0.001000s ]
INFO: [ view_filter ] --END-- [ RunTime:0.001000s ]
INFO: [ app_end ] --START--
INFO: Run Behavior\ShowPageTraceBehavior [ RunTime:0.001000s ]
INFO: [ app_end ] --END-- [ RunTime:0.001000s ]

[ 2016-11-24T09:00:42+08:00 ] ::1 /BdNovel/index.php/Home/Index/index.html?pressname=%E5%8C%97%E4%BA%AC%E7%A3%A8%E9%93%81%E6%95%B0%E7%9B%9F%E4%BF%A1%E6%81%AF
INFO: [ app_begin ] --START--
INFO: Run Behavior\ReadHtmlCacheBehavior [ RunTime:0.001000s ]
INFO: [ app_begin ] --END-- [ RunTime:0.002000s ]
SQL: SHOW COLUMNS FROM `bd_reader` [ RunTime:0.0030s ]
SQL: SELECT * FROM `bd_reader` WHERE `id` = 0 LIMIT 1   [ RunTime:0.0000s ]
SQL: SHOW COLUMNS FROM `bd_shopcar` [ RunTime:0.0030s ]
NOTIC: [8] Undefined index: reader_id C:\wamp\www\BdNovel\Application\Home\Controller\HomeController.class.php 第 11 行.
SQL: SELECT COUNT(*) AS tp_count FROM `bd_shopcar` WHERE `readerid` = null LIMIT 1   [ RunTime:0.0010s ]
SQL: SHOW COLUMNS FROM `bd_link` [ RunTime:0.0020s ]
SQL: SELECT * FROM `bd_link` ORDER BY id desc LIMIT 5   [ RunTime:0.0010s ]
SQL: SHOW COLUMNS FROM `bd_book` [ RunTime:0.0040s ]
SQL: SELECT `id`,`bookname`,`bookpic`,`price` FROM `bd_book` ORDER BY id desc LIMIT 14   [ RunTime:0.0010s ]
SQL: SHOW COLUMNS FROM `bd_press` [ RunTime:0.0030s ]
SQL: SELECT `id`,`pressname`,`pic` FROM `bd_press` ORDER BY id desc LIMIT 9   [ RunTime:0.0010s ]
SQL: SELECT `id` FROM `bd_press` WHERE `pressname` = '北京磨铁数盟信息' LIMIT 1   [ RunTime:0.0010s ]
SQL: SELECT * FROM `bd_book` WHERE `pressid` = 13 LIMIT 3   [ RunTime:0.0000s ]
INFO: [ view_parse ] --START--
INFO: [ template_filter ] --START--
INFO: Run Behavior\ContentReplaceBehavior [ RunTime:0.000000s ]
INFO: [ template_filter ] --END-- [ RunTime:0.000000s ]
INFO: Run Behavior\ParseTemplateBehavior [ RunTime:0.036002s ]
INFO: [ view_parse ] --END-- [ RunTime:0.036002s ]
INFO: [ view_filter ] --START--
INFO: Run Behavior\WriteHtmlCacheBehavior [ RunTime:0.000000s ]
INFO: [ view_filter ] --END-- [ RunTime:0.000000s ]
INFO: [ app_end ] --START--
INFO: Run Behavior\ShowPageTraceBehavior [ RunTime:0.000000s ]
INFO: [ app_end ] --END-- [ RunTime:0.001000s ]

[ 2016-11-24T10:29:38+08:00 ] ::1 /BdNovel/index.php/Home/Index/index.html?pressname=%E5%8C%97%E4%BA%AC%E7%A3%A8%E9%93%81%E6%95%B0%E7%9B%9F%E4%BF%A1%E6%81%AF
INFO: [ app_begin ] --START--
INFO: Run Behavior\ReadHtmlCacheBehavior [ RunTime:0.003000s ]
INFO: [ app_begin ] --END-- [ RunTime:0.004000s ]
SQL: SHOW COLUMNS FROM `bd_reader` [ RunTime:0.0440s ]
SQL: SELECT * FROM `bd_reader` WHERE `id` = 0 LIMIT 1   [ RunTime:0.0100s ]
SQL: SHOW COLUMNS FROM `bd_shopcar` [ RunTime:0.0140s ]
NOTIC: [8] Undefined index: reader_id C:\wamp\www\BdNovel\Application\Home\Controller\HomeController.class.php 第 11 行.
SQL: SELECT COUNT(*) AS tp_count FROM `bd_shopcar` WHERE `readerid` = null LIMIT 1   [ RunTime:0.0000s ]
SQL: SHOW COLUMNS FROM `bd_link` [ RunTime:0.0080s ]
SQL: SELECT * FROM `bd_link` ORDER BY id desc LIMIT 5   [ RunTime:0.0000s ]
SQL: SHOW COLUMNS FROM `bd_book` [ RunTime:0.0020s ]
SQL: SELECT `id`,`bookname`,`bookpic`,`price` FROM `bd_book` ORDER BY id desc LIMIT 14   [ RunTime:0.0000s ]
SQL: SHOW COLUMNS FROM `bd_press` [ RunTime:0.0030s ]
SQL: SELECT `id`,`pressname`,`pic` FROM `bd_press` ORDER BY id desc LIMIT 9   [ RunTime:0.0010s ]
SQL: SELECT `id` FROM `bd_press` WHERE `pressname` = '北京磨铁数盟信息' LIMIT 1   [ RunTime:0.0000s ]
SQL: SELECT * FROM `bd_book` WHERE `pressid` = 13 LIMIT 3   [ RunTime:0.0000s ]
INFO: [ view_parse ] --START--
INFO: [ template_filter ] --START--
INFO: Run Behavior\ContentReplaceBehavior [ RunTime:0.000000s ]
INFO: [ template_filter ] --END-- [ RunTime:0.000000s ]
INFO: Run Behavior\ParseTemplateBehavior [ RunTime:0.048002s ]
INFO: [ view_parse ] --END-- [ RunTime:0.048002s ]
INFO: [ view_filter ] --START--
INFO: Run Behavior\WriteHtmlCacheBehavior [ RunTime:0.001000s ]
INFO: [ view_filter ] --END-- [ RunTime:0.001000s ]
INFO: [ app_end ] --START--
INFO: Run Behavior\ShowPageTraceBehavior [ RunTime:0.001001s ]
INFO: [ app_end ] --END-- [ RunTime:0.001001s ]

[ 2016-11-24T10:29:39+08:00 ] ::1 /BdNovel/index.php/Home/Index/index.html?pressname=%E4%B8%8A%E6%B5%B7%E8%AF%BB%E5%AE%A2
INFO: [ app_begin ] --START--
INFO: Run Behavior\ReadHtmlCacheBehavior [ RunTime:0.001000s ]
INFO: [ app_begin ] --END-- [ RunTime:0.001000s ]
SQL: SHOW COLUMNS FROM `bd_reader` [ RunTime:0.0160s ]
SQL: SELECT * FROM `bd_reader` WHERE `id` = 0 LIMIT 1   [ RunTime:0.0010s ]
SQL: SHOW COLUMNS FROM `bd_shopcar` [ RunTime:0.0020s ]
NOTIC: [8] Undefined index: reader_id C:\wamp\www\BdNovel\Application\Home\Controller\HomeController.class.php 第 11 行.
SQL: SELECT COUNT(*) AS tp_count FROM `bd_shopcar` WHERE `readerid` = null LIMIT 1   [ RunTime:0.0000s ]
SQL: SHOW COLUMNS FROM `bd_link` [ RunTime:0.0050s ]
SQL: SELECT * FROM `bd_link` ORDER BY id desc LIMIT 5   [ RunTime:0.0010s ]
SQL: SHOW COLUMNS FROM `bd_book` [ RunTime:0.0070s ]
SQL: SELECT `id`,`bookname`,`bookpic`,`price` FROM `bd_book` ORDER BY id desc LIMIT 14   [ RunTime:0.0020s ]
SQL: SHOW COLUMNS FROM `bd_press` [ RunTime:0.0160s ]
SQL: SELECT `id`,`pressname`,`pic` FROM `bd_press` ORDER BY id desc LIMIT 9   [ RunTime:0.0000s ]
SQL: SELECT `id` FROM `bd_press` WHERE `pressname` = '上海读客' LIMIT 1   [ RunTime:0.0000s ]
SQL: SELECT * FROM `bd_book` WHERE `pressid` = 10 LIMIT 3   [ RunTime:0.0010s ]
INFO: [ view_parse ] --START--
INFO: [ template_filter ] --START--
INFO: Run Behavior\ContentReplaceBehavior [ RunTime:0.000000s ]
INFO: [ template_filter ] --END-- [ RunTime:0.000000s ]
INFO: Run Behavior\ParseTemplateBehavior [ RunTime:0.037002s ]
INFO: [ view_parse ] --END-- [ RunTime:0.037002s ]
INFO: [ view_filter ] --START--
INFO: Run Behavior\WriteHtmlCacheBehavior [ RunTime:0.001000s ]
INFO: [ view_filter ] --END-- [ RunTime:0.001000s ]
INFO: [ app_end ] --START--
INFO: Run Behavior\ShowPageTraceBehavior [ RunTime:0.001000s ]
INFO: [ app_end ] --END-- [ RunTime:0.001000s ]

[ 2016-11-24T10:29:40+08:00 ] ::1 /BdNovel/index.php/Home/Index/index.html?pressname=%E4%B8%AD%E4%BF%A1%E5%87%BA%E7%89%88%E7%A4%BE
INFO: [ app_begin ] --START--
INFO: Run Behavior\ReadHtmlCacheBehavior [ RunTime:0.000000s ]
INFO: [ app_begin ] --END-- [ RunTime:0.002000s ]
SQL: SHOW COLUMNS FROM `bd_reader` [ RunTime:0.0110s ]
SQL: SELECT * FROM `bd_reader` WHERE `id` = 0 LIMIT 1   [ RunTime:0.0110s ]
SQL: SHOW COLUMNS FROM `bd_shopcar` [ RunTime:0.0020s ]
NOTIC: [8] Undefined index: reader_id C:\wamp\www\BdNovel\Application\Home\Controller\HomeController.class.php 第 11 行.
SQL: SELECT COUNT(*) AS tp_count FROM `bd_shopcar` WHERE `readerid` = null LIMIT 1   [ RunTime:0.0010s ]
SQL: SHOW COLUMNS FROM `bd_link` [ RunTime:0.0010s ]
SQL: SELECT * FROM `bd_link` ORDER BY id desc LIMIT 5   [ RunTime:0.0000s ]
SQL: SHOW COLUMNS FROM `bd_book` [ RunTime:0.0030s ]
SQL: SELECT `id`,`bookname`,`bookpic`,`price` FROM `bd_book` ORDER BY id desc LIMIT 14   [ RunTime:0.0010s ]
SQL: SHOW COLUMNS FROM `bd_press` [ RunTime:0.0020s ]
SQL: SELECT `id`,`pressname`,`pic` FROM `bd_press` ORDER BY id desc LIMIT 9   [ RunTime:0.0000s ]
SQL: SELECT `id` FROM `bd_press` WHERE `pressname` = '中信出版社' LIMIT 1   [ RunTime:0.0000s ]
SQL: SELECT * FROM `bd_book` WHERE `pressid` = 11 LIMIT 3   [ RunTime:0.0010s ]
INFO: [ view_parse ] --START--
INFO: [ template_filter ] --START--
INFO: Run Behavior\ContentReplaceBehavior [ RunTime:0.001000s ]
INFO: [ template_filter ] --END-- [ RunTime:0.001000s ]
INFO: Run Behavior\ParseTemplateBehavior [ RunTime:0.035002s ]
INFO: [ view_parse ] --END-- [ RunTime:0.035002s ]
INFO: [ view_filter ] --START--
INFO: Run Behavior\WriteHtmlCacheBehavior [ RunTime:0.001000s ]
INFO: [ view_filter ] --END-- [ RunTime:0.001000s ]
INFO: [ app_end ] --START--
INFO: Run Behavior\ShowPageTraceBehavior [ RunTime:0.002000s ]
INFO: [ app_end ] --END-- [ RunTime:0.002000s ]

[ 2016-11-24T10:29:41+08:00 ] ::1 /BdNovel/index.php/Home/Index/index.html?pressname=%E4%B8%9C%E6%96%B9%E5%87%BA%E7%89%88%E7%A4%BE
INFO: [ app_begin ] --START--
INFO: Run Behavior\ReadHtmlCacheBehavior [ RunTime:0.001000s ]
INFO: [ app_begin ] --END-- [ RunTime:0.001000s ]
SQL: SHOW COLUMNS FROM `bd_reader` [ RunTime:0.0470s ]
SQL: SELECT * FROM `bd_reader` WHERE `id` = 0 LIMIT 1   [ RunTime:0.0010s ]
SQL: SHOW COLUMNS FROM `bd_shopcar` [ RunTime:0.0060s ]
NOTIC: [8] Undefined index: reader_id C:\wamp\www\BdNovel\Application\Home\Controller\HomeController.class.php 第 11 行.
SQL: SELECT COUNT(*) AS tp_count FROM `bd_shopcar` WHERE `readerid` = null LIMIT 1   [ RunTime:0.0010s ]
SQL: SHOW COLUMNS FROM `bd_link` [ RunTime:0.0030s ]
SQL: SELECT * FROM `bd_link` ORDER BY id desc LIMIT 5   [ RunTime:0.0020s ]
SQL: SHOW COLUMNS FROM `bd_book` [ RunTime:0.0060s ]
SQL: SELECT `id`,`bookname`,`bookpic`,`price` FROM `bd_book` ORDER BY id desc LIMIT 14   [ RunTime:0.0010s ]
SQL: SHOW COLUMNS FROM `bd_press` [ RunTime:0.0090s ]
SQL: SELECT `id`,`pressname`,`pic` FROM `bd_press` ORDER BY id desc LIMIT 9   [ RunTime:0.0010s ]
SQL: SELECT `id` FROM `bd_press` WHERE `pressname` = '东方出版社' LIMIT 1   [ RunTime:0.0010s ]
SQL: SELECT * FROM `bd_book` WHERE `pressid` = 14 LIMIT 3   [ RunTime:0.0010s ]
INFO: [ view_parse ] --START--
INFO: [ template_filter ] --START--
INFO: Run Behavior\ContentReplaceBehavior [ RunTime:0.000000s ]
INFO: [ template_filter ] --END-- [ RunTime:0.001000s ]
INFO: Run Behavior\ParseTemplateBehavior [ RunTime:0.043003s ]
INFO: [ view_parse ] --END-- [ RunTime:0.043003s ]
INFO: [ view_filter ] --START--
INFO: Run Behavior\WriteHtmlCacheBehavior [ RunTime:0.000000s ]
INFO: [ view_filter ] --END-- [ RunTime:0.000000s ]
INFO: [ app_end ] --START--
INFO: Run Behavior\ShowPageTraceBehavior [ RunTime:0.001000s ]
INFO: [ app_end ] --END-- [ RunTime:0.001000s ]

[ 2016-11-24T10:29:41+08:00 ] ::1 /BdNovel/index.php/Home/Index/index.html?pressname=%E4%BA%BA%E6%B0%91%E5%86%9B%E5%8C%BB%E5%87%BA%E7%89%88%E7%A4%BE
INFO: [ app_begin ] --START--
INFO: Run Behavior\ReadHtmlCacheBehavior [ RunTime:0.000000s ]
INFO: [ app_begin ] --END-- [ RunTime:0.001000s ]
SQL: SHOW COLUMNS FROM `bd_reader` [ RunTime:0.0070s ]
SQL: SELECT * FROM `bd_reader` WHERE `id` = 0 LIMIT 1   [ RunTime:0.0020s ]
SQL: SHOW COLUMNS FROM `bd_shopcar` [ RunTime:0.0060s ]
NOTIC: [8] Undefined index: reader_id C:\wamp\www\BdNovel\Application\Home\Controller\HomeController.class.php 第 11 行.
SQL: SELECT COUNT(*) AS tp_count FROM `bd_shopcar` WHERE `readerid` = null LIMIT 1   [ RunTime:0.0000s ]
SQL: SHOW COLUMNS FROM `bd_link` [ RunTime:0.0050s ]
SQL: SELECT * FROM `bd_link` ORDER BY id desc LIMIT 5   [ RunTime:0.0020s ]
SQL: SHOW COLUMNS FROM `bd_book` [ RunTime:0.0070s ]
SQL: SELECT `id`,`bookname`,`bookpic`,`price` FROM `bd_book` ORDER BY id desc LIMIT 14   [ RunTime:0.0010s ]
SQL: SHOW COLUMNS FROM `bd_press` [ RunTime:0.0020s ]
SQL: SELECT `id`,`pressname`,`pic` FROM `bd_press` ORDER BY id desc LIMIT 9   [ RunTime:0.0170s ]
SQL: SELECT `id` FROM `bd_press` WHERE `pressname` = '人民军医出版社' LIMIT 1   [ RunTime:0.0000s ]
SQL: SELECT * FROM `bd_book` WHERE `pressid` = 15 LIMIT 3   [ RunTime:0.0010s ]
INFO: [ view_parse ] --START--
INFO: [ template_filter ] --START--
INFO: Run Behavior\ContentReplaceBehavior [ RunTime:0.000000s ]
INFO: [ template_filter ] --END-- [ RunTime:0.000000s ]
INFO: Run Behavior\ParseTemplateBehavior [ RunTime:0.035002s ]
INFO: [ view_parse ] --END-- [ RunTime:0.035002s ]
INFO: [ view_filter ] --START--
INFO: Run Behavior\WriteHtmlCacheBehavior [ RunTime:0.001000s ]
INFO: [ view_filter ] --END-- [ RunTime:0.001000s ]
INFO: [ app_end ] --START--
INFO: Run Behavior\ShowPageTraceBehavior [ RunTime:0.002000s ]
INFO: [ app_end ] --END-- [ RunTime:0.002000s ]

[ 2016-11-24T10:29:42+08:00 ] ::1 /BdNovel/index.php/Home/Index/index.html?pressname=%E5%8D%8E%E7%AB%A0%E6%95%B0%E5%AA%92
INFO: [ app_begin ] --START--
INFO: Run Behavior\ReadHtmlCacheBehavior [ RunTime:0.001000s ]
INFO: [ app_begin ] --END-- [ RunTime:0.001000s ]
SQL: SHOW COLUMNS FROM `bd_reader` [ RunTime:0.0240s ]
SQL: SELECT * FROM `bd_reader` WHERE `id` = 0 LIMIT 1   [ RunTime:0.0010s ]
SQL: SHOW COLUMNS FROM `bd_shopcar` [ RunTime:0.0030s ]
NOTIC: [8] Undefined index: reader_id C:\wamp\www\BdNovel\Application\Home\Controller\HomeController.class.php 第 11 行.
SQL: SELECT COUNT(*) AS tp_count FROM `bd_shopcar` WHERE `readerid` = null LIMIT 1   [ RunTime:0.0000s ]
SQL: SHOW COLUMNS FROM `bd_link` [ RunTime:0.0010s ]
SQL: SELECT * FROM `bd_link` ORDER BY id desc LIMIT 5   [ RunTime:0.0010s ]
SQL: SHOW COLUMNS FROM `bd_book` [ RunTime:0.0030s ]
SQL: SELECT `id`,`bookname`,`bookpic`,`price` FROM `bd_book` ORDER BY id desc LIMIT 14   [ RunTime:0.0010s ]
SQL: SHOW COLUMNS FROM `bd_press` [ RunTime:0.0030s ]
SQL: SELECT `id`,`pressname`,`pic` FROM `bd_press` ORDER BY id desc LIMIT 9   [ RunTime:0.0010s ]
SQL: SELECT `id` FROM `bd_press` WHERE `pressname` = '华章数媒' LIMIT 1   [ RunTime:0.0010s ]
SQL: SELECT * FROM `bd_book` WHERE `pressid` = 12 LIMIT 3   [ RunTime:0.0010s ]
INFO: [ view_parse ] --START--
INFO: [ template_filter ] --START--
INFO: Run Behavior\ContentReplaceBehavior [ RunTime:0.000000s ]
INFO: [ template_filter ] --END-- [ RunTime:0.000000s ]
INFO: Run Behavior\ParseTemplateBehavior [ RunTime:0.044002s ]
INFO: [ view_parse ] --END-- [ RunTime:0.044002s ]
INFO: [ view_filter ] --START--
INFO: Run Behavior\WriteHtmlCacheBehavior [ RunTime:0.000000s ]
INFO: [ view_filter ] --END-- [ RunTime:0.000000s ]
INFO: [ app_end ] --START--
INFO: Run Behavior\ShowPageTraceBehavior [ RunTime:0.001000s ]
INFO: [ app_end ] --END-- [ RunTime:0.001000s ]

[ 2016-11-24T11:43:03+08:00 ] ::1 /BdNovel/index.php/Home/Index/index.html?pressname=%E4%B8%9C%E6%96%B9%E5%87%BA%E7%89%88%E7%A4%BE
INFO: [ app_begin ] --START--
INFO: Run Behavior\ReadHtmlCacheBehavior [ RunTime:0.001000s ]
INFO: [ app_begin ] --END-- [ RunTime:0.002000s ]
SQL: SHOW COLUMNS FROM `bd_reader` [ RunTime:0.0400s ]
SQL: SELECT * FROM `bd_reader` WHERE `id` = 0 LIMIT 1   [ RunTime:0.0000s ]
SQL: SHOW COLUMNS FROM `bd_shopcar` [ RunTime:0.0010s ]
NOTIC: [8] Undefined index: reader_id C:\wamp\www\BdNovel\Application\Home\Controller\HomeController.class.php 第 11 行.
SQL: SELECT COUNT(*) AS tp_count FROM `bd_shopcar` WHERE `readerid` = null LIMIT 1   [ RunTime:0.0010s ]
SQL: SHOW COLUMNS FROM `bd_link` [ RunTime:0.0010s ]
SQL: SELECT * FROM `bd_link` ORDER BY id desc LIMIT 5   [ RunTime:0.0170s ]
SQL: SHOW COLUMNS FROM `bd_book` [ RunTime:0.0010s ]
SQL: SELECT `id`,`bookname`,`bookpic`,`price` FROM `bd_book` ORDER BY id desc LIMIT 14   [ RunTime:0.0000s ]
SQL: SHOW COLUMNS FROM `bd_press` [ RunTime:0.0000s ]
SQL: SELECT `id`,`pressname`,`pic` FROM `bd_press` ORDER BY id desc LIMIT 9   [ RunTime:0.0000s ]
SQL: SELECT `id` FROM `bd_press` WHERE `pressname` = '东方出版社' LIMIT 1   [ RunTime:0.0010s ]
SQL: SELECT * FROM `bd_book` WHERE `pressid` = 14 LIMIT 3   [ RunTime:0.0000s ]
INFO: [ view_parse ] --START--
INFO: [ template_filter ] --START--
INFO: Run Behavior\ContentReplaceBehavior [ RunTime:0.000000s ]
INFO: [ template_filter ] --END-- [ RunTime:0.000000s ]
INFO: Run Behavior\ParseTemplateBehavior [ RunTime:0.035002s ]
INFO: [ view_parse ] --END-- [ RunTime:0.035002s ]
INFO: [ view_filter ] --START--
INFO: Run Behavior\WriteHtmlCacheBehavior [ RunTime:0.001000s ]
INFO: [ view_filter ] --END-- [ RunTime:0.001000s ]
INFO: [ app_end ] --START--
INFO: Run Behavior\ShowPageTraceBehavior [ RunTime:0.001000s ]
INFO: [ app_end ] --END-- [ RunTime:0.001000s ]

[ 2016-11-24T11:43:04+08:00 ] ::1 /BdNovel/index.php/Home/Index/index.html?pressname=%E4%B8%AD%E4%BF%A1%E5%87%BA%E7%89%88%E7%A4%BE
INFO: [ app_begin ] --START--
INFO: Run Behavior\ReadHtmlCacheBehavior [ RunTime:0.001000s ]
INFO: [ app_begin ] --END-- [ RunTime:0.001000s ]
SQL: SHOW COLUMNS FROM `bd_reader` [ RunTime:0.0100s ]
SQL: SELECT * FROM `bd_reader` WHERE `id` = 0 LIMIT 1   [ RunTime:0.0010s ]
SQL: SHOW COLUMNS FROM `bd_shopcar` [ RunTime:0.0010s ]
NOTIC: [8] Undefined index: reader_id C:\wamp\www\BdNovel\Application\Home\Controller\HomeController.class.php 第 11 行.
SQL: SELECT COUNT(*) AS tp_count FROM `bd_shopcar` WHERE `readerid` = null LIMIT 1   [ RunTime:0.0000s ]
SQL: SHOW COLUMNS FROM `bd_link` [ RunTime:0.0020s ]
SQL: SELECT * FROM `bd_link` ORDER BY id desc LIMIT 5   [ RunTime:0.0010s ]
SQL: SHOW COLUMNS FROM `bd_book` [ RunTime:0.0140s ]
SQL: SELECT `id`,`bookname`,`bookpic`,`price` FROM `bd_book` ORDER BY id desc LIMIT 14   [ RunTime:0.0100s ]
SQL: SHOW COLUMNS FROM `bd_press` [ RunTime:0.0010s ]
SQL: SELECT `id`,`pressname`,`pic` FROM `bd_press` ORDER BY id desc LIMIT 9   [ RunTime:0.0010s ]
SQL: SELECT `id` FROM `bd_press` WHERE `pressname` = '中信出版社' LIMIT 1   [ RunTime:0.0010s ]
SQL: SELECT * FROM `bd_book` WHERE `pressid` = 11 LIMIT 3   [ RunTime:0.0010s ]
INFO: [ view_parse ] --START--
INFO: [ template_filter ] --START--
INFO: Run Behavior\ContentReplaceBehavior [ RunTime:0.000000s ]
INFO: [ template_filter ] --END-- [ RunTime:0.000000s ]
INFO: Run Behavior\ParseTemplateBehavior [ RunTime:0.062003s ]
INFO: [ view_parse ] --END-- [ RunTime:0.062003s ]
INFO: [ view_filter ] --START--
INFO: Run Behavior\WriteHtmlCacheBehavior [ RunTime:0.002000s ]
INFO: [ view_filter ] --END-- [ RunTime:0.002000s ]
INFO: [ app_end ] --START--
INFO: Run Behavior\ShowPageTraceBehavior [ RunTime:0.004001s ]
INFO: [ app_end ] --END-- [ RunTime:0.004001s ]

[ 2016-11-24T11:43:05+08:00 ] ::1 /BdNovel/index.php/Home/Index/index.html?pressname=%E5%8D%8E%E7%AB%A0%E6%95%B0%E5%AA%92
INFO: [ app_begin ] --START--
INFO: Run Behavior\ReadHtmlCacheBehavior [ RunTime:0.001000s ]
INFO: [ app_begin ] --END-- [ RunTime:0.001000s ]
SQL: SHOW COLUMNS FROM `bd_reader` [ RunTime:0.0020s ]
SQL: SELECT * FROM `bd_reader` WHERE `id` = 0 LIMIT 1   [ RunTime:0.0010s ]
SQL: SHOW COLUMNS FROM `bd_shopcar` [ RunTime:0.0000s ]
NOTIC: [8] Undefined index: reader_id C:\wamp\www\BdNovel\Application\Home\Controller\HomeController.class.php 第 11 行.
SQL: SELECT COUNT(*) AS tp_count FROM `bd_shopcar` WHERE `readerid` = null LIMIT 1   [ RunTime:0.0000s ]
SQL: SHOW COLUMNS FROM `bd_link` [ RunTime:0.0030s ]
SQL: SELECT * FROM `bd_link` ORDER BY id desc LIMIT 5   [ RunTime:0.0060s ]
SQL: SHOW COLUMNS FROM `bd_book` [ RunTime:0.0030s ]
SQL: SELECT `id`,`bookname`,`bookpic`,`price` FROM `bd_book` ORDER BY id desc LIMIT 14   [ RunTime:0.0090s ]
SQL: SHOW COLUMNS FROM `bd_press` [ RunTime:0.0140s ]
SQL: SELECT `id`,`pressname`,`pic` FROM `bd_press` ORDER BY id desc LIMIT 9   [ RunTime:0.0010s ]
SQL: SELECT `id` FROM `bd_press` WHERE `pressname` = '华章数媒' LIMIT 1   [ RunTime:0.0090s ]
SQL: SELECT * FROM `bd_book` WHERE `pressid` = 12 LIMIT 3   [ RunTime:0.0010s ]
INFO: [ view_parse ] --START--
INFO: [ template_filter ] --START--
INFO: Run Behavior\ContentReplaceBehavior [ RunTime:0.000000s ]
INFO: [ template_filter ] --END-- [ RunTime:0.000000s ]
INFO: Run Behavior\ParseTemplateBehavior [ RunTime:0.046002s ]
INFO: [ view_parse ] --END-- [ RunTime:0.046002s ]
INFO: [ view_filter ] --START--
INFO: Run Behavior\WriteHtmlCacheBehavior [ RunTime:0.000000s ]
INFO: [ view_filter ] --END-- [ RunTime:0.001000s ]
INFO: [ app_end ] --START--
INFO: Run Behavior\ShowPageTraceBehavior [ RunTime:0.001000s ]
INFO: [ app_end ] --END-- [ RunTime:0.001000s ]

[ 2016-11-24T11:43:06+08:00 ] ::1 /BdNovel/index.php/Home/Index/index.html?pressname=%E5%8C%97%E4%BA%AC%E7%A3%A8%E9%93%81%E6%95%B0%E7%9B%9F%E4%BF%A1%E6%81%AF
INFO: [ app_begin ] --START--
INFO: Run Behavior\ReadHtmlCacheBehavior [ RunTime:0.001000s ]
INFO: [ app_begin ] --END-- [ RunTime:0.001000s ]
SQL: SHOW COLUMNS FROM `bd_reader` [ RunTime:0.0020s ]
SQL: SELECT * FROM `bd_reader` WHERE `id` = 0 LIMIT 1   [ RunTime:0.0000s ]
SQL: SHOW COLUMNS FROM `bd_shopcar` [ RunTime:0.0120s ]
NOTIC: [8] Undefined index: reader_id C:\wamp\www\BdNovel\Application\Home\Controller\HomeController.class.php 第 11 行.
SQL: SELECT COUNT(*) AS tp_count FROM `bd_shopcar` WHERE `readerid` = null LIMIT 1   [ RunTime:0.0000s ]
SQL: SHOW COLUMNS FROM `bd_link` [ RunTime:0.0400s ]
SQL: SELECT * FROM `bd_link` ORDER BY id desc LIMIT 5   [ RunTime:0.0110s ]
SQL: SHOW COLUMNS FROM `bd_book` [ RunTime:0.0010s ]
SQL: SELECT `id`,`bookname`,`bookpic`,`price` FROM `bd_book` ORDER BY id desc LIMIT 14   [ RunTime:0.0020s ]
SQL: SHOW COLUMNS FROM `bd_press` [ RunTime:0.0010s ]
SQL: SELECT `id`,`pressname`,`pic` FROM `bd_press` ORDER BY id desc LIMIT 9   [ RunTime:0.0000s ]
SQL: SELECT `id` FROM `bd_press` WHERE `pressname` = '北京磨铁数盟信息' LIMIT 1   [ RunTime:0.0000s ]
SQL: SELECT * FROM `bd_book` WHERE `pressid` = 13 LIMIT 3   [ RunTime:0.0010s ]
INFO: [ view_parse ] --START--
INFO: [ template_filter ] --START--
INFO: Run Behavior\ContentReplaceBehavior [ RunTime:0.000000s ]
INFO: [ template_filter ] --END-- [ RunTime:0.000000s ]
INFO: Run Behavior\ParseTemplateBehavior [ RunTime:0.039002s ]
INFO: [ view_parse ] --END-- [ RunTime:0.039002s ]
INFO: [ view_filter ] --START--
INFO: Run Behavior\WriteHtmlCacheBehavior [ RunTime:0.000000s ]
INFO: [ view_filter ] --END-- [ RunTime:0.000000s ]
INFO: [ app_end ] --START--
INFO: Run Behavior\ShowPageTraceBehavior [ RunTime:0.000000s ]
INFO: [ app_end ] --END-- [ RunTime:0.000000s ]

[ 2016-11-24T11:43:07+08:00 ] ::1 /BdNovel/index.php/Home/Index/index.html?pressname=%E4%B8%8A%E6%B5%B7%E8%AF%BB%E5%AE%A2
INFO: [ app_begin ] --START--
INFO: Run Behavior\ReadHtmlCacheBehavior [ RunTime:0.001000s ]
INFO: [ app_begin ] --END-- [ RunTime:0.001000s ]
SQL: SHOW COLUMNS FROM `bd_reader` [ RunTime:0.0020s ]
SQL: SELECT * FROM `bd_reader` WHERE `id` = 0 LIMIT 1   [ RunTime:0.0010s ]
SQL: SHOW COLUMNS FROM `bd_shopcar` [ RunTime:0.0150s ]
NOTIC: [8] Undefined index: reader_id C:\wamp\www\BdNovel\Application\Home\Controller\HomeController.class.php 第 11 行.
SQL: SELECT COUNT(*) AS tp_count FROM `bd_shopcar` WHERE `readerid` = null LIMIT 1   [ RunTime:0.0010s ]
SQL: SHOW COLUMNS FROM `bd_link` [ RunTime:0.0020s ]
SQL: SELECT * FROM `bd_link` ORDER BY id desc LIMIT 5   [ RunTime:0.0010s ]
SQL: SHOW COLUMNS FROM `bd_book` [ RunTime:0.0020s ]
SQL: SELECT `id`,`bookname`,`bookpic`,`price` FROM `bd_book` ORDER BY id desc LIMIT 14   [ RunTime:0.0010s ]
SQL: SHOW COLUMNS FROM `bd_press` [ RunTime:0.0010s ]
SQL: SELECT `id`,`pressname`,`pic` FROM `bd_press` ORDER BY id desc LIMIT 9   [ RunTime:0.0000s ]
SQL: SELECT `id` FROM `bd_press` WHERE `pressname` = '上海读客' LIMIT 1   [ RunTime:0.0010s ]
SQL: SELECT * FROM `bd_book` WHERE `pressid` = 10 LIMIT 3   [ RunTime:0.0010s ]
INFO: [ view_parse ] --START--
INFO: [ template_filter ] --START--
INFO: Run Behavior\ContentReplaceBehavior [ RunTime:0.001000s ]
INFO: [ template_filter ] --END-- [ RunTime:0.001000s ]
INFO: Run Behavior\ParseTemplateBehavior [ RunTime:0.037002s ]
INFO: [ view_parse ] --END-- [ RunTime:0.037002s ]
INFO: [ view_filter ] --START--
INFO: Run Behavior\WriteHtmlCacheBehavior [ RunTime:0.001000s ]
INFO: [ view_filter ] --END-- [ RunTime:0.001000s ]
INFO: [ app_end ] --START--
INFO: Run Behavior\ShowPageTraceBehavior [ RunTime:0.001000s ]
INFO: [ app_end ] --END-- [ RunTime:0.001000s ]

[ 2016-11-24T11:43:08+08:00 ] ::1 /BdNovel/index.php/Home/Index/index.html?pressname=%E4%B8%AD%E4%BF%A1%E5%87%BA%E7%89%88%E7%A4%BE
INFO: [ app_begin ] --START--
INFO: Run Behavior\ReadHtmlCacheBehavior [ RunTime:0.001000s ]
INFO: [ app_begin ] --END-- [ RunTime:0.001000s ]
SQL: SHOW COLUMNS FROM `bd_reader` [ RunTime:0.0180s ]
SQL: SELECT * FROM `bd_reader` WHERE `id` = 0 LIMIT 1   [ RunTime:0.0000s ]
SQL: SHOW COLUMNS FROM `bd_shopcar` [ RunTime:0.0010s ]
NOTIC: [8] Undefined index: reader_id C:\wamp\www\BdNovel\Application\Home\Controller\HomeController.class.php 第 11 行.
SQL: SELECT COUNT(*) AS tp_count FROM `bd_shopcar` WHERE `readerid` = null LIMIT 1   [ RunTime:0.0000s ]
SQL: SHOW COLUMNS FROM `bd_link` [ RunTime:0.0580s ]
SQL: SELECT * FROM `bd_link` ORDER BY id desc LIMIT 5   [ RunTime:0.0010s ]
SQL: SHOW COLUMNS FROM `bd_book` [ RunTime:0.0020s ]
SQL: SELECT `id`,`bookname`,`bookpic`,`price` FROM `bd_book` ORDER BY id desc LIMIT 14   [ RunTime:0.0010s ]
SQL: SHOW COLUMNS FROM `bd_press` [ RunTime:0.0020s ]
SQL: SELECT `id`,`pressname`,`pic` FROM `bd_press` ORDER BY id desc LIMIT 9   [ RunTime:0.0000s ]
SQL: SELECT `id` FROM `bd_press` WHERE `pressname` = '中信出版社' LIMIT 1   [ RunTime:0.0010s ]
SQL: SELECT * FROM `bd_book` WHERE `pressid` = 11 LIMIT 3   [ RunTime:0.0020s ]
INFO: [ view_parse ] --START--
INFO: [ template_filter ] --START--
INFO: Run Behavior\ContentReplaceBehavior [ RunTime:0.000000s ]
INFO: [ template_filter ] --END-- [ RunTime:0.001000s ]
INFO: Run Behavior\ParseTemplateBehavior [ RunTime:0.051003s ]
INFO: [ view_parse ] --END-- [ RunTime:0.051003s ]
INFO: [ view_filter ] --START--
INFO: Run Behavior\WriteHtmlCacheBehavior [ RunTime:0.000000s ]
INFO: [ view_filter ] --END-- [ RunTime:0.000000s ]
INFO: [ app_end ] --START--
INFO: Run Behavior\ShowPageTraceBehavior [ RunTime:0.001000s ]
INFO: [ app_end ] --END-- [ RunTime:0.002000s ]

[ 2016-11-24T14:40:59+08:00 ] 192.168.20.192 /BdNovel/index.php/Home/Login/checkReadername.html
INFO: [ app_begin ] --START--
INFO: Run Behavior\ReadHtmlCacheBehavior [ RunTime:0.003000s ]
INFO: [ app_begin ] --END-- [ RunTime:0.003000s ]
SQL: SHOW COLUMNS FROM `bd_reader` [ RunTime:0.0130s ]
SQL: SELECT * FROM `bd_reader` WHERE `readername` = '华润' LIMIT 1   [ RunTime:0.0240s ]

[ 2016-11-24T14:41:01+08:00 ] 192.168.20.192 /BdNovel/index.php/Home/Login/checkPassword.html
INFO: [ app_begin ] --START--
INFO: Run Behavior\ReadHtmlCacheBehavior [ RunTime:0.001000s ]
INFO: [ app_begin ] --END-- [ RunTime:0.001000s ]
SQL: SHOW COLUMNS FROM `bd_reader` [ RunTime:0.0570s ]

[ 2016-11-24T14:41:01+08:00 ] 192.168.20.192 /BdNovel/index.php/Home/Login/checkReadername.html
INFO: [ app_begin ] --START--
INFO: Run Behavior\ReadHtmlCacheBehavior [ RunTime:0.001000s ]
INFO: [ app_begin ] --END-- [ RunTime:0.001000s ]
SQL: SHOW COLUMNS FROM `bd_reader` [ RunTime:0.0020s ]
SQL: SELECT * FROM `bd_reader` WHERE `readername` = '华润1' LIMIT 1   [ RunTime:0.0150s ]
INFO: [ app_end ] --START--
INFO: Run Behavior\ShowPageTraceBehavior [ RunTime:0.011000s ]
INFO: [ app_end ] --END-- [ RunTime:0.011000s ]

[ 2016-11-24T14:41:05+08:00 ] 192.168.20.192 /BdNovel/index.php/Home/Login/checkPassword.html
INFO: [ app_begin ] --START--
INFO: Run Behavior\ReadHtmlCacheBehavior [ RunTime:0.001000s ]
INFO: [ app_begin ] --END-- [ RunTime:0.002000s ]
SQL: SHOW COLUMNS FROM `bd_reader` [ RunTime:0.0180s ]

[ 2016-11-24T14:41:08+08:00 ] 192.168.20.192 /BdNovel/index.php/Home/Login/checkPassword.html
INFO: [ app_begin ] --START--
INFO: Run Behavior\ReadHtmlCacheBehavior [ RunTime:0.000000s ]
INFO: [ app_begin ] --END-- [ RunTime:0.001000s ]
SQL: SHOW COLUMNS FROM `bd_reader` [ RunTime:0.0470s ]
INFO: [ app_end ] --START--
INFO: Run Behavior\ShowPageTraceBehavior [ RunTime:0.001000s ]
INFO: [ app_end ] --END-- [ RunTime:0.001000s ]

[ 2016-11-24T14:41:20+08:00 ] 192.168.20.192 /BdNovel/index.php/Home/Login/sendyzm.html?phone=15212119227
INFO: [ app_begin ] --START--
INFO: Run Behavior\ReadHtmlCacheBehavior [ RunTime:0.001000s ]
INFO: [ app_begin ] --END-- [ RunTime:0.001000s ]
INFO: [ app_end ] --START--
INFO: Run Behavior\ShowPageTraceBehavior [ RunTime:0.001000s ]
INFO: [ app_end ] --END-- [ RunTime:0.001000s ]

[ 2016-11-24T14:41:31+08:00 ] 192.168.20.192 /BdNovel/index.php/Home/Login/checkCode.html
INFO: [ app_begin ] --START--
INFO: Run Behavior\ReadHtmlCacheBehavior [ RunTime:0.001000s ]
INFO: [ app_begin ] --END-- [ RunTime:0.001000s ]
INFO: [ app_end ] --START--
INFO: Run Behavior\ShowPageTraceBehavior [ RunTime:0.001000s ]
INFO: [ app_end ] --END-- [ RunTime:0.001000s ]

[ 2016-11-24T14:41:34+08:00 ] 192.168.20.192 /BdNovel/index.php/Home/Login/checkCode.html
INFO: [ app_begin ] --START--
INFO: Run Behavior\ReadHtmlCacheBehavior [ RunTime:0.001000s ]
INFO: [ app_begin ] --END-- [ RunTime:0.001000s ]
INFO: [ app_end ] --START--
INFO: Run Behavior\ShowPageTraceBehavior [ RunTime:0.001000s ]
INFO: [ app_end ] --END-- [ RunTime:0.001000s ]

[ 2016-11-24T14:41:37+08:00 ] 192.168.20.192 /BdNovel/index.php/Home/Login/checkCode.html
INFO: [ app_begin ] --START--
INFO: Run Behavior\ReadHtmlCacheBehavior [ RunTime:0.001000s ]
INFO: [ app_begin ] --END-- [ RunTime:0.001000s ]
INFO: [ app_end ] --START--
INFO: Run Behavior\ShowPageTraceBehavior [ RunTime:0.003000s ]
INFO: [ app_end ] --END-- [ RunTime:0.003000s ]

[ 2016-11-24T14:41:39+08:00 ] 192.168.20.192 /BdNovel/index.php/Home/Login/checkCode.html
INFO: [ app_begin ] --START--
INFO: Run Behavior\ReadHtmlCacheBehavior [ RunTime:0.000000s ]
INFO: [ app_begin ] --END-- [ RunTime:0.001000s ]
INFO: [ app_end ] --START--
INFO: Run Behavior\ShowPageTraceBehavior [ RunTime:0.001000s ]
INFO: [ app_end ] --END-- [ RunTime:0.001000s ]

[ 2016-11-24T14:43:10+08:00 ] 192.168.20.192 /BdNovel/index.php/Home/Login/checkCode.html
INFO: [ app_begin ] --START--
INFO: Run Behavior\ReadHtmlCacheBehavior [ RunTime:0.001000s ]
INFO: [ app_begin ] --END-- [ RunTime:0.001000s ]
INFO: [ app_end ] --START--
INFO: Run Behavior\ShowPageTraceBehavior [ RunTime:0.000000s ]
INFO: [ app_end ] --END-- [ RunTime:0.001000s ]

[ 2016-11-24T14:43:17+08:00 ] 192.168.20.192 /BdNovel/index.php/Home/Login/checkReadername.html
INFO: [ app_begin ] --START--
INFO: Run Behavior\ReadHtmlCacheBehavior [ RunTime:0.000000s ]
INFO: [ app_begin ] --END-- [ RunTime:0.001000s ]
SQL: SHOW COLUMNS FROM `bd_reader` [ RunTime:0.0210s ]
SQL: SELECT * FROM `bd_reader` WHERE `readername` = '小华' LIMIT 1   [ RunTime:0.0020s ]

[ 2016-11-24T14:43:20+08:00 ] 192.168.20.192 /BdNovel/index.php/Home/Login/checkPassword.html
INFO: [ app_begin ] --START--
INFO: Run Behavior\ReadHtmlCacheBehavior [ RunTime:0.001000s ]
INFO: [ app_begin ] --END-- [ RunTime:0.002000s ]
SQL: SHOW COLUMNS FROM `bd_reader` [ RunTime:0.0080s ]

[ 2016-11-24T14:43:51+08:00 ] 192.168.20.192 /BdNovel/index.php/Home/Detail/getYzm.html?yzm1=undefined
INFO: [ app_begin ] --START--
INFO: Run Behavior\ReadHtmlCacheBehavior [ RunTime:0.001000s ]
INFO: [ app_begin ] --END-- [ RunTime:0.001000s ]

[ 2016-11-24T15:34:08+08:00 ] ::1 /BdNovel/index.php/Home/Login/checkCode.html
INFO: [ app_begin ] --START--
INFO: Run Behavior\ReadHtmlCacheBehavior [ RunTime:0.001000s ]
INFO: [ app_begin ] --END-- [ RunTime:0.001000s ]
NOTIC: [8] Undefined index: checkCode C:\wamp\www\BdNovel\Application\Home\Controller\LoginController.class.php 第 134 行.
INFO: [ app_end ] --START--
INFO: Run Behavior\ShowPageTraceBehavior [ RunTime:0.001000s ]
INFO: [ app_end ] --END-- [ RunTime:0.001000s ]

[ 2016-11-24T15:34:12+08:00 ] ::1 /BdNovel/index.php/Home/Login/checkReadername.html
INFO: [ app_begin ] --START--
INFO: Run Behavior\ReadHtmlCacheBehavior [ RunTime:0.001000s ]
INFO: [ app_begin ] --END-- [ RunTime:0.002000s ]
SQL: SHOW COLUMNS FROM `bd_reader` [ RunTime:0.0190s ]

[ 2016-11-24T15:34:13+08:00 ] ::1 /BdNovel/index.php/Home/Login/checkPassword.html
INFO: [ app_begin ] --START--
INFO: Run Behavior\ReadHtmlCacheBehavior [ RunTime:0.001000s ]
INFO: [ app_begin ] --END-- [ RunTime:0.002000s ]
SQL: SHOW COLUMNS FROM `bd_reader` [ RunTime:0.0260s ]

[ 2016-11-24T15:34:14+08:00 ] ::1 /BdNovel/index.php/Home/Login/checkCode.html
INFO: [ app_begin ] --START--
INFO: Run Behavior\ReadHtmlCacheBehavior [ RunTime:0.000000s ]
INFO: [ app_begin ] --END-- [ RunTime:0.001000s ]
NOTIC: [8] Undefined index: checkCode C:\wamp\www\BdNovel\Application\Home\Controller\LoginController.class.php 第 134 行.
INFO: [ app_end ] --START--
INFO: Run Behavior\ShowPageTraceBehavior [ RunTime:0.001000s ]
INFO: [ app_end ] --END-- [ RunTime:0.001000s ]

[ 2016-11-24T15:34:16+08:00 ] ::1 /BdNovel/index.php/Home/Login/checkCode.html
INFO: [ app_begin ] --START--
INFO: Run Behavior\ReadHtmlCacheBehavior [ RunTime:0.000000s ]
INFO: [ app_begin ] --END-- [ RunTime:0.001000s ]
NOTIC: [8] Undefined index: checkCode C:\wamp\www\BdNovel\Application\Home\Controller\LoginController.class.php 第 134 行.
INFO: [ app_end ] --START--
INFO: Run Behavior\ShowPageTraceBehavior [ RunTime:0.001000s ]
INFO: [ app_end ] --END-- [ RunTime:0.001000s ]

[ 2016-11-24T15:34:17+08:00 ] ::1 /BdNovel/index.php/Home/Login/checkCode.html
INFO: [ app_begin ] --START--
INFO: Run Behavior\ReadHtmlCacheBehavior [ RunTime:0.000000s ]
INFO: [ app_begin ] --END-- [ RunTime:0.002000s ]
NOTIC: [8] Undefined index: checkCode C:\wamp\www\BdNovel\Application\Home\Controller\LoginController.class.php 第 134 行.
INFO: [ app_end ] --START--
INFO: Run Behavior\ShowPageTraceBehavior [ RunTime:0.001001s ]
INFO: [ app_end ] --END-- [ RunTime:0.002001s ]

[ 2016-11-24T15:55:38+08:00 ] ::1 /BdNovel/index.php/Home/Product/cate.html?id=13&condition=id&p=2
INFO: [ app_begin ] --START--
INFO: Run Behavior\ReadHtmlCacheBehavior [ RunTime:0.001000s ]
INFO: [ app_begin ] --END-- [ RunTime:0.002000s ]
SQL: SHOW COLUMNS FROM `bd_cate` [ RunTime:0.0280s ]
SQL: SELECT * FROM `bd_cate` WHERE `id` = 13 LIMIT 1   [ RunTime:0.0000s ]
SQL: SHOW COLUMNS FROM `bd_book` [ RunTime:0.0020s ]
SQL: SELECT * FROM `bd_cate` WHERE `pid` = 13  [ RunTime:0.0010s ]
SQL: SHOW COLUMNS FROM `bd_book` [ RunTime:0.0010s ]
SQL: SELECT b.id,b.bookpic,b.price,b.bookname FROM bd_book b,bd_cate c WHERE (  c.pid=13 ) AND ( c.id=b.cateid ) ORDER BY b.id desc LIMIT 6,6   [ RunTime:0.0010s ]
SQL: SHOW COLUMNS FROM `bd_book` [ RunTime:0.0010s ]
SQL: SELECT COUNT(*) AS tp_count FROM bd_book b,bd_cate c WHERE (  c.pid=13 ) AND ( c.id=b.cateid ) LIMIT 1   [ RunTime:0.0000s ]
NOTIC: [8] Undefined variable: ptype C:\wamp\www\BdNovel\Application\Home\Controller\ProductController.class.php 第 72 行.
INFO: [ view_parse ] --START--
INFO: [ template_filter ] --START--
INFO: Run Behavior\ContentReplaceBehavior [ RunTime:0.001001s ]
INFO: [ template_filter ] --END-- [ RunTime:0.001001s ]
NOTIC: [8] Undefined variable: cityName C:\wamp\www\BdNovel\Application\Runtime\Cache\Home\3458861da0342b1f9413030055ee3fb6.php 第 82 行.
NOTIC: [8] Undefined variable: temData C:\wamp\www\BdNovel\Application\Runtime\Cache\Home\3458861da0342b1f9413030055ee3fb6.php 第 83 行.
NOTIC: [8] Trying to get property of non-object C:\wamp\www\BdNovel\Application\Runtime\Cache\Home\3458861da0342b1f9413030055ee3fb6.php 第 83 行.
NOTIC: [8] Trying to get property of non-object C:\wamp\www\BdNovel\Application\Runtime\Cache\Home\3458861da0342b1f9413030055ee3fb6.php 第 83 行.
NOTIC: [8] Undefined variable: temData C:\wamp\www\BdNovel\Application\Runtime\Cache\Home\3458861da0342b1f9413030055ee3fb6.php 第 83 行.
NOTIC: [8] Trying to get property of non-object C:\wamp\www\BdNovel\Application\Runtime\Cache\Home\3458861da0342b1f9413030055ee3fb6.php 第 83 行.
NOTIC: [8] Trying to get property of non-object C:\wamp\www\BdNovel\Application\Runtime\Cache\Home\3458861da0342b1f9413030055ee3fb6.php 第 83 行.
NOTIC: [8] Undefined variable: temData C:\wamp\www\BdNovel\Application\Runtime\Cache\Home\3458861da0342b1f9413030055ee3fb6.php 第 84 行.
NOTIC: [8] Trying to get property of non-object C:\wamp\www\BdNovel\Application\Runtime\Cache\Home\3458861da0342b1f9413030055ee3fb6.php 第 84 行.
NOTIC: [8] Trying to get property of non-object C:\wamp\www\BdNovel\Application\Runtime\Cache\Home\3458861da0342b1f9413030055ee3fb6.php 第 84 行.
NOTIC: [8] Undefined variable: temData C:\wamp\www\BdNovel\Application\Runtime\Cache\Home\3458861da0342b1f9413030055ee3fb6.php 第 84 行.
NOTIC: [8] Trying to get property of non-object C:\wamp\www\BdNovel\Application\Runtime\Cache\Home\3458861da0342b1f9413030055ee3fb6.php 第 84 行.
NOTIC: [8] Trying to get property of non-object C:\wamp\www\BdNovel\Application\Runtime\Cache\Home\3458861da0342b1f9413030055ee3fb6.php 第 84 行.
NOTIC: [8] Undefined variable: readername C:\wamp\www\BdNovel\Application\Runtime\Cache\Home\3458861da0342b1f9413030055ee3fb6.php 第 87 行.
NOTIC: [8] Undefined variable: carnum C:\wamp\www\BdNovel\Application\Runtime\Cache\Home\3458861da0342b1f9413030055ee3fb6.php 第 94 行.
INFO: Run Behavior\ParseTemplateBehavior [ RunTime:0.025001s ]
INFO: [ view_parse ] --END-- [ RunTime:0.025001s ]
INFO: [ view_filter ] --START--
INFO: Run Behavior\WriteHtmlCacheBehavior [ RunTime:0.000000s ]
INFO: [ view_filter ] --END-- [ RunTime:0.001000s ]
INFO: [ app_end ] --START--
INFO: Run Behavior\ShowPageTraceBehavior [ RunTime:0.001000s ]
INFO: [ app_end ] --END-- [ RunTime:0.001000s ]

[ 2016-11-24T15:55:39+08:00 ] ::1 /BdNovel/index.php/Home/Product/cate.html?id=13&condition=id&p=1
INFO: [ app_begin ] --START--
INFO: Run Behavior\ReadHtmlCacheBehavior [ RunTime:0.001000s ]
INFO: [ app_begin ] --END-- [ RunTime:0.001000s ]
SQL: SHOW COLUMNS FROM `bd_cate` [ RunTime:0.0130s ]
SQL: SELECT * FROM `bd_cate` WHERE `id` = 13 LIMIT 1   [ RunTime:0.0000s ]
SQL: SHOW COLUMNS FROM `bd_book` [ RunTime:0.0030s ]
SQL: SELECT * FROM `bd_cate` WHERE `pid` = 13  [ RunTime:0.0000s ]
SQL: SHOW COLUMNS FROM `bd_book` [ RunTime:0.0010s ]
SQL: SELECT b.id,b.bookpic,b.price,b.bookname FROM bd_book b,bd_cate c WHERE (  c.pid=13 ) AND ( c.id=b.cateid ) ORDER BY b.id desc LIMIT 0,6   [ RunTime:0.0140s ]
SQL: SHOW COLUMNS FROM `bd_book` [ RunTime:0.0010s ]
SQL: SELECT COUNT(*) AS tp_count FROM bd_book b,bd_cate c WHERE (  c.pid=13 ) AND ( c.id=b.cateid ) LIMIT 1   [ RunTime:0.0010s ]
NOTIC: [8] Undefined variable: ptype C:\wamp\www\BdNovel\Application\Home\Controller\ProductController.class.php 第 72 行.
INFO: [ view_parse ] --START--
INFO: [ template_filter ] --START--
INFO: Run Behavior\ContentReplaceBehavior [ RunTime:0.000000s ]
INFO: [ template_filter ] --END-- [ RunTime:0.000000s ]
NOTIC: [8] Undefined variable: cityName C:\wamp\www\BdNovel\Application\Runtime\Cache\Home\3458861da0342b1f9413030055ee3fb6.php 第 82 行.
NOTIC: [8] Undefined variable: temData C:\wamp\www\BdNovel\Application\Runtime\Cache\Home\3458861da0342b1f9413030055ee3fb6.php 第 83 行.
NOTIC: [8] Trying to get property of non-object C:\wamp\www\BdNovel\Application\Runtime\Cache\Home\3458861da0342b1f9413030055ee3fb6.php 第 83 行.
NOTIC: [8] Trying to get property of non-object C:\wamp\www\BdNovel\Application\Runtime\Cache\Home\3458861da0342b1f9413030055ee3fb6.php 第 83 行.
NOTIC: [8] Undefined variable: temData C:\wamp\www\BdNovel\Application\Runtime\Cache\Home\3458861da0342b1f9413030055ee3fb6.php 第 83 行.
NOTIC: [8] Trying to get property of non-object C:\wamp\www\BdNovel\Application\Runtime\Cache\Home\3458861da0342b1f9413030055ee3fb6.php 第 83 行.
NOTIC: [8] Trying to get property of non-object C:\wamp\www\BdNovel\Application\Runtime\Cache\Home\3458861da0342b1f9413030055ee3fb6.php 第 83 行.
NOTIC: [8] Undefined variable: temData C:\wamp\www\BdNovel\Application\Runtime\Cache\Home\3458861da0342b1f9413030055ee3fb6.php 第 84 行.
NOTIC: [8] Trying to get property of non-object C:\wamp\www\BdNovel\Application\Runtime\Cache\Home\3458861da0342b1f9413030055ee3fb6.php 第 84 行.
NOTIC: [8] Trying to get property of non-object C:\wamp\www\BdNovel\Application\Runtime\Cache\Home\3458861da0342b1f9413030055ee3fb6.php 第 84 行.
NOTIC: [8] Undefined variable: temData C:\wamp\www\BdNovel\Application\Runtime\Cache\Home\3458861da0342b1f9413030055ee3fb6.php 第 84 行.
NOTIC: [8] Trying to get property of non-object C:\wamp\www\BdNovel\Application\Runtime\Cache\Home\3458861da0342b1f9413030055ee3fb6.php 第 84 行.
NOTIC: [8] Trying to get property of non-object C:\wamp\www\BdNovel\Application\Runtime\Cache\Home\3458861da0342b1f9413030055ee3fb6.php 第 84 行.
NOTIC: [8] Undefined variable: readername C:\wamp\www\BdNovel\Application\Runtime\Cache\Home\3458861da0342b1f9413030055ee3fb6.php 第 87 行.
NOTIC: [8] Undefined variable: carnum C:\wamp\www\BdNovel\Application\Runtime\Cache\Home\3458861da0342b1f9413030055ee3fb6.php 第 94 行.
INFO: Run Behavior\ParseTemplateBehavior [ RunTime:0.024002s ]
INFO: [ view_parse ] --END-- [ RunTime:0.024002s ]
INFO: [ view_filter ] --START--
INFO: Run Behavior\WriteHtmlCacheBehavior [ RunTime:0.001000s ]
INFO: [ view_filter ] --END-- [ RunTime:0.001000s ]
INFO: [ app_end ] --START--
INFO: Run Behavior\ShowPageTraceBehavior [ RunTime:0.001000s ]
INFO: [ app_end ] --END-- [ RunTime:0.001000s ]

[ 2016-11-24T16:02:55+08:00 ] ::1 /BdNovel/index.php/Home/Product/index.html
ERR: Think\Controller:getReadername方法不存在！

[ 2016-11-24T16:03:25+08:00 ] ::1 /BdNovel/index.php/Home/Product/index.html
ERR: Think\Controller:getReadername方法不存在！

[ 2016-11-24T16:07:11+08:00 ] ::1 /BdNovel/index.php/Home/Product/index.html
ERR: Think\Controller:getReadername方法不存在！

[ 2016-11-24T16:08:04+08:00 ] ::1 /BdNovel/index.php/Home/Product/index.html
ERR: Think\Controller:getReadername方法不存在！

[ 2016-11-24T16:09:31+08:00 ] ::1 /BdNovel/index.php/Home/Person/order.html
ERR: Think\Controller:getReadername方法不存在！

[ 2016-11-24T16:10:55+08:00 ] ::1 /BdNovel/index.php/Home/Product/cate.html?id=13&condition=price&p=2
INFO: [ app_begin ] --START--
INFO: Run Behavior\ReadHtmlCacheBehavior [ RunTime:0.000000s ]
INFO: [ app_begin ] --END-- [ RunTime:0.002000s ]
SQL: SHOW COLUMNS FROM `bd_reader` [ RunTime:0.0130s ]
SQL: SELECT * FROM `bd_reader` WHERE `id` = 1 LIMIT 1   [ RunTime:0.0010s ]
SQL: SHOW COLUMNS FROM `bd_shopcar` [ RunTime:0.0010s ]
SQL: SELECT COUNT(*) AS tp_count FROM `bd_shopcar` WHERE `readerid` = 1 LIMIT 1   [ RunTime:0.0000s ]
SQL: SHOW COLUMNS FROM `bd_cate` [ RunTime:0.0010s ]
SQL: SELECT * FROM `bd_cate` WHERE `id` = 13 LIMIT 1   [ RunTime:0.0000s ]
SQL: SHOW COLUMNS FROM `bd_book` [ RunTime:0.0010s ]
SQL: SELECT * FROM `bd_cate` WHERE `pid` = 13  [ RunTime:0.0010s ]
SQL: SHOW COLUMNS FROM `bd_book` [ RunTime:0.0010s ]
SQL: SELECT b.id,b.bookpic,b.price,b.bookname FROM bd_book b,bd_cate c WHERE (  c.pid=13 ) AND ( c.id=b.cateid ) ORDER BY b.price LIMIT 6,6   [ RunTime:0.0000s ]
SQL: SHOW COLUMNS FROM `bd_book` [ RunTime:0.0000s ]
SQL: SELECT COUNT(*) AS tp_count FROM bd_book b,bd_cate c WHERE (  c.pid=13 ) AND ( c.id=b.cateid ) LIMIT 1   [ RunTime:0.0000s ]
NOTIC: [8] Undefined variable: ptype C:\wamp\www\BdNovel\Application\Home\Controller\ProductController.class.php 第 72 行.
INFO: [ view_parse ] --START--
INFO: [ template_filter ] --START--
INFO: Run Behavior\ContentReplaceBehavior [ RunTime:0.000000s ]
INFO: [ template_filter ] --END-- [ RunTime:0.000000s ]
INFO: Run Behavior\ParseTemplateBehavior [ RunTime:0.021001s ]
INFO: [ view_parse ] --END-- [ RunTime:0.021001s ]
INFO: [ view_filter ] --START--
INFO: Run Behavior\WriteHtmlCacheBehavior [ RunTime:0.000000s ]
INFO: [ view_filter ] --END-- [ RunTime:0.000000s ]
INFO: [ app_end ] --START--
INFO: Run Behavior\ShowPageTraceBehavior [ RunTime:0.001000s ]
INFO: [ app_end ] --END-- [ RunTime:0.001000s ]

[ 2016-11-24T16:10:57+08:00 ] ::1 /BdNovel/index.php/Home/Product/cate.html?id=13&condition=price&p=1
INFO: [ app_begin ] --START--
INFO: Run Behavior\ReadHtmlCacheBehavior [ RunTime:0.001000s ]
INFO: [ app_begin ] --END-- [ RunTime:0.002000s ]
SQL: SHOW COLUMNS FROM `bd_reader` [ RunTime:0.0010s ]
SQL: SELECT * FROM `bd_reader` WHERE `id` = 1 LIMIT 1   [ RunTime:0.0000s ]
SQL: SHOW COLUMNS FROM `bd_shopcar` [ RunTime:0.0010s ]
SQL: SELECT COUNT(*) AS tp_count FROM `bd_shopcar` WHERE `readerid` = 1 LIMIT 1   [ RunTime:0.0000s ]
SQL: SHOW COLUMNS FROM `bd_cate` [ RunTime:0.0040s ]
SQL: SELECT * FROM `bd_cate` WHERE `id` = 13 LIMIT 1   [ RunTime:0.0010s ]
SQL: SHOW COLUMNS FROM `bd_book` [ RunTime:0.0010s ]
SQL: SELECT * FROM `bd_cate` WHERE `pid` = 13  [ RunTime:0.0010s ]
SQL: SHOW COLUMNS FROM `bd_book` [ RunTime:0.0010s ]
SQL: SELECT b.id,b.bookpic,b.price,b.bookname FROM bd_book b,bd_cate c WHERE (  c.pid=13 ) AND ( c.id=b.cateid ) ORDER BY b.price LIMIT 0,6   [ RunTime:0.0000s ]
SQL: SHOW COLUMNS FROM `bd_book` [ RunTime:0.0010s ]
SQL: SELECT COUNT(*) AS tp_count FROM bd_book b,bd_cate c WHERE (  c.pid=13 ) AND ( c.id=b.cateid ) LIMIT 1   [ RunTime:0.0010s ]
NOTIC: [8] Undefined variable: ptype C:\wamp\www\BdNovel\Application\Home\Controller\ProductController.class.php 第 72 行.
INFO: [ view_parse ] --START--
INFO: [ template_filter ] --START--
INFO: Run Behavior\ContentReplaceBehavior [ RunTime:0.000000s ]
INFO: [ template_filter ] --END-- [ RunTime:0.001001s ]
INFO: Run Behavior\ParseTemplateBehavior [ RunTime:0.026001s ]
INFO: [ view_parse ] --END-- [ RunTime:0.026001s ]
INFO: [ view_filter ] --START--
INFO: Run Behavior\WriteHtmlCacheBehavior [ RunTime:0.001000s ]
INFO: [ view_filter ] --END-- [ RunTime:0.001000s ]
INFO: [ app_end ] --START--
INFO: Run Behavior\ShowPageTraceBehavior [ RunTime:0.002000s ]
INFO: [ app_end ] --END-- [ RunTime:0.002000s ]

[ 2016-11-24T21:29:31+08:00 ] ::1 /BdNovel/index.php/Home/Detail/look.html?id=45&chapternum=3&p=2
INFO: [ app_begin ] --START--
INFO: Run Behavior\ReadHtmlCacheBehavior [ RunTime:0.002000s ]
INFO: [ app_begin ] --END-- [ RunTime:0.003001s ]
SQL: SHOW COLUMNS FROM `bd_reader` [ RunTime:0.0400s ]
SQL: SELECT * FROM `bd_reader` WHERE `id` = 3 LIMIT 1   [ RunTime:0.0070s ]
SQL: SHOW COLUMNS FROM `bd_shopcar` [ RunTime:0.0010s ]
SQL: SELECT COUNT(*) AS tp_count FROM `bd_shopcar` WHERE `readerid` = 3 LIMIT 1   [ RunTime:0.0040s ]
SQL: SHOW COLUMNS FROM `bd_bookshelf` [ RunTime:0.0070s ]
SQL: SELECT * FROM `bd_bookshelf` WHERE `readerid` = 3 AND `bookid` = 45 AND `status` = '0' LIMIT 1   [ RunTime:0.0090s ]
SQL: SHOW COLUMNS FROM `bd_book` [ RunTime:0.0020s ]
SQL: SELECT * FROM `bd_book` WHERE `id` = 45  [ RunTime:0.0010s ]
INFO: [ view_parse ] --START--
INFO: [ template_filter ] --START--
INFO: Run Behavior\ContentReplaceBehavior [ RunTime:0.000000s ]
INFO: [ template_filter ] --END-- [ RunTime:0.000000s ]
INFO: Run Behavior\ParseTemplateBehavior [ RunTime:0.026001s ]
INFO: [ view_parse ] --END-- [ RunTime:0.026001s ]
INFO: [ view_filter ] --START--
INFO: Run Behavior\WriteHtmlCacheBehavior [ RunTime:0.000000s ]
INFO: [ view_filter ] --END-- [ RunTime:0.000000s ]
INFO: [ app_end ] --START--
INFO: Run Behavior\ShowPageTraceBehavior [ RunTime:0.002000s ]
INFO: [ app_end ] --END-- [ RunTime:0.002000s ]

[ 2016-11-24T21:29:32+08:00 ] ::1 /BdNovel/index.php/Home/Detail/look.html?id=45&chapternum=3&p=3
INFO: [ app_begin ] --START--
INFO: Run Behavior\ReadHtmlCacheBehavior [ RunTime:0.001000s ]
INFO: [ app_begin ] --END-- [ RunTime:0.002000s ]
SQL: SHOW COLUMNS FROM `bd_reader` [ RunTime:0.0120s ]
SQL: SELECT * FROM `bd_reader` WHERE `id` = 3 LIMIT 1   [ RunTime:0.0100s ]
SQL: SHOW COLUMNS FROM `bd_shopcar` [ RunTime:0.0010s ]
SQL: SELECT COUNT(*) AS tp_count FROM `bd_shopcar` WHERE `readerid` = 3 LIMIT 1   [ RunTime:0.0000s ]
SQL: SHOW COLUMNS FROM `bd_bookshelf` [ RunTime:0.0250s ]
SQL: SELECT * FROM `bd_bookshelf` WHERE `readerid` = 3 AND `bookid` = 45 AND `status` = '0' LIMIT 1   [ RunTime:0.0120s ]
SQL: SHOW COLUMNS FROM `bd_book` [ RunTime:0.0160s ]
SQL: SELECT * FROM `bd_book` WHERE `id` = 45  [ RunTime:0.0090s ]
INFO: [ view_parse ] --START--
INFO: [ template_filter ] --START--
INFO: Run Behavior\ContentReplaceBehavior [ RunTime:0.000000s ]
INFO: [ template_filter ] --END-- [ RunTime:0.000000s ]
INFO: Run Behavior\ParseTemplateBehavior [ RunTime:0.023002s ]
INFO: [ view_parse ] --END-- [ RunTime:0.023002s ]
INFO: [ view_filter ] --START--
INFO: Run Behavior\WriteHtmlCacheBehavior [ RunTime:0.001000s ]
INFO: [ view_filter ] --END-- [ RunTime:0.001000s ]
INFO: [ app_end ] --START--
INFO: Run Behavior\ShowPageTraceBehavior [ RunTime:0.002000s ]
INFO: [ app_end ] --END-- [ RunTime:0.002000s ]

[ 2016-11-24T21:29:33+08:00 ] ::1 /BdNovel/index.php/Home/Detail/look.html?id=45&chapternum=3&p=4
INFO: [ app_begin ] --START--
INFO: Run Behavior\ReadHtmlCacheBehavior [ RunTime:0.001000s ]
INFO: [ app_begin ] --END-- [ RunTime:0.001000s ]
SQL: SHOW COLUMNS FROM `bd_reader` [ RunTime:0.0300s ]
SQL: SELECT * FROM `bd_reader` WHERE `id` = 3 LIMIT 1   [ RunTime:0.0050s ]
SQL: SHOW COLUMNS FROM `bd_shopcar` [ RunTime:0.0010s ]
SQL: SELECT COUNT(*) AS tp_count FROM `bd_shopcar` WHERE `readerid` = 3 LIMIT 1   [ RunTime:0.0000s ]
SQL: SHOW COLUMNS FROM `bd_bookshelf` [ RunTime:0.0020s ]
SQL: SELECT * FROM `bd_bookshelf` WHERE `readerid` = 3 AND `bookid` = 45 AND `status` = '0' LIMIT 1   [ RunTime:0.0110s ]
SQL: SHOW COLUMNS FROM `bd_book` [ RunTime:0.0020s ]
SQL: SELECT * FROM `bd_book` WHERE `id` = 45  [ RunTime:0.0020s ]
INFO: [ view_parse ] --START--
INFO: [ template_filter ] --START--
INFO: Run Behavior\ContentReplaceBehavior [ RunTime:0.000000s ]
INFO: [ template_filter ] --END-- [ RunTime:0.000000s ]
INFO: Run Behavior\ParseTemplateBehavior [ RunTime:0.012001s ]
INFO: [ view_parse ] --END-- [ RunTime:0.012001s ]
INFO: [ view_filter ] --START--
INFO: Run Behavior\WriteHtmlCacheBehavior [ RunTime:0.000000s ]
INFO: [ view_filter ] --END-- [ RunTime:0.000000s ]
INFO: [ app_end ] --START--
INFO: Run Behavior\ShowPageTraceBehavior [ RunTime:0.000000s ]
INFO: [ app_end ] --END-- [ RunTime:0.000000s ]

[ 2016-11-24T21:29:33+08:00 ] ::1 /BdNovel/index.php/Home/Detail/look.html?id=45&chapternum=3&p=5
INFO: [ app_begin ] --START--
INFO: Run Behavior\ReadHtmlCacheBehavior [ RunTime:0.001000s ]
INFO: [ app_begin ] --END-- [ RunTime:0.002000s ]
SQL: SHOW COLUMNS FROM `bd_reader` [ RunTime:0.0170s ]
SQL: SELECT * FROM `bd_reader` WHERE `id` = 3 LIMIT 1   [ RunTime:0.0010s ]
SQL: SHOW COLUMNS FROM `bd_shopcar` [ RunTime:0.0000s ]
SQL: SELECT COUNT(*) AS tp_count FROM `bd_shopcar` WHERE `readerid` = 3 LIMIT 1   [ RunTime:0.0070s ]
SQL: SHOW COLUMNS FROM `bd_bookshelf` [ RunTime:0.0010s ]
SQL: SELECT * FROM `bd_bookshelf` WHERE `readerid` = 3 AND `bookid` = 45 AND `status` = '0' LIMIT 1   [ RunTime:0.0010s ]
SQL: SHOW COLUMNS FROM `bd_book` [ RunTime:0.0020s ]
SQL: SELECT * FROM `bd_book` WHERE `id` = 45  [ RunTime:0.0090s ]
INFO: [ view_parse ] --START--
INFO: [ template_filter ] --START--
INFO: Run Behavior\ContentReplaceBehavior [ RunTime:0.000000s ]
INFO: [ template_filter ] --END-- [ RunTime:0.000000s ]
INFO: Run Behavior\ParseTemplateBehavior [ RunTime:0.013001s ]
INFO: [ view_parse ] --END-- [ RunTime:0.013001s ]
INFO: [ view_filter ] --START--
INFO: Run Behavior\WriteHtmlCacheBehavior [ RunTime:0.000000s ]
INFO: [ view_filter ] --END-- [ RunTime:0.000000s ]
INFO: [ app_end ] --START--
INFO: Run Behavior\ShowPageTraceBehavior [ RunTime:0.001000s ]
INFO: [ app_end ] --END-- [ RunTime:0.001000s ]

[ 2016-11-24T21:29:33+08:00 ] ::1 /BdNovel/index.php/Home/Detail/look.html?id=45&chapternum=3&p=5
INFO: [ app_begin ] --START--
INFO: Run Behavior\ReadHtmlCacheBehavior [ RunTime:0.001000s ]
INFO: [ app_begin ] --END-- [ RunTime:0.001000s ]
SQL: SHOW COLUMNS FROM `bd_reader` [ RunTime:0.0020s ]
SQL: SELECT * FROM `bd_reader` WHERE `id` = 3 LIMIT 1   [ RunTime:0.0010s ]
SQL: SHOW COLUMNS FROM `bd_shopcar` [ RunTime:0.0010s ]
SQL: SELECT COUNT(*) AS tp_count FROM `bd_shopcar` WHERE `readerid` = 3 LIMIT 1   [ RunTime:0.0000s ]
SQL: SHOW COLUMNS FROM `bd_bookshelf` [ RunTime:0.0080s ]
SQL: SELECT * FROM `bd_bookshelf` WHERE `readerid` = 3 AND `bookid` = 45 AND `status` = '0' LIMIT 1   [ RunTime:0.0010s ]
SQL: SHOW COLUMNS FROM `bd_book` [ RunTime:0.0020s ]
SQL: SELECT * FROM `bd_book` WHERE `id` = 45  [ RunTime:0.0010s ]
INFO: [ view_parse ] --START--
INFO: [ template_filter ] --START--
INFO: Run Behavior\ContentReplaceBehavior [ RunTime:0.001000s ]
INFO: [ template_filter ] --END-- [ RunTime:0.001000s ]
INFO: Run Behavior\ParseTemplateBehavior [ RunTime:0.021001s ]
INFO: [ view_parse ] --END-- [ RunTime:0.021001s ]
INFO: [ view_filter ] --START--
INFO: Run Behavior\WriteHtmlCacheBehavior [ RunTime:0.001000s ]
INFO: [ view_filter ] --END-- [ RunTime:0.001000s ]
INFO: [ app_end ] --START--
INFO: Run Behavior\ShowPageTraceBehavior [ RunTime:0.001000s ]
INFO: [ app_end ] --END-- [ RunTime:0.001000s ]

[ 2016-11-24T21:29:35+08:00 ] ::1 /BdNovel/index.php/Home/Detail/look.html?id=45&chapternum=3&p=3
INFO: [ app_begin ] --START--
INFO: Run Behavior\ReadHtmlCacheBehavior [ RunTime:0.001000s ]
INFO: [ app_begin ] --END-- [ RunTime:0.002000s ]
SQL: SHOW COLUMNS FROM `bd_reader` [ RunTime:0.0370s ]
SQL: SELECT * FROM `bd_reader` WHERE `id` = 3 LIMIT 1   [ RunTime:0.0000s ]
SQL: SHOW COLUMNS FROM `bd_shopcar` [ RunTime:0.0010s ]
SQL: SELECT COUNT(*) AS tp_count FROM `bd_shopcar` WHERE `readerid` = 3 LIMIT 1   [ RunTime:0.0000s ]
SQL: SHOW COLUMNS FROM `bd_bookshelf` [ RunTime:0.0020s ]
SQL: SELECT * FROM `bd_bookshelf` WHERE `readerid` = 3 AND `bookid` = 45 AND `status` = '0' LIMIT 1   [ RunTime:0.0010s ]
SQL: SHOW COLUMNS FROM `bd_book` [ RunTime:0.0020s ]
SQL: SELECT * FROM `bd_book` WHERE `id` = 45  [ RunTime:0.0000s ]
INFO: [ view_parse ] --START--
INFO: [ template_filter ] --START--
INFO: Run Behavior\ContentReplaceBehavior [ RunTime:0.001000s ]
INFO: [ template_filter ] --END-- [ RunTime:0.001000s ]
INFO: Run Behavior\ParseTemplateBehavior [ RunTime:0.021001s ]
INFO: [ view_parse ] --END-- [ RunTime:0.021001s ]
INFO: [ view_filter ] --START--
INFO: Run Behavior\WriteHtmlCacheBehavior [ RunTime:0.000000s ]
INFO: [ view_filter ] --END-- [ RunTime:0.000000s ]
INFO: [ app_end ] --START--
INFO: Run Behavior\ShowPageTraceBehavior [ RunTime:0.001000s ]
INFO: [ app_end ] --END-- [ RunTime:0.001000s ]

[ 2016-11-24T21:29:35+08:00 ] ::1 /BdNovel/index.php/Home/Detail/look.html?id=45&chapternum=3&p=3
INFO: [ app_begin ] --START--
INFO: Run Behavior\ReadHtmlCacheBehavior [ RunTime:0.000000s ]
INFO: [ app_begin ] --END-- [ RunTime:0.001000s ]
SQL: SHOW COLUMNS FROM `bd_reader` [ RunTime:0.0270s ]
SQL: SELECT * FROM `bd_reader` WHERE `id` = 3 LIMIT 1   [ RunTime:0.0000s ]
SQL: SHOW COLUMNS FROM `bd_shopcar` [ RunTime:0.0010s ]
SQL: SELECT COUNT(*) AS tp_count FROM `bd_shopcar` WHERE `readerid` = 3 LIMIT 1   [ RunTime:0.0010s ]
SQL: SHOW COLUMNS FROM `bd_bookshelf` [ RunTime:0.0020s ]
SQL: SELECT * FROM `bd_bookshelf` WHERE `readerid` = 3 AND `bookid` = 45 AND `status` = '0' LIMIT 1   [ RunTime:0.0010s ]
SQL: SHOW COLUMNS FROM `bd_book` [ RunTime:0.0020s ]
SQL: SELECT * FROM `bd_book` WHERE `id` = 45  [ RunTime:0.0120s ]
INFO: [ view_parse ] --START--
INFO: [ template_filter ] --START--
INFO: Run Behavior\ContentReplaceBehavior [ RunTime:0.000000s ]
INFO: [ template_filter ] --END-- [ RunTime:0.000000s ]
INFO: Run Behavior\ParseTemplateBehavior [ RunTime:0.014001s ]
INFO: [ view_parse ] --END-- [ RunTime:0.014001s ]
INFO: [ view_filter ] --START--
INFO: Run Behavior\WriteHtmlCacheBehavior [ RunTime:0.001000s ]
INFO: [ view_filter ] --END-- [ RunTime:0.001000s ]
INFO: [ app_end ] --START--
INFO: Run Behavior\ShowPageTraceBehavior [ RunTime:0.001000s ]
INFO: [ app_end ] --END-- [ RunTime:0.001000s ]

[ 2016-11-24T21:29:36+08:00 ] ::1 /BdNovel/index.php/Home/Detail/look.html?id=45&chapternum=3&p=2
INFO: [ app_begin ] --START--
INFO: Run Behavior\ReadHtmlCacheBehavior [ RunTime:0.000000s ]
INFO: [ app_begin ] --END-- [ RunTime:0.001000s ]
SQL: SHOW COLUMNS FROM `bd_reader` [ RunTime:0.0260s ]
SQL: SELECT * FROM `bd_reader` WHERE `id` = 3 LIMIT 1   [ RunTime:0.0080s ]
SQL: SHOW COLUMNS FROM `bd_shopcar` [ RunTime:0.0000s ]
SQL: SELECT COUNT(*) AS tp_count FROM `bd_shopcar` WHERE `readerid` = 3 LIMIT 1   [ RunTime:0.0060s ]
SQL: SHOW COLUMNS FROM `bd_bookshelf` [ RunTime:0.0020s ]
SQL: SELECT * FROM `bd_bookshelf` WHERE `readerid` = 3 AND `bookid` = 45 AND `status` = '0' LIMIT 1   [ RunTime:0.0010s ]
SQL: SHOW COLUMNS FROM `bd_book` [ RunTime:0.0020s ]
SQL: SELECT * FROM `bd_book` WHERE `id` = 45  [ RunTime:0.0000s ]
INFO: [ view_parse ] --START--
INFO: [ template_filter ] --START--
INFO: Run Behavior\ContentReplaceBehavior [ RunTime:0.000000s ]
INFO: [ template_filter ] --END-- [ RunTime:0.000000s ]
INFO: Run Behavior\ParseTemplateBehavior [ RunTime:0.024002s ]
INFO: [ view_parse ] --END-- [ RunTime:0.024002s ]
INFO: [ view_filter ] --START--
INFO: Run Behavior\WriteHtmlCacheBehavior [ RunTime:0.001000s ]
INFO: [ view_filter ] --END-- [ RunTime:0.001000s ]
INFO: [ app_end ] --START--
INFO: Run Behavior\ShowPageTraceBehavior [ RunTime:0.002000s ]
INFO: [ app_end ] --END-- [ RunTime:0.002000s ]

[ 2016-11-24T21:29:36+08:00 ] ::1 /BdNovel/index.php/Home/Detail/look.html?id=45&chapternum=3&p=2
INFO: [ app_begin ] --START--
INFO: Run Behavior\ReadHtmlCacheBehavior [ RunTime:0.001000s ]
INFO: [ app_begin ] --END-- [ RunTime:0.001000s ]
SQL: SHOW COLUMNS FROM `bd_reader` [ RunTime:0.0220s ]
SQL: SELECT * FROM `bd_reader` WHERE `id` = 3 LIMIT 1   [ RunTime:0.0000s ]
SQL: SHOW COLUMNS FROM `bd_shopcar` [ RunTime:0.0010s ]
SQL: SELECT COUNT(*) AS tp_count FROM `bd_shopcar` WHERE `readerid` = 3 LIMIT 1   [ RunTime:0.0010s ]
SQL: SHOW COLUMNS FROM `bd_bookshelf` [ RunTime:0.0010s ]
SQL: SELECT * FROM `bd_bookshelf` WHERE `readerid` = 3 AND `bookid` = 45 AND `status` = '0' LIMIT 1   [ RunTime:0.0010s ]
SQL: SHOW COLUMNS FROM `bd_book` [ RunTime:0.0240s ]
SQL: SELECT * FROM `bd_book` WHERE `id` = 45  [ RunTime:0.0070s ]
INFO: [ view_parse ] --START--
INFO: [ template_filter ] --START--
INFO: Run Behavior\ContentReplaceBehavior [ RunTime:0.000000s ]
INFO: [ template_filter ] --END-- [ RunTime:0.000000s ]
INFO: Run Behavior\ParseTemplateBehavior [ RunTime:0.008000s ]
INFO: [ view_parse ] --END-- [ RunTime:0.008000s ]
INFO: [ view_filter ] --START--
INFO: Run Behavior\WriteHtmlCacheBehavior [ RunTime:0.000000s ]
INFO: [ view_filter ] --END-- [ RunTime:0.000000s ]
INFO: [ app_end ] --START--
INFO: Run Behavior\ShowPageTraceBehavior [ RunTime:0.000000s ]
INFO: [ app_end ] --END-- [ RunTime:0.000000s ]

[ 2016-11-24T21:29:37+08:00 ] ::1 /BdNovel/index.php/Home/Detail/look.html?id=45&chapternum=3&p=2
INFO: [ app_begin ] --START--
INFO: Run Behavior\ReadHtmlCacheBehavior [ RunTime:0.001000s ]
INFO: [ app_begin ] --END-- [ RunTime:0.001000s ]
SQL: SHOW COLUMNS FROM `bd_reader` [ RunTime:0.0020s ]
SQL: SELECT * FROM `bd_reader` WHERE `id` = 3 LIMIT 1   [ RunTime:0.0010s ]
SQL: SHOW COLUMNS FROM `bd_shopcar` [ RunTime:0.0010s ]
SQL: SELECT COUNT(*) AS tp_count FROM `bd_shopcar` WHERE `readerid` = 3 LIMIT 1   [ RunTime:0.0010s ]
SQL: SHOW COLUMNS FROM `bd_bookshelf` [ RunTime:0.0010s ]
SQL: SELECT * FROM `bd_bookshelf` WHERE `readerid` = 3 AND `bookid` = 45 AND `status` = '0' LIMIT 1   [ RunTime:0.0160s ]
SQL: SHOW COLUMNS FROM `bd_book` [ RunTime:0.0010s ]
SQL: SELECT * FROM `bd_book` WHERE `id` = 45  [ RunTime:0.0040s ]
INFO: [ view_parse ] --START--
INFO: [ template_filter ] --START--
INFO: Run Behavior\ContentReplaceBehavior [ RunTime:0.000000s ]
INFO: [ template_filter ] --END-- [ RunTime:0.000000s ]
INFO: Run Behavior\ParseTemplateBehavior [ RunTime:0.009001s ]
INFO: [ view_parse ] --END-- [ RunTime:0.009001s ]
INFO: [ view_filter ] --START--
INFO: Run Behavior\WriteHtmlCacheBehavior [ RunTime:0.001000s ]
INFO: [ view_filter ] --END-- [ RunTime:0.001000s ]
INFO: [ app_end ] --START--
INFO: Run Behavior\ShowPageTraceBehavior [ RunTime:0.001000s ]
INFO: [ app_end ] --END-- [ RunTime:0.001000s ]

[ 2016-11-24T21:29:37+08:00 ] ::1 /BdNovel/index.php/Home/Detail/look.html?id=45&chapternum=3&p=2
INFO: [ app_begin ] --START--
INFO: Run Behavior\ReadHtmlCacheBehavior [ RunTime:0.001000s ]
INFO: [ app_begin ] --END-- [ RunTime:0.001000s ]
SQL: SHOW COLUMNS FROM `bd_reader` [ RunTime:0.0220s ]
SQL: SELECT * FROM `bd_reader` WHERE `id` = 3 LIMIT 1   [ RunTime:0.0010s ]
SQL: SHOW COLUMNS FROM `bd_shopcar` [ RunTime:0.0000s ]
SQL: SELECT COUNT(*) AS tp_count FROM `bd_shopcar` WHERE `readerid` = 3 LIMIT 1   [ RunTime:0.0080s ]
SQL: SHOW COLUMNS FROM `bd_bookshelf` [ RunTime:0.0060s ]
SQL: SELECT * FROM `bd_bookshelf` WHERE `readerid` = 3 AND `bookid` = 45 AND `status` = '0' LIMIT 1   [ RunTime:0.0010s ]
SQL: SHOW COLUMNS FROM `bd_book` [ RunTime:0.0140s ]
SQL: SELECT * FROM `bd_book` WHERE `id` = 45  [ RunTime:0.0010s ]
INFO: [ view_parse ] --START--
INFO: [ template_filter ] --START--
INFO: Run Behavior\ContentReplaceBehavior [ RunTime:0.000000s ]
INFO: [ template_filter ] --END-- [ RunTime:0.000000s ]
INFO: Run Behavior\ParseTemplateBehavior [ RunTime:0.009000s ]
INFO: [ view_parse ] --END-- [ RunTime:0.009000s ]
INFO: [ view_filter ] --START--
INFO: Run Behavior\WriteHtmlCacheBehavior [ RunTime:0.000000s ]
INFO: [ view_filter ] --END-- [ RunTime:0.000000s ]
INFO: [ app_end ] --START--
INFO: Run Behavior\ShowPageTraceBehavior [ RunTime:0.000000s ]
INFO: [ app_end ] --END-- [ RunTime:0.000000s ]

[ 2016-11-24T21:29:37+08:00 ] ::1 /BdNovel/index.php/Home/Detail/look.html?id=45&chapternum=3&p=2
INFO: [ app_begin ] --START--
INFO: Run Behavior\ReadHtmlCacheBehavior [ RunTime:0.001000s ]
INFO: [ app_begin ] --END-- [ RunTime:0.001000s ]
SQL: SHOW COLUMNS FROM `bd_reader` [ RunTime:0.0280s ]
SQL: SELECT * FROM `bd_reader` WHERE `id` = 3 LIMIT 1   [ RunTime:0.0010s ]
SQL: SHOW COLUMNS FROM `bd_shopcar` [ RunTime:0.0010s ]
SQL: SELECT COUNT(*) AS tp_count FROM `bd_shopcar` WHERE `readerid` = 3 LIMIT 1   [ RunTime:0.0170s ]
SQL: SHOW COLUMNS FROM `bd_bookshelf` [ RunTime:0.2650s ]
SQL: SELECT * FROM `bd_bookshelf` WHERE `readerid` = 3 AND `bookid` = 45 AND `status` = '0' LIMIT 1   [ RunTime:0.0010s ]
SQL: SHOW COLUMNS FROM `bd_book` [ RunTime:0.0020s ]
SQL: SELECT * FROM `bd_book` WHERE `id` = 45  [ RunTime:0.0070s ]
INFO: [ view_parse ] --START--
INFO: [ template_filter ] --START--
INFO: Run Behavior\ContentReplaceBehavior [ RunTime:0.001000s ]
INFO: [ template_filter ] --END-- [ RunTime:0.001000s ]
INFO: Run Behavior\ParseTemplateBehavior [ RunTime:0.023002s ]
INFO: [ view_parse ] --END-- [ RunTime:0.023002s ]
INFO: [ view_filter ] --START--
INFO: Run Behavior\WriteHtmlCacheBehavior [ RunTime:0.001000s ]
INFO: [ view_filter ] --END-- [ RunTime:0.001000s ]
INFO: [ app_end ] --START--
INFO: Run Behavior\ShowPageTraceBehavior [ RunTime:0.001000s ]
INFO: [ app_end ] --END-- [ RunTime:0.001000s ]

[ 2016-11-24T21:29:38+08:00 ] ::1 /BdNovel/index.php/Home/Detail/look.html?id=45&chapternum=3&p=1
INFO: [ app_begin ] --START--
INFO: Run Behavior\ReadHtmlCacheBehavior [ RunTime:0.001000s ]
INFO: [ app_begin ] --END-- [ RunTime:0.002000s ]
SQL: SHOW COLUMNS FROM `bd_reader` [ RunTime:0.0300s ]
SQL: SELECT * FROM `bd_reader` WHERE `id` = 3 LIMIT 1   [ RunTime:0.0080s ]
SQL: SHOW COLUMNS FROM `bd_shopcar` [ RunTime:0.0110s ]
SQL: SELECT COUNT(*) AS tp_count FROM `bd_shopcar` WHERE `readerid` = 3 LIMIT 1   [ RunTime:0.0090s ]
SQL: SHOW COLUMNS FROM `bd_bookshelf` [ RunTime:0.0030s ]
SQL: SELECT * FROM `bd_bookshelf` WHERE `readerid` = 3 AND `bookid` = 45 AND `status` = '0' LIMIT 1   [ RunTime:0.0020s ]
SQL: SHOW COLUMNS FROM `bd_book` [ RunTime:0.0160s ]
SQL: SELECT * FROM `bd_book` WHERE `id` = 45  [ RunTime:0.0010s ]
INFO: [ view_parse ] --START--
INFO: [ template_filter ] --START--
INFO: Run Behavior\ContentReplaceBehavior [ RunTime:0.000000s ]
INFO: [ template_filter ] --END-- [ RunTime:0.000000s ]
INFO: Run Behavior\ParseTemplateBehavior [ RunTime:0.081005s ]
INFO: [ view_parse ] --END-- [ RunTime:0.082005s ]
INFO: [ view_filter ] --START--
INFO: Run Behavior\WriteHtmlCacheBehavior [ RunTime:0.001000s ]
INFO: [ view_filter ] --END-- [ RunTime:0.001000s ]
INFO: [ app_end ] --START--
INFO: Run Behavior\ShowPageTraceBehavior [ RunTime:0.001000s ]
INFO: [ app_end ] --END-- [ RunTime:0.002000s ]

[ 2016-11-24T21:29:38+08:00 ] ::1 /BdNovel/index.php/Home/Detail/look.html?id=45&chapternum=3&p=1
INFO: [ app_begin ] --START--
INFO: Run Behavior\ReadHtmlCacheBehavior [ RunTime:0.000000s ]
INFO: [ app_begin ] --END-- [ RunTime:0.001000s ]
SQL: SHOW COLUMNS FROM `bd_reader` [ RunTime:0.0480s ]
SQL: SELECT * FROM `bd_reader` WHERE `id` = 3 LIMIT 1   [ RunTime:0.0010s ]
SQL: SHOW COLUMNS FROM `bd_shopcar` [ RunTime:0.0010s ]
SQL: SELECT COUNT(*) AS tp_count FROM `bd_shopcar` WHERE `readerid` = 3 LIMIT 1   [ RunTime:0.0000s ]
SQL: SHOW COLUMNS FROM `bd_bookshelf` [ RunTime:0.0060s ]
SQL: SELECT * FROM `bd_bookshelf` WHERE `readerid` = 3 AND `bookid` = 45 AND `status` = '0' LIMIT 1   [ RunTime:0.0090s ]
SQL: SHOW COLUMNS FROM `bd_book` [ RunTime:0.0020s ]
SQL: SELECT * FROM `bd_book` WHERE `id` = 45  [ RunTime:0.0010s ]
INFO: [ view_parse ] --START--
INFO: [ template_filter ] --START--
INFO: Run Behavior\ContentReplaceBehavior [ RunTime:0.000000s ]
INFO: [ template_filter ] --END-- [ RunTime:0.000000s ]
INFO: Run Behavior\ParseTemplateBehavior [ RunTime:0.013001s ]
INFO: [ view_parse ] --END-- [ RunTime:0.013001s ]
INFO: [ view_filter ] --START--
INFO: Run Behavior\WriteHtmlCacheBehavior [ RunTime:0.001000s ]
INFO: [ view_filter ] --END-- [ RunTime:0.001000s ]
INFO: [ app_end ] --START--
INFO: Run Behavior\ShowPageTraceBehavior [ RunTime:0.001000s ]
INFO: [ app_end ] --END-- [ RunTime:0.001000s ]

[ 2016-11-24T21:29:38+08:00 ] ::1 /BdNovel/index.php/Home/Detail/look.html?id=45&chapternum=3&p=1
INFO: [ app_begin ] --START--
INFO: Run Behavior\ReadHtmlCacheBehavior [ RunTime:0.001000s ]
INFO: [ app_begin ] --END-- [ RunTime:0.001000s ]
SQL: SHOW COLUMNS FROM `bd_reader` [ RunTime:0.0110s ]
SQL: SELECT * FROM `bd_reader` WHERE `id` = 3 LIMIT 1   [ RunTime:0.0050s ]
SQL: SHOW COLUMNS FROM `bd_shopcar` [ RunTime:0.0080s ]
SQL: SELECT COUNT(*) AS tp_count FROM `bd_shopcar` WHERE `readerid` = 3 LIMIT 1   [ RunTime:0.0010s ]
SQL: SHOW COLUMNS FROM `bd_bookshelf` [ RunTime:0.0170s ]
SQL: SELECT * FROM `bd_bookshelf` WHERE `readerid` = 3 AND `bookid` = 45 AND `status` = '0' LIMIT 1   [ RunTime:0.0000s ]
SQL: SHOW COLUMNS FROM `bd_book` [ RunTime:0.0220s ]
SQL: SELECT * FROM `bd_book` WHERE `id` = 45  [ RunTime:0.0000s ]
INFO: [ view_parse ] --START--
INFO: [ template_filter ] --START--
INFO: Run Behavior\ContentReplaceBehavior [ RunTime:0.000000s ]
INFO: [ template_filter ] --END-- [ RunTime:0.000000s ]
INFO: Run Behavior\ParseTemplateBehavior [ RunTime:0.012001s ]
INFO: [ view_parse ] --END-- [ RunTime:0.012001s ]
INFO: [ view_filter ] --START--
INFO: Run Behavior\WriteHtmlCacheBehavior [ RunTime:0.000000s ]
INFO: [ view_filter ] --END-- [ RunTime:0.000000s ]
INFO: [ app_end ] --START--
INFO: Run Behavior\ShowPageTraceBehavior [ RunTime:0.000000s ]
INFO: [ app_end ] --END-- [ RunTime:0.000000s ]

