[ 2016-11-20T12:54:24+08:00 ] ::1 /BdNovel/index.php/Home/Product/index.html?id=undefined&condition=id&p=2
INFO: [ app_begin ] --START--
INFO: Run Behavior\ReadHtmlCacheBehavior [ RunTime:0.001000s ]
INFO: [ app_begin ] --END-- [ RunTime:0.001000s ]
SQL: SHOW COLUMNS FROM `bd_reader` [ RunTime:0.0020s ]
SQL: SELECT * FROM `bd_reader` WHERE `id` = 0 LIMIT 1   [ RunTime:0.0000s ]
SQL: SHOW COLUMNS FROM `bd_shopcar` [ RunTime:0.0020s ]
NOTIC: [8] Undefined index: reader_id C:\wamp\www\BdNovel\Application\Home\Controller\HomeController.class.php 第 11 行.
SQL: SELECT COUNT(*) AS tp_count FROM `bd_shopcar` WHERE `readerid` = null LIMIT 1   [ RunTime:0.0000s ]
SQL: SHOW COLUMNS FROM `bd_cate` [ RunTime:0.0020s ]
SQL: SELECT * FROM `bd_cate` WHERE `pid` = 0  [ RunTime:0.0000s ]
SQL: SELECT * FROM `bd_cate` WHERE `pid` = 13  [ RunTime:0.0000s ]
SQL: SELECT * FROM `bd_cate` WHERE `pid` = 19  [ RunTime:0.0000s ]
SQL: SELECT * FROM `bd_cate` WHERE `pid` = 23  [ RunTime:0.0000s ]
SQL: SELECT * FROM `bd_cate` WHERE `pid` = 28  [ RunTime:0.0000s ]
SQL: SELECT * FROM `bd_cate` WHERE `pid` = 33  [ RunTime:0.0000s ]
SQL: SHOW COLUMNS FROM `bd_book` [ RunTime:0.0030s ]
SQL: SELECT * FROM `bd_book` ORDER BY id desc LIMIT 6,6   [ RunTime:0.0010s ]
SQL: SELECT COUNT(*) AS tp_count FROM `bd_book` LIMIT 1   [ RunTime:0.0000s ]
INFO: [ view_parse ] --START--
INFO: [ template_filter ] --START--
INFO: Run Behavior\ContentReplaceBehavior [ RunTime:0.000000s ]
INFO: [ template_filter ] --END-- [ RunTime:0.000000s ]
NOTIC: [8] Undefined variable: status C:\wamp\www\BdNovel\Application\Runtime\Cache\Home\3458861da0342b1f9413030055ee3fb6.php 第 176 行.
NOTIC: [8] Undefined variable: status C:\wamp\www\BdNovel\Application\Runtime\Cache\Home\3458861da0342b1f9413030055ee3fb6.php 第 176 行.
NOTIC: [8] Undefined variable: status C:\wamp\www\BdNovel\Application\Runtime\Cache\Home\3458861da0342b1f9413030055ee3fb6.php 第 180 行.
NOTIC: [8] Undefined variable: status C:\wamp\www\BdNovel\Application\Runtime\Cache\Home\3458861da0342b1f9413030055ee3fb6.php 第 180 行.
NOTIC: [8] Undefined variable: status C:\wamp\www\BdNovel\Application\Runtime\Cache\Home\3458861da0342b1f9413030055ee3fb6.php 第 205 行.
NOTIC: [8] Undefined variable: status C:\wamp\www\BdNovel\Application\Runtime\Cache\Home\3458861da0342b1f9413030055ee3fb6.php 第 205 行.
NOTIC: [8] Undefined variable: hiddenid C:\wamp\www\BdNovel\Application\Runtime\Cache\Home\3458861da0342b1f9413030055ee3fb6.php 第 208 行.
NOTIC: [8] Undefined variable: hiddenid C:\wamp\www\BdNovel\Application\Runtime\Cache\Home\3458861da0342b1f9413030055ee3fb6.php 第 209 行.
NOTIC: [8] Undefined variable: hiddenid C:\wamp\www\BdNovel\Application\Runtime\Cache\Home\3458861da0342b1f9413030055ee3fb6.php 第 210 行.
NOTIC: [8] Undefined variable: hiddenid C:\wamp\www\BdNovel\Application\Runtime\Cache\Home\3458861da0342b1f9413030055ee3fb6.php 第 211 行.
INFO: Run Behavior\ParseTemplateBehavior [ RunTime:0.027002s ]
INFO: [ view_parse ] --END-- [ RunTime:0.027002s ]
INFO: [ view_filter ] --START--
INFO: Run Behavior\WriteHtmlCacheBehavior [ RunTime:0.001000s ]
INFO: [ view_filter ] --END-- [ RunTime:0.001000s ]
INFO: [ app_end ] --START--
INFO: Run Behavior\ShowPageTraceBehavior [ RunTime:0.001000s ]
INFO: [ app_end ] --END-- [ RunTime:0.001000s ]

[ 2016-11-20T12:54:25+08:00 ] ::1 /BdNovel/index.php/Home/Product/index.html?id=undefined&condition=id&p=1
INFO: [ app_begin ] --START--
INFO: Run Behavior\ReadHtmlCacheBehavior [ RunTime:0.000000s ]
INFO: [ app_begin ] --END-- [ RunTime:0.002000s ]
SQL: SHOW COLUMNS FROM `bd_reader` [ RunTime:0.0020s ]
SQL: SELECT * FROM `bd_reader` WHERE `id` = 0 LIMIT 1   [ RunTime:0.0000s ]
SQL: SHOW COLUMNS FROM `bd_shopcar` [ RunTime:0.0020s ]
NOTIC: [8] Undefined index: reader_id C:\wamp\www\BdNovel\Application\Home\Controller\HomeController.class.php 第 11 行.
SQL: SELECT COUNT(*) AS tp_count FROM `bd_shopcar` WHERE `readerid` = null LIMIT 1   [ RunTime:0.0000s ]
SQL: SHOW COLUMNS FROM `bd_cate` [ RunTime:0.0020s ]
SQL: SELECT * FROM `bd_cate` WHERE `pid` = 0  [ RunTime:0.0000s ]
SQL: SELECT * FROM `bd_cate` WHERE `pid` = 13  [ RunTime:0.0010s ]
SQL: SELECT * FROM `bd_cate` WHERE `pid` = 19  [ RunTime:0.0000s ]
SQL: SELECT * FROM `bd_cate` WHERE `pid` = 23  [ RunTime:0.0000s ]
SQL: SELECT * FROM `bd_cate` WHERE `pid` = 28  [ RunTime:0.0000s ]
SQL: SELECT * FROM `bd_cate` WHERE `pid` = 33  [ RunTime:0.0000s ]
SQL: SHOW COLUMNS FROM `bd_book` [ RunTime:0.0030s ]
SQL: SELECT * FROM `bd_book` ORDER BY id desc LIMIT 0,6   [ RunTime:0.0010s ]
SQL: SELECT COUNT(*) AS tp_count FROM `bd_book` LIMIT 1   [ RunTime:0.0000s ]
INFO: [ view_parse ] --START--
INFO: [ template_filter ] --START--
INFO: Run Behavior\ContentReplaceBehavior [ RunTime:0.001000s ]
INFO: [ template_filter ] --END-- [ RunTime:0.001000s ]
NOTIC: [8] Undefined variable: status C:\wamp\www\BdNovel\Application\Runtime\Cache\Home\3458861da0342b1f9413030055ee3fb6.php 第 176 行.
NOTIC: [8] Undefined variable: status C:\wamp\www\BdNovel\Application\Runtime\Cache\Home\3458861da0342b1f9413030055ee3fb6.php 第 176 行.
NOTIC: [8] Undefined variable: status C:\wamp\www\BdNovel\Application\Runtime\Cache\Home\3458861da0342b1f9413030055ee3fb6.php 第 180 行.
NOTIC: [8] Undefined variable: status C:\wamp\www\BdNovel\Application\Runtime\Cache\Home\3458861da0342b1f9413030055ee3fb6.php 第 180 行.
NOTIC: [8] Undefined variable: status C:\wamp\www\BdNovel\Application\Runtime\Cache\Home\3458861da0342b1f9413030055ee3fb6.php 第 205 行.
NOTIC: [8] Undefined variable: status C:\wamp\www\BdNovel\Application\Runtime\Cache\Home\3458861da0342b1f9413030055ee3fb6.php 第 205 行.
NOTIC: [8] Undefined variable: hiddenid C:\wamp\www\BdNovel\Application\Runtime\Cache\Home\3458861da0342b1f9413030055ee3fb6.php 第 208 行.
NOTIC: [8] Undefined variable: hiddenid C:\wamp\www\BdNovel\Application\Runtime\Cache\Home\3458861da0342b1f9413030055ee3fb6.php 第 209 行.
NOTIC: [8] Undefined variable: hiddenid C:\wamp\www\BdNovel\Application\Runtime\Cache\Home\3458861da0342b1f9413030055ee3fb6.php 第 210 行.
NOTIC: [8] Undefined variable: hiddenid C:\wamp\www\BdNovel\Application\Runtime\Cache\Home\3458861da0342b1f9413030055ee3fb6.php 第 211 行.
INFO: Run Behavior\ParseTemplateBehavior [ RunTime:0.025001s ]
INFO: [ view_parse ] --END-- [ RunTime:0.025001s ]
INFO: [ view_filter ] --START--
INFO: Run Behavior\WriteHtmlCacheBehavior [ RunTime:0.001000s ]
INFO: [ view_filter ] --END-- [ RunTime:0.001000s ]
INFO: [ app_end ] --START--
INFO: Run Behavior\ShowPageTraceBehavior [ RunTime:0.001000s ]
INFO: [ app_end ] --END-- [ RunTime:0.001000s ]

[ 2016-11-20T16:39:04+08:00 ] ::1 /BdNovel/index.php/Home/Shopcar/index.html?delid=20
INFO: [ app_begin ] --START--
INFO: Run Behavior\ReadHtmlCacheBehavior [ RunTime:0.001000s ]
INFO: [ app_begin ] --END-- [ RunTime:0.001000s ]
SQL: SHOW COLUMNS FROM `bd_reader` [ RunTime:0.0390s ]
SQL: SELECT * FROM `bd_reader` WHERE `id` = 2 LIMIT 1   [ RunTime:0.0010s ]
SQL: SHOW COLUMNS FROM `bd_shopcar` [ RunTime:0.0010s ]
SQL: SELECT COUNT(*) AS tp_count FROM `bd_shopcar` WHERE `readerid` = 2 LIMIT 1   [ RunTime:0.0000s ]
SQL: DELETE FROM `bd_shopcar` WHERE `id` = 20 [ RunTime:0.2030s ]
SQL: SELECT COUNT(*) AS tp_count FROM `bd_shopcar` WHERE `readerid` = 2 LIMIT 1   [ RunTime:0.0220s ]
SQL: SELECT * FROM `bd_shopcar` WHERE `readerid` = 2  [ RunTime:0.0000s ]
SQL: SHOW COLUMNS FROM `bd_book` [ RunTime:0.0020s ]
SQL: SHOW COLUMNS FROM `bd_book` [ RunTime:0.0010s ]
SQL: SELECT b.id,b.bookname,b.price,b.bookpic,a.authorname FROM bd_book b,bd_author a WHERE b.id = '54' AND ( b.authorid=a.id )  [ RunTime:0.0010s ]
NOTIC: [8] Undefined variable: totalprice C:\wamp\www\BdNovel\Application\Home\Controller\ShopcarController.class.php 第 21 行.
SQL: SHOW COLUMNS FROM `bd_book` [ RunTime:0.0010s ]
SQL: SELECT b.id,b.bookname,b.price,b.bookpic,a.authorname FROM bd_book b,bd_author a WHERE b.id = '50' AND ( b.authorid=a.id )  [ RunTime:0.0000s ]
INFO: [ view_parse ] --START--
INFO: [ template_filter ] --START--
INFO: Run Behavior\ContentReplaceBehavior [ RunTime:0.000000s ]
INFO: [ template_filter ] --END-- [ RunTime:0.000000s ]
INFO: Run Behavior\ParseTemplateBehavior [ RunTime:0.012001s ]
INFO: [ view_parse ] --END-- [ RunTime:0.012001s ]
INFO: [ view_filter ] --START--
INFO: Run Behavior\WriteHtmlCacheBehavior [ RunTime:0.000000s ]
INFO: [ view_filter ] --END-- [ RunTime:0.001000s ]
INFO: [ app_end ] --START--
INFO: Run Behavior\ShowPageTraceBehavior [ RunTime:0.001000s ]
INFO: [ app_end ] --END-- [ RunTime:0.001000s ]

[ 2016-11-20T16:39:18+08:00 ] ::1 /BdNovel/index.php/Home/Shopcar/add.html
INFO: [ app_begin ] --START--
INFO: Run Behavior\ReadHtmlCacheBehavior [ RunTime:0.001000s ]
INFO: [ app_begin ] --END-- [ RunTime:0.001000s ]
SQL: SHOW COLUMNS FROM `bd_shopcar` [ RunTime:0.0010s ]
SQL: INSERT INTO `bd_shopcar` (`bookid`,`readerid`) VALUES ('53','2') [ RunTime:0.0930s ]
INFO: [ app_end ] --START--
INFO: Run Behavior\ShowPageTraceBehavior [ RunTime:0.002000s ]
INFO: [ app_end ] --END-- [ RunTime:0.003000s ]

[ 2016-11-20T16:57:43+08:00 ] ::1 /BdNovel/index.php/Home/Shopcar/index.html?delid=19,21,22
INFO: [ app_begin ] --START--
INFO: Run Behavior\ReadHtmlCacheBehavior [ RunTime:0.001000s ]
INFO: [ app_begin ] --END-- [ RunTime:0.001000s ]
SQL: SHOW COLUMNS FROM `bd_reader` [ RunTime:0.0010s ]
SQL: SELECT * FROM `bd_reader` WHERE `id` = 2 LIMIT 1   [ RunTime:0.0010s ]
SQL: SHOW COLUMNS FROM `bd_shopcar` [ RunTime:0.0000s ]
SQL: SELECT COUNT(*) AS tp_count FROM `bd_shopcar` WHERE `readerid` = 2 LIMIT 1   [ RunTime:0.0000s ]
SQL: SELECT COUNT(*) AS tp_count FROM `bd_shopcar` WHERE `readerid` = 2 LIMIT 1   [ RunTime:0.0000s ]
SQL: SELECT * FROM `bd_shopcar` WHERE `readerid` = 2  [ RunTime:0.0010s ]
SQL: SHOW COLUMNS FROM `bd_book` [ RunTime:0.0020s ]
SQL: SHOW COLUMNS FROM `bd_book` [ RunTime:0.0020s ]
SQL: SELECT b.id,b.bookname,b.price,b.bookpic,a.authorname FROM bd_book b,bd_author a WHERE b.id = '54' AND ( b.authorid=a.id )  [ RunTime:0.0010s ]
NOTIC: [8] Undefined variable: totalprice C:\wamp\www\BdNovel\Application\Home\Controller\ShopcarController.class.php 第 22 行.
SQL: SHOW COLUMNS FROM `bd_book` [ RunTime:0.0020s ]
SQL: SELECT b.id,b.bookname,b.price,b.bookpic,a.authorname FROM bd_book b,bd_author a WHERE b.id = '50' AND ( b.authorid=a.id )  [ RunTime:0.0010s ]
SQL: SHOW COLUMNS FROM `bd_book` [ RunTime:0.0030s ]
SQL: SELECT b.id,b.bookname,b.price,b.bookpic,a.authorname FROM bd_book b,bd_author a WHERE b.id = '53' AND ( b.authorid=a.id )  [ RunTime:0.0010s ]
INFO: [ view_parse ] --START--
INFO: [ template_filter ] --START--
INFO: Run Behavior\ContentReplaceBehavior [ RunTime:0.000000s ]
INFO: [ template_filter ] --END-- [ RunTime:0.000000s ]
INFO: Run Behavior\ParseTemplateBehavior [ RunTime:0.021001s ]
INFO: [ view_parse ] --END-- [ RunTime:0.022001s ]
INFO: [ view_filter ] --START--
INFO: Run Behavior\WriteHtmlCacheBehavior [ RunTime:0.001000s ]
INFO: [ view_filter ] --END-- [ RunTime:0.001000s ]
INFO: [ app_end ] --START--
INFO: Run Behavior\ShowPageTraceBehavior [ RunTime:0.002000s ]
INFO: [ app_end ] --END-- [ RunTime:0.002000s ]

[ 2016-11-20T17:00:18+08:00 ] ::1 /BdNovel/index.php/Home/Shopcar/index.html?delid=19
INFO: [ app_begin ] --START--
INFO: Run Behavior\ReadHtmlCacheBehavior [ RunTime:0.000000s ]
INFO: [ app_begin ] --END-- [ RunTime:0.002000s ]
SQL: SHOW COLUMNS FROM `bd_reader` [ RunTime:0.0010s ]
SQL: SELECT * FROM `bd_reader` WHERE `id` = 2 LIMIT 1   [ RunTime:0.0000s ]
SQL: SHOW COLUMNS FROM `bd_shopcar` [ RunTime:0.0010s ]
SQL: SELECT COUNT(*) AS tp_count FROM `bd_shopcar` WHERE `readerid` = 2 LIMIT 1   [ RunTime:0.0010s ]
NOTIC: [2] Invalid argument supplied for foreach() C:\wamp\www\BdNovel\Application\Home\Controller\ShopcarController.class.php 第 11 行.
SQL: SELECT COUNT(*) AS tp_count FROM `bd_shopcar` WHERE `readerid` = 2 LIMIT 1   [ RunTime:0.0000s ]
SQL: SELECT * FROM `bd_shopcar` WHERE `readerid` = 2  [ RunTime:0.0000s ]
SQL: SHOW COLUMNS FROM `bd_book` [ RunTime:0.0010s ]
SQL: SHOW COLUMNS FROM `bd_book` [ RunTime:0.0010s ]
SQL: SELECT b.id,b.bookname,b.price,b.bookpic,a.authorname FROM bd_book b,bd_author a WHERE b.id = '54' AND ( b.authorid=a.id )  [ RunTime:0.0010s ]
NOTIC: [8] Undefined variable: totalprice C:\wamp\www\BdNovel\Application\Home\Controller\ShopcarController.class.php 第 24 行.
SQL: SHOW COLUMNS FROM `bd_book` [ RunTime:0.0010s ]
SQL: SELECT b.id,b.bookname,b.price,b.bookpic,a.authorname FROM bd_book b,bd_author a WHERE b.id = '50' AND ( b.authorid=a.id )  [ RunTime:0.0000s ]
SQL: SHOW COLUMNS FROM `bd_book` [ RunTime:0.0000s ]
SQL: SELECT b.id,b.bookname,b.price,b.bookpic,a.authorname FROM bd_book b,bd_author a WHERE b.id = '53' AND ( b.authorid=a.id )  [ RunTime:0.0000s ]
INFO: [ view_parse ] --START--
INFO: [ template_filter ] --START--
INFO: Run Behavior\ContentReplaceBehavior [ RunTime:0.000000s ]
INFO: [ template_filter ] --END-- [ RunTime:0.000000s ]
INFO: Run Behavior\ParseTemplateBehavior [ RunTime:0.013000s ]
INFO: [ view_parse ] --END-- [ RunTime:0.013000s ]
INFO: [ view_filter ] --START--
INFO: Run Behavior\WriteHtmlCacheBehavior [ RunTime:0.000000s ]
INFO: [ view_filter ] --END-- [ RunTime:0.001000s ]
INFO: [ app_end ] --START--
INFO: Run Behavior\ShowPageTraceBehavior [ RunTime:0.001000s ]
INFO: [ app_end ] --END-- [ RunTime:0.001000s ]

[ 2016-11-20T17:01:40+08:00 ] ::1 /BdNovel/index.php/Home/Shopcar/index.html?delid=19
INFO: [ app_begin ] --START--
INFO: Run Behavior\ReadHtmlCacheBehavior [ RunTime:0.001000s ]
INFO: [ app_begin ] --END-- [ RunTime:0.002000s ]
SQL: SHOW COLUMNS FROM `bd_reader` [ RunTime:0.0010s ]
SQL: SELECT * FROM `bd_reader` WHERE `id` = 2 LIMIT 1   [ RunTime:0.0010s ]
SQL: SHOW COLUMNS FROM `bd_shopcar` [ RunTime:0.0010s ]
SQL: SELECT COUNT(*) AS tp_count FROM `bd_shopcar` WHERE `readerid` = 2 LIMIT 1   [ RunTime:0.0010s ]
NOTIC: [2] Invalid argument supplied for foreach() C:\wamp\www\BdNovel\Application\Home\Controller\ShopcarController.class.php 第 11 行.
SQL: SELECT COUNT(*) AS tp_count FROM `bd_shopcar` WHERE `readerid` = 2 LIMIT 1   [ RunTime:0.0000s ]
SQL: SELECT * FROM `bd_shopcar` WHERE `readerid` = 2  [ RunTime:0.0000s ]
SQL: SHOW COLUMNS FROM `bd_book` [ RunTime:0.0010s ]
SQL: SHOW COLUMNS FROM `bd_book` [ RunTime:0.0010s ]
SQL: SELECT b.id,b.bookname,b.price,b.bookpic,a.authorname FROM bd_book b,bd_author a WHERE b.id = '54' AND ( b.authorid=a.id )  [ RunTime:0.0010s ]
NOTIC: [8] Undefined variable: totalprice C:\wamp\www\BdNovel\Application\Home\Controller\ShopcarController.class.php 第 24 行.
SQL: SHOW COLUMNS FROM `bd_book` [ RunTime:0.0010s ]
SQL: SELECT b.id,b.bookname,b.price,b.bookpic,a.authorname FROM bd_book b,bd_author a WHERE b.id = '50' AND ( b.authorid=a.id )  [ RunTime:0.0000s ]
SQL: SHOW COLUMNS FROM `bd_book` [ RunTime:0.0000s ]
SQL: SELECT b.id,b.bookname,b.price,b.bookpic,a.authorname FROM bd_book b,bd_author a WHERE b.id = '53' AND ( b.authorid=a.id )  [ RunTime:0.0010s ]
INFO: [ view_parse ] --START--
INFO: [ template_filter ] --START--
INFO: Run Behavior\ContentReplaceBehavior [ RunTime:0.000000s ]
INFO: [ template_filter ] --END-- [ RunTime:0.000000s ]
INFO: Run Behavior\ParseTemplateBehavior [ RunTime:0.015000s ]
INFO: [ view_parse ] --END-- [ RunTime:0.015000s ]
INFO: [ view_filter ] --START--
INFO: Run Behavior\WriteHtmlCacheBehavior [ RunTime:0.000000s ]
INFO: [ view_filter ] --END-- [ RunTime:0.000000s ]
INFO: [ app_end ] --START--
INFO: Run Behavior\ShowPageTraceBehavior [ RunTime:0.001000s ]
INFO: [ app_end ] --END-- [ RunTime:0.001000s ]

[ 2016-11-20T17:02:01+08:00 ] ::1 /BdNovel/index.php/Home/Shopcar/index.html?delid=19
INFO: [ app_begin ] --START--
INFO: Run Behavior\ReadHtmlCacheBehavior [ RunTime:0.001000s ]
INFO: [ app_begin ] --END-- [ RunTime:0.002000s ]
SQL: SHOW COLUMNS FROM `bd_reader` [ RunTime:0.0010s ]
SQL: SELECT * FROM `bd_reader` WHERE `id` = 2 LIMIT 1   [ RunTime:0.0000s ]
SQL: SHOW COLUMNS FROM `bd_shopcar` [ RunTime:0.0000s ]
SQL: SELECT COUNT(*) AS tp_count FROM `bd_shopcar` WHERE `readerid` = 2 LIMIT 1   [ RunTime:0.0000s ]
NOTIC: [2] Invalid argument supplied for foreach() C:\wamp\www\BdNovel\Application\Home\Controller\ShopcarController.class.php 第 11 行.
SQL: SELECT COUNT(*) AS tp_count FROM `bd_shopcar` WHERE `readerid` = 2 LIMIT 1   [ RunTime:0.0000s ]
SQL: SELECT * FROM `bd_shopcar` WHERE `readerid` = 2  [ RunTime:0.0000s ]
SQL: SHOW COLUMNS FROM `bd_book` [ RunTime:0.0010s ]
SQL: SHOW COLUMNS FROM `bd_book` [ RunTime:0.0010s ]
SQL: SELECT b.id,b.bookname,b.price,b.bookpic,a.authorname FROM bd_book b,bd_author a WHERE b.id = '54' AND ( b.authorid=a.id )  [ RunTime:0.0000s ]
NOTIC: [8] Undefined variable: totalprice C:\wamp\www\BdNovel\Application\Home\Controller\ShopcarController.class.php 第 24 行.
SQL: SHOW COLUMNS FROM `bd_book` [ RunTime:0.0010s ]
SQL: SELECT b.id,b.bookname,b.price,b.bookpic,a.authorname FROM bd_book b,bd_author a WHERE b.id = '50' AND ( b.authorid=a.id )  [ RunTime:0.0000s ]
SQL: SHOW COLUMNS FROM `bd_book` [ RunTime:0.0010s ]
SQL: SELECT b.id,b.bookname,b.price,b.bookpic,a.authorname FROM bd_book b,bd_author a WHERE b.id = '53' AND ( b.authorid=a.id )  [ RunTime:0.0010s ]
INFO: [ view_parse ] --START--
INFO: [ template_filter ] --START--
INFO: Run Behavior\ContentReplaceBehavior [ RunTime:0.000000s ]
INFO: [ template_filter ] --END-- [ RunTime:0.000000s ]
INFO: Run Behavior\ParseTemplateBehavior [ RunTime:0.016001s ]
INFO: [ view_parse ] --END-- [ RunTime:0.017001s ]
INFO: [ view_filter ] --START--
INFO: Run Behavior\WriteHtmlCacheBehavior [ RunTime:0.000000s ]
INFO: [ view_filter ] --END-- [ RunTime:0.001000s ]
INFO: [ app_end ] --START--
INFO: Run Behavior\ShowPageTraceBehavior [ RunTime:0.001000s ]
INFO: [ app_end ] --END-- [ RunTime:0.001000s ]

[ 2016-11-20T17:02:04+08:00 ] ::1 /BdNovel/index.php/Home/Shopcar/index.html?delid=19,21,22
INFO: [ app_begin ] --START--
INFO: Run Behavior\ReadHtmlCacheBehavior [ RunTime:0.001000s ]
INFO: [ app_begin ] --END-- [ RunTime:0.002000s ]
SQL: SHOW COLUMNS FROM `bd_reader` [ RunTime:0.0010s ]
SQL: SELECT * FROM `bd_reader` WHERE `id` = 2 LIMIT 1   [ RunTime:0.0000s ]
SQL: SHOW COLUMNS FROM `bd_shopcar` [ RunTime:0.0010s ]
SQL: SELECT COUNT(*) AS tp_count FROM `bd_shopcar` WHERE `readerid` = 2 LIMIT 1   [ RunTime:0.0000s ]
NOTIC: [2] Invalid argument supplied for foreach() C:\wamp\www\BdNovel\Application\Home\Controller\ShopcarController.class.php 第 11 行.
SQL: SELECT COUNT(*) AS tp_count FROM `bd_shopcar` WHERE `readerid` = 2 LIMIT 1   [ RunTime:0.0000s ]
SQL: SELECT * FROM `bd_shopcar` WHERE `readerid` = 2  [ RunTime:0.0010s ]
SQL: SHOW COLUMNS FROM `bd_book` [ RunTime:0.0010s ]
SQL: SHOW COLUMNS FROM `bd_book` [ RunTime:0.0000s ]
SQL: SELECT b.id,b.bookname,b.price,b.bookpic,a.authorname FROM bd_book b,bd_author a WHERE b.id = '54' AND ( b.authorid=a.id )  [ RunTime:0.0000s ]
NOTIC: [8] Undefined variable: totalprice C:\wamp\www\BdNovel\Application\Home\Controller\ShopcarController.class.php 第 24 行.
SQL: SHOW COLUMNS FROM `bd_book` [ RunTime:0.0010s ]
SQL: SELECT b.id,b.bookname,b.price,b.bookpic,a.authorname FROM bd_book b,bd_author a WHERE b.id = '50' AND ( b.authorid=a.id )  [ RunTime:0.0010s ]
SQL: SHOW COLUMNS FROM `bd_book` [ RunTime:0.0020s ]
SQL: SELECT b.id,b.bookname,b.price,b.bookpic,a.authorname FROM bd_book b,bd_author a WHERE b.id = '53' AND ( b.authorid=a.id )  [ RunTime:0.0010s ]
INFO: [ view_parse ] --START--
INFO: [ template_filter ] --START--
INFO: Run Behavior\ContentReplaceBehavior [ RunTime:0.000000s ]
INFO: [ template_filter ] --END-- [ RunTime:0.000000s ]
INFO: Run Behavior\ParseTemplateBehavior [ RunTime:0.015001s ]
INFO: [ view_parse ] --END-- [ RunTime:0.015001s ]
INFO: [ view_filter ] --START--
INFO: Run Behavior\WriteHtmlCacheBehavior [ RunTime:0.000000s ]
INFO: [ view_filter ] --END-- [ RunTime:0.000000s ]
INFO: [ app_end ] --START--
INFO: Run Behavior\ShowPageTraceBehavior [ RunTime:0.001000s ]
INFO: [ app_end ] --END-- [ RunTime:0.001000s ]

[ 2016-11-20T17:03:11+08:00 ] ::1 /BdNovel/index.php/Home/Shopcar/index.html?delid=19
INFO: [ app_begin ] --START--
INFO: Run Behavior\ReadHtmlCacheBehavior [ RunTime:0.001001s ]
INFO: [ app_begin ] --END-- [ RunTime:0.003001s ]
SQL: SHOW COLUMNS FROM `bd_reader` [ RunTime:0.0010s ]
SQL: SELECT * FROM `bd_reader` WHERE `id` = 2 LIMIT 1   [ RunTime:0.0010s ]
SQL: SHOW COLUMNS FROM `bd_shopcar` [ RunTime:0.0010s ]
SQL: SELECT COUNT(*) AS tp_count FROM `bd_shopcar` WHERE `readerid` = 2 LIMIT 1   [ RunTime:0.0010s ]
NOTIC: [2] Invalid argument supplied for foreach() C:\wamp\www\BdNovel\Application\Home\Controller\ShopcarController.class.php 第 11 行.
SQL: SELECT COUNT(*) AS tp_count FROM `bd_shopcar` WHERE `readerid` = 2 LIMIT 1   [ RunTime:0.0000s ]
SQL: SELECT * FROM `bd_shopcar` WHERE `readerid` = 2  [ RunTime:0.0000s ]
SQL: SHOW COLUMNS FROM `bd_book` [ RunTime:0.0010s ]
SQL: SHOW COLUMNS FROM `bd_book` [ RunTime:0.0010s ]
SQL: SELECT b.id,b.bookname,b.price,b.bookpic,a.authorname FROM bd_book b,bd_author a WHERE b.id = '54' AND ( b.authorid=a.id )  [ RunTime:0.0000s ]
NOTIC: [8] Undefined variable: totalprice C:\wamp\www\BdNovel\Application\Home\Controller\ShopcarController.class.php 第 24 行.
SQL: SHOW COLUMNS FROM `bd_book` [ RunTime:0.0000s ]
SQL: SELECT b.id,b.bookname,b.price,b.bookpic,a.authorname FROM bd_book b,bd_author a WHERE b.id = '50' AND ( b.authorid=a.id )  [ RunTime:0.0000s ]
SQL: SHOW COLUMNS FROM `bd_book` [ RunTime:0.0010s ]
SQL: SELECT b.id,b.bookname,b.price,b.bookpic,a.authorname FROM bd_book b,bd_author a WHERE b.id = '53' AND ( b.authorid=a.id )  [ RunTime:0.0000s ]
INFO: [ view_parse ] --START--
INFO: [ template_filter ] --START--
INFO: Run Behavior\ContentReplaceBehavior [ RunTime:0.000000s ]
INFO: [ template_filter ] --END-- [ RunTime:0.001000s ]
INFO: Run Behavior\ParseTemplateBehavior [ RunTime:0.014001s ]
INFO: [ view_parse ] --END-- [ RunTime:0.014001s ]
INFO: [ view_filter ] --START--
INFO: Run Behavior\WriteHtmlCacheBehavior [ RunTime:0.000000s ]
INFO: [ view_filter ] --END-- [ RunTime:0.001000s ]
INFO: [ app_end ] --START--
INFO: Run Behavior\ShowPageTraceBehavior [ RunTime:0.001000s ]
INFO: [ app_end ] --END-- [ RunTime:0.001000s ]

[ 2016-11-20T17:03:46+08:00 ] ::1 /BdNovel/index.php/Home/Shopcar/index.html?delid=19
INFO: [ app_begin ] --START--
INFO: Run Behavior\ReadHtmlCacheBehavior [ RunTime:0.001000s ]
INFO: [ app_begin ] --END-- [ RunTime:0.001000s ]
SQL: SHOW COLUMNS FROM `bd_reader` [ RunTime:0.0010s ]
SQL: SELECT * FROM `bd_reader` WHERE `id` = 2 LIMIT 1   [ RunTime:0.0000s ]
SQL: SHOW COLUMNS FROM `bd_shopcar` [ RunTime:0.0010s ]
SQL: SELECT COUNT(*) AS tp_count FROM `bd_shopcar` WHERE `readerid` = 2 LIMIT 1   [ RunTime:0.0000s ]
NOTIC: [2] Invalid argument supplied for foreach() C:\wamp\www\BdNovel\Application\Home\Controller\ShopcarController.class.php 第 11 行.
SQL: SELECT COUNT(*) AS tp_count FROM `bd_shopcar` WHERE `readerid` = 2 LIMIT 1   [ RunTime:0.0010s ]
SQL: SELECT * FROM `bd_shopcar` WHERE `readerid` = 2  [ RunTime:0.0000s ]
SQL: SHOW COLUMNS FROM `bd_book` [ RunTime:0.0010s ]
SQL: SHOW COLUMNS FROM `bd_book` [ RunTime:0.0000s ]
SQL: SELECT b.id,b.bookname,b.price,b.bookpic,a.authorname FROM bd_book b,bd_author a WHERE b.id = '54' AND ( b.authorid=a.id )  [ RunTime:0.0000s ]
NOTIC: [8] Undefined variable: totalprice C:\wamp\www\BdNovel\Application\Home\Controller\ShopcarController.class.php 第 24 行.
SQL: SHOW COLUMNS FROM `bd_book` [ RunTime:0.0010s ]
SQL: SELECT b.id,b.bookname,b.price,b.bookpic,a.authorname FROM bd_book b,bd_author a WHERE b.id = '50' AND ( b.authorid=a.id )  [ RunTime:0.0010s ]
SQL: SHOW COLUMNS FROM `bd_book` [ RunTime:0.0010s ]
SQL: SELECT b.id,b.bookname,b.price,b.bookpic,a.authorname FROM bd_book b,bd_author a WHERE b.id = '53' AND ( b.authorid=a.id )  [ RunTime:0.0000s ]
INFO: [ view_parse ] --START--
INFO: [ template_filter ] --START--
INFO: Run Behavior\ContentReplaceBehavior [ RunTime:0.000000s ]
INFO: [ template_filter ] --END-- [ RunTime:0.000000s ]
INFO: Run Behavior\ParseTemplateBehavior [ RunTime:0.014000s ]
INFO: [ view_parse ] --END-- [ RunTime:0.014000s ]
INFO: [ view_filter ] --START--
INFO: Run Behavior\WriteHtmlCacheBehavior [ RunTime:0.000000s ]
INFO: [ view_filter ] --END-- [ RunTime:0.000000s ]
INFO: [ app_end ] --START--
INFO: Run Behavior\ShowPageTraceBehavior [ RunTime:0.001001s ]
INFO: [ app_end ] --END-- [ RunTime:0.001001s ]

[ 2016-11-20T17:05:30+08:00 ] ::1 /BdNovel/index.php/Home/Shopcar/index.html?delid=21
INFO: [ app_begin ] --START--
INFO: Run Behavior\ReadHtmlCacheBehavior [ RunTime:0.001000s ]
INFO: [ app_begin ] --END-- [ RunTime:0.001000s ]
SQL: SHOW COLUMNS FROM `bd_reader` [ RunTime:0.0010s ]
SQL: SELECT * FROM `bd_reader` WHERE `id` = 2 LIMIT 1   [ RunTime:0.0010s ]
SQL: SHOW COLUMNS FROM `bd_shopcar` [ RunTime:0.0000s ]
SQL: SELECT COUNT(*) AS tp_count FROM `bd_shopcar` WHERE `readerid` = 2 LIMIT 1   [ RunTime:0.0000s ]
NOTIC: [2] Invalid argument supplied for foreach() C:\wamp\www\BdNovel\Application\Home\Controller\ShopcarController.class.php 第 11 行.
SQL: SELECT COUNT(*) AS tp_count FROM `bd_shopcar` WHERE `readerid` = 2 LIMIT 1   [ RunTime:0.0010s ]
SQL: SELECT * FROM `bd_shopcar` WHERE `readerid` = 2  [ RunTime:0.0000s ]
SQL: SHOW COLUMNS FROM `bd_book` [ RunTime:0.0010s ]
SQL: SHOW COLUMNS FROM `bd_book` [ RunTime:0.0010s ]
SQL: SELECT b.id,b.bookname,b.price,b.bookpic,a.authorname FROM bd_book b,bd_author a WHERE b.id = '54' AND ( b.authorid=a.id )  [ RunTime:0.0010s ]
NOTIC: [8] Undefined variable: totalprice C:\wamp\www\BdNovel\Application\Home\Controller\ShopcarController.class.php 第 24 行.
SQL: SHOW COLUMNS FROM `bd_book` [ RunTime:0.0010s ]
SQL: SELECT b.id,b.bookname,b.price,b.bookpic,a.authorname FROM bd_book b,bd_author a WHERE b.id = '50' AND ( b.authorid=a.id )  [ RunTime:0.0000s ]
SQL: SHOW COLUMNS FROM `bd_book` [ RunTime:0.0000s ]
SQL: SELECT b.id,b.bookname,b.price,b.bookpic,a.authorname FROM bd_book b,bd_author a WHERE b.id = '53' AND ( b.authorid=a.id )  [ RunTime:0.0000s ]
INFO: [ view_parse ] --START--
INFO: [ template_filter ] --START--
INFO: Run Behavior\ContentReplaceBehavior [ RunTime:0.000000s ]
INFO: [ template_filter ] --END-- [ RunTime:0.000000s ]
INFO: Run Behavior\ParseTemplateBehavior [ RunTime:0.014001s ]
INFO: [ view_parse ] --END-- [ RunTime:0.014001s ]
INFO: [ view_filter ] --START--
INFO: Run Behavior\WriteHtmlCacheBehavior [ RunTime:0.001000s ]
INFO: [ view_filter ] --END-- [ RunTime:0.001000s ]
INFO: [ app_end ] --START--
INFO: Run Behavior\ShowPageTraceBehavior [ RunTime:0.001000s ]
INFO: [ app_end ] --END-- [ RunTime:0.001000s ]

[ 2016-11-20T17:05:41+08:00 ] ::1 /BdNovel/index.php/Home/Shopcar/index.html?delid=19
INFO: [ app_begin ] --START--
INFO: Run Behavior\ReadHtmlCacheBehavior [ RunTime:0.001000s ]
INFO: [ app_begin ] --END-- [ RunTime:0.002000s ]
SQL: SHOW COLUMNS FROM `bd_reader` [ RunTime:0.0010s ]
SQL: SELECT * FROM `bd_reader` WHERE `id` = 2 LIMIT 1   [ RunTime:0.0010s ]
SQL: SHOW COLUMNS FROM `bd_shopcar` [ RunTime:0.0010s ]
SQL: SELECT COUNT(*) AS tp_count FROM `bd_shopcar` WHERE `readerid` = 2 LIMIT 1   [ RunTime:0.0010s ]
NOTIC: [2] Invalid argument supplied for foreach() C:\wamp\www\BdNovel\Application\Home\Controller\ShopcarController.class.php 第 11 行.
SQL: SELECT COUNT(*) AS tp_count FROM `bd_shopcar` WHERE `readerid` = 2 LIMIT 1   [ RunTime:0.0000s ]
SQL: SELECT * FROM `bd_shopcar` WHERE `readerid` = 2  [ RunTime:0.0000s ]
SQL: SHOW COLUMNS FROM `bd_book` [ RunTime:0.0010s ]
SQL: SHOW COLUMNS FROM `bd_book` [ RunTime:0.0010s ]
SQL: SELECT b.id,b.bookname,b.price,b.bookpic,a.authorname FROM bd_book b,bd_author a WHERE b.id = '54' AND ( b.authorid=a.id )  [ RunTime:0.0010s ]
NOTIC: [8] Undefined variable: totalprice C:\wamp\www\BdNovel\Application\Home\Controller\ShopcarController.class.php 第 24 行.
SQL: SHOW COLUMNS FROM `bd_book` [ RunTime:0.0010s ]
SQL: SELECT b.id,b.bookname,b.price,b.bookpic,a.authorname FROM bd_book b,bd_author a WHERE b.id = '50' AND ( b.authorid=a.id )  [ RunTime:0.0010s ]
SQL: SHOW COLUMNS FROM `bd_book` [ RunTime:0.0010s ]
SQL: SELECT b.id,b.bookname,b.price,b.bookpic,a.authorname FROM bd_book b,bd_author a WHERE b.id = '53' AND ( b.authorid=a.id )  [ RunTime:0.0000s ]
INFO: [ view_parse ] --START--
INFO: [ template_filter ] --START--
INFO: Run Behavior\ContentReplaceBehavior [ RunTime:0.000000s ]
INFO: [ template_filter ] --END-- [ RunTime:0.001000s ]
INFO: Run Behavior\ParseTemplateBehavior [ RunTime:0.015001s ]
INFO: [ view_parse ] --END-- [ RunTime:0.015001s ]
INFO: [ view_filter ] --START--
INFO: Run Behavior\WriteHtmlCacheBehavior [ RunTime:0.001000s ]
INFO: [ view_filter ] --END-- [ RunTime:0.001000s ]
INFO: [ app_end ] --START--
INFO: Run Behavior\ShowPageTraceBehavior [ RunTime:0.002000s ]
INFO: [ app_end ] --END-- [ RunTime:0.002000s ]

[ 2016-11-20T17:05:59+08:00 ] ::1 /BdNovel/index.php/Home/Shopcar/index.html?delid=19,21,22
INFO: [ app_begin ] --START--
INFO: Run Behavior\ReadHtmlCacheBehavior [ RunTime:0.000000s ]
INFO: [ app_begin ] --END-- [ RunTime:0.001000s ]
SQL: SHOW COLUMNS FROM `bd_reader` [ RunTime:0.0010s ]
SQL: SELECT * FROM `bd_reader` WHERE `id` = 2 LIMIT 1   [ RunTime:0.0010s ]
SQL: SHOW COLUMNS FROM `bd_shopcar` [ RunTime:0.0010s ]
SQL: SELECT COUNT(*) AS tp_count FROM `bd_shopcar` WHERE `readerid` = 2 LIMIT 1   [ RunTime:0.0010s ]
NOTIC: [2] Invalid argument supplied for foreach() C:\wamp\www\BdNovel\Application\Home\Controller\ShopcarController.class.php 第 11 行.
SQL: SELECT COUNT(*) AS tp_count FROM `bd_shopcar` WHERE `readerid` = 2 LIMIT 1   [ RunTime:0.0010s ]
SQL: SELECT * FROM `bd_shopcar` WHERE `readerid` = 2  [ RunTime:0.0000s ]
SQL: SHOW COLUMNS FROM `bd_book` [ RunTime:0.0010s ]
SQL: SHOW COLUMNS FROM `bd_book` [ RunTime:0.0010s ]
SQL: SELECT b.id,b.bookname,b.price,b.bookpic,a.authorname FROM bd_book b,bd_author a WHERE b.id = '54' AND ( b.authorid=a.id )  [ RunTime:0.0000s ]
NOTIC: [8] Undefined variable: totalprice C:\wamp\www\BdNovel\Application\Home\Controller\ShopcarController.class.php 第 24 行.
SQL: SHOW COLUMNS FROM `bd_book` [ RunTime:0.0000s ]
SQL: SELECT b.id,b.bookname,b.price,b.bookpic,a.authorname FROM bd_book b,bd_author a WHERE b.id = '50' AND ( b.authorid=a.id )  [ RunTime:0.0000s ]
SQL: SHOW COLUMNS FROM `bd_book` [ RunTime:0.0010s ]
SQL: SELECT b.id,b.bookname,b.price,b.bookpic,a.authorname FROM bd_book b,bd_author a WHERE b.id = '53' AND ( b.authorid=a.id )  [ RunTime:0.0010s ]
INFO: [ view_parse ] --START--
INFO: [ template_filter ] --START--
INFO: Run Behavior\ContentReplaceBehavior [ RunTime:0.000000s ]
INFO: [ template_filter ] --END-- [ RunTime:0.000000s ]
INFO: Run Behavior\ParseTemplateBehavior [ RunTime:0.015001s ]
INFO: [ view_parse ] --END-- [ RunTime:0.015001s ]
INFO: [ view_filter ] --START--
INFO: Run Behavior\WriteHtmlCacheBehavior [ RunTime:0.000000s ]
INFO: [ view_filter ] --END-- [ RunTime:0.000000s ]
INFO: [ app_end ] --START--
INFO: Run Behavior\ShowPageTraceBehavior [ RunTime:0.001000s ]
INFO: [ app_end ] --END-- [ RunTime:0.001000s ]

[ 2016-11-20T17:07:14+08:00 ] ::1 /BdNovel/index.php/Home/Shopcar/index.html?delid=19
INFO: [ app_begin ] --START--
INFO: Run Behavior\ReadHtmlCacheBehavior [ RunTime:0.001000s ]
INFO: [ app_begin ] --END-- [ RunTime:0.002000s ]
SQL: SHOW COLUMNS FROM `bd_reader` [ RunTime:0.0010s ]
SQL: SELECT * FROM `bd_reader` WHERE `id` = 2 LIMIT 1   [ RunTime:0.0010s ]
SQL: SHOW COLUMNS FROM `bd_shopcar` [ RunTime:0.0010s ]
SQL: SELECT COUNT(*) AS tp_count FROM `bd_shopcar` WHERE `readerid` = 2 LIMIT 1   [ RunTime:0.0000s ]
NOTIC: [2] Invalid argument supplied for foreach() C:\wamp\www\BdNovel\Application\Home\Controller\ShopcarController.class.php 第 11 行.
SQL: SELECT COUNT(*) AS tp_count FROM `bd_shopcar` WHERE `readerid` = 2 LIMIT 1   [ RunTime:0.0000s ]
SQL: SELECT * FROM `bd_shopcar` WHERE `readerid` = 2  [ RunTime:0.0000s ]
SQL: SHOW COLUMNS FROM `bd_book` [ RunTime:0.0010s ]
SQL: SHOW COLUMNS FROM `bd_book` [ RunTime:0.0010s ]
SQL: SELECT b.id,b.bookname,b.price,b.bookpic,a.authorname FROM bd_book b,bd_author a WHERE b.id = '54' AND ( b.authorid=a.id )  [ RunTime:0.0000s ]
NOTIC: [8] Undefined variable: totalprice C:\wamp\www\BdNovel\Application\Home\Controller\ShopcarController.class.php 第 24 行.
SQL: SHOW COLUMNS FROM `bd_book` [ RunTime:0.0010s ]
SQL: SELECT b.id,b.bookname,b.price,b.bookpic,a.authorname FROM bd_book b,bd_author a WHERE b.id = '50' AND ( b.authorid=a.id )  [ RunTime:0.0010s ]
SQL: SHOW COLUMNS FROM `bd_book` [ RunTime:0.0020s ]
SQL: SELECT b.id,b.bookname,b.price,b.bookpic,a.authorname FROM bd_book b,bd_author a WHERE b.id = '53' AND ( b.authorid=a.id )  [ RunTime:0.0000s ]
INFO: [ view_parse ] --START--
INFO: [ template_filter ] --START--
INFO: Run Behavior\ContentReplaceBehavior [ RunTime:0.000000s ]
INFO: [ template_filter ] --END-- [ RunTime:0.000000s ]
INFO: Run Behavior\ParseTemplateBehavior [ RunTime:0.014001s ]
INFO: [ view_parse ] --END-- [ RunTime:0.014001s ]
INFO: [ view_filter ] --START--
INFO: Run Behavior\WriteHtmlCacheBehavior [ RunTime:0.001000s ]
INFO: [ view_filter ] --END-- [ RunTime:0.001000s ]
INFO: [ app_end ] --START--
INFO: Run Behavior\ShowPageTraceBehavior [ RunTime:0.002000s ]
INFO: [ app_end ] --END-- [ RunTime:0.002000s ]

[ 2016-11-20T17:09:47+08:00 ] ::1 /BdNovel/index.php/Home/Shopcar/index.html
ERR: syntax error, unexpected '{'

[ 2016-11-20T17:10:26+08:00 ] ::1 /BdNovel/index.php/Home/Shopcar/index.html
ERR: syntax error, unexpected '{'

[ 2016-11-20T17:10:27+08:00 ] ::1 /BdNovel/index.php/Home/Shopcar/index.html
ERR: syntax error, unexpected '{'

[ 2016-11-20T17:10:27+08:00 ] ::1 /BdNovel/index.php/Home/Shopcar/index.html
ERR: syntax error, unexpected '{'

[ 2016-11-20T17:10:28+08:00 ] ::1 /BdNovel/index.php/Home/Shopcar/index.html
ERR: syntax error, unexpected '{'

[ 2016-11-20T17:10:28+08:00 ] ::1 /BdNovel/index.php/Home/Shopcar/index.html
ERR: syntax error, unexpected '{'

[ 2016-11-20T17:10:28+08:00 ] ::1 /BdNovel/index.php/Home/Shopcar/index.html
ERR: syntax error, unexpected '{'

[ 2016-11-20T17:10:49+08:00 ] ::1 /BdNovel/index.php/Home/Shopcar/index.html
ERR: syntax error, unexpected '{'

[ 2016-11-20T17:11:09+08:00 ] ::1 /BdNovel/index.php/Home/Shopcar/index.html
ERR: syntax error, unexpected '{'

[ 2016-11-20T17:11:10+08:00 ] ::1 /BdNovel/index.php/Home/Shopcar/index.html
ERR: syntax error, unexpected '{'

[ 2016-11-20T17:11:10+08:00 ] ::1 /BdNovel/index.php/Home/Shopcar/index.html
ERR: syntax error, unexpected '{'

[ 2016-11-20T17:11:11+08:00 ] ::1 /BdNovel/index.php/Home/Shopcar/index.html
ERR: syntax error, unexpected '{'

[ 2016-11-20T17:11:11+08:00 ] ::1 /BdNovel/index.php/Home/Shopcar/index.html
ERR: syntax error, unexpected '{'

[ 2016-11-20T17:11:11+08:00 ] ::1 /BdNovel/index.php/Home/Shopcar/index.html
ERR: syntax error, unexpected '{'

[ 2016-11-20T17:11:11+08:00 ] ::1 /BdNovel/index.php/Home/Shopcar/index.html
ERR: syntax error, unexpected '{'

[ 2016-11-20T17:11:12+08:00 ] ::1 /BdNovel/index.php/Home/Shopcar/index.html
ERR: syntax error, unexpected '{'

[ 2016-11-20T17:11:12+08:00 ] ::1 /BdNovel/index.php/Home/Shopcar/index.html
ERR: syntax error, unexpected '{'

[ 2016-11-20T17:11:12+08:00 ] ::1 /BdNovel/index.php/Home/Shopcar/index.html
ERR: syntax error, unexpected '{'

[ 2016-11-20T17:11:12+08:00 ] ::1 /BdNovel/index.php/Home/Shopcar/index.html
ERR: syntax error, unexpected '{'

[ 2016-11-20T17:12:09+08:00 ] ::1 /BdNovel/index.php/Home/Shopcar/index.html?delid=19
INFO: [ app_begin ] --START--
INFO: Run Behavior\ReadHtmlCacheBehavior [ RunTime:0.001000s ]
INFO: [ app_begin ] --END-- [ RunTime:0.001000s ]
SQL: SHOW COLUMNS FROM `bd_reader` [ RunTime:0.0020s ]
SQL: SELECT * FROM `bd_reader` WHERE `id` = 2 LIMIT 1   [ RunTime:0.0010s ]
SQL: SHOW COLUMNS FROM `bd_shopcar` [ RunTime:0.0010s ]
SQL: SELECT COUNT(*) AS tp_count FROM `bd_shopcar` WHERE `readerid` = 2 LIMIT 1   [ RunTime:0.0000s ]
SQL: DELETE FROM `bd_shopcar` WHERE `id` = 19 [ RunTime:0.0510s ]
SQL: SELECT COUNT(*) AS tp_count FROM `bd_shopcar` WHERE `readerid` = 2 LIMIT 1   [ RunTime:0.0000s ]
SQL: SELECT * FROM `bd_shopcar` WHERE `readerid` = 2  [ RunTime:0.0010s ]
SQL: SHOW COLUMNS FROM `bd_book` [ RunTime:0.0120s ]
SQL: SHOW COLUMNS FROM `bd_book` [ RunTime:0.0010s ]
SQL: SELECT b.id,b.bookname,b.price,b.bookpic,a.authorname FROM bd_book b,bd_author a WHERE b.id = '50' AND ( b.authorid=a.id )  [ RunTime:0.0010s ]
NOTIC: [8] Undefined variable: totalprice C:\wamp\www\BdNovel\Application\Home\Controller\ShopcarController.class.php 第 22 行.
SQL: SHOW COLUMNS FROM `bd_book` [ RunTime:0.0000s ]
SQL: SELECT b.id,b.bookname,b.price,b.bookpic,a.authorname FROM bd_book b,bd_author a WHERE b.id = '53' AND ( b.authorid=a.id )  [ RunTime:0.0000s ]
INFO: [ view_parse ] --START--
INFO: [ template_filter ] --START--
INFO: Run Behavior\ContentReplaceBehavior [ RunTime:0.000000s ]
INFO: [ template_filter ] --END-- [ RunTime:0.000000s ]
INFO: Run Behavior\ParseTemplateBehavior [ RunTime:0.014001s ]
INFO: [ view_parse ] --END-- [ RunTime:0.014001s ]
INFO: [ view_filter ] --START--
INFO: Run Behavior\WriteHtmlCacheBehavior [ RunTime:0.001000s ]
INFO: [ view_filter ] --END-- [ RunTime:0.001000s ]
INFO: [ app_end ] --START--
INFO: Run Behavior\ShowPageTraceBehavior [ RunTime:0.001000s ]
INFO: [ app_end ] --END-- [ RunTime:0.001000s ]

[ 2016-11-20T17:12:17+08:00 ] ::1 /BdNovel/index.php/Home/Shopcar/add.html
INFO: [ app_begin ] --START--
INFO: Run Behavior\ReadHtmlCacheBehavior [ RunTime:0.000000s ]
INFO: [ app_begin ] --END-- [ RunTime:0.001000s ]
SQL: SHOW COLUMNS FROM `bd_shopcar` [ RunTime:0.0020s ]
SQL: INSERT INTO `bd_shopcar` (`bookid`,`readerid`) VALUES ('54','2') [ RunTime:0.0260s ]
INFO: [ app_end ] --START--
INFO: Run Behavior\ShowPageTraceBehavior [ RunTime:0.002000s ]
INFO: [ app_end ] --END-- [ RunTime:0.002000s ]

[ 2016-11-20T17:13:07+08:00 ] ::1 /BdNovel/index.php/Home/Shopcar/index.html?delid=21
INFO: [ app_begin ] --START--
INFO: Run Behavior\ReadHtmlCacheBehavior [ RunTime:0.001000s ]
INFO: [ app_begin ] --END-- [ RunTime:0.002000s ]
SQL: SHOW COLUMNS FROM `bd_reader` [ RunTime:0.0010s ]
SQL: SELECT * FROM `bd_reader` WHERE `id` = 2 LIMIT 1   [ RunTime:0.0000s ]
SQL: SHOW COLUMNS FROM `bd_shopcar` [ RunTime:0.0010s ]
SQL: SELECT COUNT(*) AS tp_count FROM `bd_shopcar` WHERE `readerid` = 2 LIMIT 1   [ RunTime:0.0010s ]
SQL: DELETE FROM `bd_shopcar` WHERE `id` = 21 [ RunTime:0.0190s ]
SQL: SELECT COUNT(*) AS tp_count FROM `bd_shopcar` WHERE `readerid` = 2 LIMIT 1   [ RunTime:0.0010s ]
SQL: SELECT * FROM `bd_shopcar` WHERE `readerid` = 2  [ RunTime:0.0010s ]
SQL: SHOW COLUMNS FROM `bd_book` [ RunTime:0.0020s ]
SQL: SHOW COLUMNS FROM `bd_book` [ RunTime:0.0020s ]
SQL: SELECT b.id,b.bookname,b.price,b.bookpic,a.authorname FROM bd_book b,bd_author a WHERE b.id = '53' AND ( b.authorid=a.id )  [ RunTime:0.0010s ]
NOTIC: [8] Undefined variable: totalprice C:\wamp\www\BdNovel\Application\Home\Controller\ShopcarController.class.php 第 25 行.
SQL: SHOW COLUMNS FROM `bd_book` [ RunTime:0.0020s ]
SQL: SELECT b.id,b.bookname,b.price,b.bookpic,a.authorname FROM bd_book b,bd_author a WHERE b.id = '54' AND ( b.authorid=a.id )  [ RunTime:0.0020s ]
INFO: [ view_parse ] --START--
INFO: [ template_filter ] --START--
INFO: Run Behavior\ContentReplaceBehavior [ RunTime:0.001000s ]
INFO: [ template_filter ] --END-- [ RunTime:0.001000s ]
INFO: Run Behavior\ParseTemplateBehavior [ RunTime:0.026002s ]
INFO: [ view_parse ] --END-- [ RunTime:0.026002s ]
INFO: [ view_filter ] --START--
INFO: Run Behavior\WriteHtmlCacheBehavior [ RunTime:0.000000s ]
INFO: [ view_filter ] --END-- [ RunTime:0.001000s ]
INFO: [ app_end ] --START--
INFO: Run Behavior\ShowPageTraceBehavior [ RunTime:0.001000s ]
INFO: [ app_end ] --END-- [ RunTime:0.001000s ]

[ 2016-11-20T17:13:11+08:00 ] ::1 /BdNovel/index.php/Home/Shopcar/index.html?delid=22,23
INFO: [ app_begin ] --START--
INFO: Run Behavior\ReadHtmlCacheBehavior [ RunTime:0.001000s ]
INFO: [ app_begin ] --END-- [ RunTime:0.001000s ]
SQL: SHOW COLUMNS FROM `bd_reader` [ RunTime:0.0010s ]
SQL: SELECT * FROM `bd_reader` WHERE `id` = 2 LIMIT 1   [ RunTime:0.0000s ]
SQL: SHOW COLUMNS FROM `bd_shopcar` [ RunTime:0.0010s ]
SQL: SELECT COUNT(*) AS tp_count FROM `bd_shopcar` WHERE `readerid` = 2 LIMIT 1   [ RunTime:0.0000s ]
SQL: DELETE FROM `bd_shopcar` WHERE `id` = 22 [ RunTime:0.0480s ]
SQL: DELETE FROM `bd_shopcar` WHERE `id` = 23 [ RunTime:0.0390s ]
SQL: SELECT COUNT(*) AS tp_count FROM `bd_shopcar` WHERE `readerid` = 2 LIMIT 1   [ RunTime:0.0010s ]
SQL: SELECT * FROM `bd_shopcar` WHERE `readerid` = 2  [ RunTime:0.0000s ]
NOTIC: [8] Undefined variable: totalprice C:\wamp\www\BdNovel\Application\Home\Controller\ShopcarController.class.php 第 30 行.
NOTIC: [8] Undefined variable: data C:\wamp\www\BdNovel\Application\Home\Controller\ShopcarController.class.php 第 31 行.
INFO: [ view_parse ] --START--
INFO: [ template_filter ] --START--
INFO: Run Behavior\ContentReplaceBehavior [ RunTime:0.000000s ]
INFO: [ template_filter ] --END-- [ RunTime:0.000000s ]
INFO: Run Behavior\ParseTemplateBehavior [ RunTime:0.013001s ]
INFO: [ view_parse ] --END-- [ RunTime:0.013001s ]
INFO: [ view_filter ] --START--
INFO: Run Behavior\WriteHtmlCacheBehavior [ RunTime:0.000000s ]
INFO: [ view_filter ] --END-- [ RunTime:0.000000s ]
INFO: [ app_end ] --START--
INFO: Run Behavior\ShowPageTraceBehavior [ RunTime:0.000000s ]
INFO: [ app_end ] --END-- [ RunTime:0.001000s ]

[ 2016-11-20T17:13:27+08:00 ] ::1 /BdNovel/index.php/Home/Shopcar/add.html
INFO: [ app_begin ] --START--
INFO: Run Behavior\ReadHtmlCacheBehavior [ RunTime:0.001000s ]
INFO: [ app_begin ] --END-- [ RunTime:0.003000s ]
SQL: SHOW COLUMNS FROM `bd_shopcar` [ RunTime:0.0010s ]
SQL: INSERT INTO `bd_shopcar` (`bookid`,`readerid`) VALUES ('54','2') [ RunTime:0.0260s ]
INFO: [ app_end ] --START--
INFO: Run Behavior\ShowPageTraceBehavior [ RunTime:0.001000s ]
INFO: [ app_end ] --END-- [ RunTime:0.001000s ]

[ 2016-11-20T17:13:32+08:00 ] ::1 /BdNovel/index.php/Home/Shopcar/add.html
INFO: [ app_begin ] --START--
INFO: Run Behavior\ReadHtmlCacheBehavior [ RunTime:0.001000s ]
INFO: [ app_begin ] --END-- [ RunTime:0.001000s ]
SQL: SHOW COLUMNS FROM `bd_shopcar` [ RunTime:0.0010s ]
SQL: INSERT INTO `bd_shopcar` (`bookid`,`readerid`) VALUES ('53','2') [ RunTime:0.0330s ]
INFO: [ app_end ] --START--
INFO: Run Behavior\ShowPageTraceBehavior [ RunTime:0.001000s ]
INFO: [ app_end ] --END-- [ RunTime:0.001000s ]

[ 2016-11-20T17:13:42+08:00 ] ::1 /BdNovel/index.php/Home/Shopcar/add.html
INFO: [ app_begin ] --START--
INFO: Run Behavior\ReadHtmlCacheBehavior [ RunTime:0.001000s ]
INFO: [ app_begin ] --END-- [ RunTime:0.001000s ]
SQL: SHOW COLUMNS FROM `bd_shopcar` [ RunTime:0.0010s ]
SQL: INSERT INTO `bd_shopcar` (`bookid`,`readerid`) VALUES ('51','2') [ RunTime:0.0180s ]
INFO: [ app_end ] --START--
INFO: Run Behavior\ShowPageTraceBehavior [ RunTime:0.001000s ]
INFO: [ app_end ] --END-- [ RunTime:0.001000s ]

[ 2016-11-20T17:19:21+08:00 ] ::1 /BdNovel/index.php/Home/Shopcar/index.html?delid=24,25,26
INFO: [ app_begin ] --START--
INFO: Run Behavior\ReadHtmlCacheBehavior [ RunTime:0.000000s ]
INFO: [ app_begin ] --END-- [ RunTime:0.001000s ]
SQL: SHOW COLUMNS FROM `bd_reader` [ RunTime:0.0010s ]
SQL: SELECT * FROM `bd_reader` WHERE `id` = 2 LIMIT 1   [ RunTime:0.0000s ]
SQL: SHOW COLUMNS FROM `bd_shopcar` [ RunTime:0.0010s ]
SQL: SELECT COUNT(*) AS tp_count FROM `bd_shopcar` WHERE `readerid` = 2 LIMIT 1   [ RunTime:0.0010s ]
SQL: DELETE FROM `bd_shopcar` WHERE `id` = 24 [ RunTime:0.0420s ]
SQL: DELETE FROM `bd_shopcar` WHERE `id` = 25 [ RunTime:0.0260s ]
SQL: DELETE FROM `bd_shopcar` WHERE `id` = 26 [ RunTime:0.0070s ]
SQL: SELECT COUNT(*) AS tp_count FROM `bd_shopcar` WHERE `readerid` = 2 LIMIT 1   [ RunTime:0.0010s ]
SQL: SELECT * FROM `bd_shopcar` WHERE `readerid` = 2  [ RunTime:0.0010s ]
NOTIC: [8] Undefined variable: totalprice C:\wamp\www\BdNovel\Application\Home\Controller\ShopcarController.class.php 第 30 行.
NOTIC: [8] Undefined variable: data C:\wamp\www\BdNovel\Application\Home\Controller\ShopcarController.class.php 第 31 行.
INFO: [ view_parse ] --START--
INFO: [ template_filter ] --START--
INFO: Run Behavior\ContentReplaceBehavior [ RunTime:0.000000s ]
INFO: [ template_filter ] --END-- [ RunTime:0.000000s ]
INFO: Run Behavior\ParseTemplateBehavior [ RunTime:0.015001s ]
INFO: [ view_parse ] --END-- [ RunTime:0.015001s ]
INFO: [ view_filter ] --START--
INFO: Run Behavior\WriteHtmlCacheBehavior [ RunTime:0.001000s ]
INFO: [ view_filter ] --END-- [ RunTime:0.001000s ]
INFO: [ app_end ] --START--
INFO: Run Behavior\ShowPageTraceBehavior [ RunTime:0.001000s ]
INFO: [ app_end ] --END-- [ RunTime:0.001000s ]

[ 2016-11-20T17:19:27+08:00 ] ::1 /BdNovel/index.php/Home/Shopcar/add.html
INFO: [ app_begin ] --START--
INFO: Run Behavior\ReadHtmlCacheBehavior [ RunTime:0.000000s ]
INFO: [ app_begin ] --END-- [ RunTime:0.001000s ]
SQL: SHOW COLUMNS FROM `bd_shopcar` [ RunTime:0.0010s ]
SQL: INSERT INTO `bd_shopcar` (`bookid`,`readerid`) VALUES ('55','2') [ RunTime:0.0340s ]
INFO: [ app_end ] --START--
INFO: Run Behavior\ShowPageTraceBehavior [ RunTime:0.002000s ]
INFO: [ app_end ] --END-- [ RunTime:0.002000s ]

[ 2016-11-20T17:19:31+08:00 ] ::1 /BdNovel/index.php/Home/Shopcar/add.html
INFO: [ app_begin ] --START--
INFO: Run Behavior\ReadHtmlCacheBehavior [ RunTime:0.001000s ]
INFO: [ app_begin ] --END-- [ RunTime:0.001000s ]
SQL: SHOW COLUMNS FROM `bd_shopcar` [ RunTime:0.0010s ]
SQL: INSERT INTO `bd_shopcar` (`bookid`,`readerid`) VALUES ('54','2') [ RunTime:0.0340s ]
INFO: [ app_end ] --START--
INFO: Run Behavior\ShowPageTraceBehavior [ RunTime:0.002000s ]
INFO: [ app_end ] --END-- [ RunTime:0.002000s ]

[ 2016-11-20T17:19:34+08:00 ] ::1 /BdNovel/index.php/Home/Shopcar/add.html
INFO: [ app_begin ] --START--
INFO: Run Behavior\ReadHtmlCacheBehavior [ RunTime:0.000000s ]
INFO: [ app_begin ] --END-- [ RunTime:0.001000s ]
SQL: SHOW COLUMNS FROM `bd_shopcar` [ RunTime:0.0010s ]
SQL: INSERT INTO `bd_shopcar` (`bookid`,`readerid`) VALUES ('53','2') [ RunTime:0.0380s ]
INFO: [ app_end ] --START--
INFO: Run Behavior\ShowPageTraceBehavior [ RunTime:0.002000s ]
INFO: [ app_end ] --END-- [ RunTime:0.002000s ]

[ 2016-11-20T17:25:57+08:00 ] ::1 /BdNovel/index.php/Home/Shopcar/index.html?delid=27,28
INFO: [ app_begin ] --START--
INFO: Run Behavior\ReadHtmlCacheBehavior [ RunTime:0.000000s ]
INFO: [ app_begin ] --END-- [ RunTime:0.001000s ]
SQL: SHOW COLUMNS FROM `bd_reader` [ RunTime:0.0010s ]
SQL: SELECT * FROM `bd_reader` WHERE `id` = 2 LIMIT 1   [ RunTime:0.0010s ]
SQL: SHOW COLUMNS FROM `bd_shopcar` [ RunTime:0.0000s ]
SQL: SELECT COUNT(*) AS tp_count FROM `bd_shopcar` WHERE `readerid` = 2 LIMIT 1   [ RunTime:0.0000s ]
SQL: DELETE FROM `bd_shopcar` WHERE `id` = 27 [ RunTime:0.0020s ]
SQL: DELETE FROM `bd_shopcar` WHERE `id` = 28 [ RunTime:0.0600s ]
SQL: SELECT COUNT(*) AS tp_count FROM `bd_shopcar` WHERE `readerid` = 2 LIMIT 1   [ RunTime:0.0010s ]
SQL: SELECT * FROM `bd_shopcar` WHERE `readerid` = 2  [ RunTime:0.0010s ]
SQL: SHOW COLUMNS FROM `bd_book` [ RunTime:0.0020s ]
SQL: SHOW COLUMNS FROM `bd_book` [ RunTime:0.0030s ]
SQL: SELECT b.id,b.bookname,b.price,b.bookpic,a.authorname FROM bd_book b,bd_author a WHERE b.id = '53' AND ( b.authorid=a.id )  [ RunTime:0.0010s ]
NOTIC: [8] Undefined variable: totalprice C:\wamp\www\BdNovel\Application\Home\Controller\ShopcarController.class.php 第 25 行.
INFO: [ view_parse ] --START--
INFO: [ template_filter ] --START--
INFO: Run Behavior\ContentReplaceBehavior [ RunTime:0.000000s ]
INFO: [ template_filter ] --END-- [ RunTime:0.000000s ]
INFO: Run Behavior\ParseTemplateBehavior [ RunTime:0.020001s ]
INFO: [ view_parse ] --END-- [ RunTime:0.020001s ]
INFO: [ view_filter ] --START--
INFO: Run Behavior\WriteHtmlCacheBehavior [ RunTime:0.001000s ]
INFO: [ view_filter ] --END-- [ RunTime:0.001000s ]
INFO: [ app_end ] --START--
INFO: Run Behavior\ShowPageTraceBehavior [ RunTime:0.001000s ]
INFO: [ app_end ] --END-- [ RunTime:0.001000s ]

[ 2016-11-20T17:26:42+08:00 ] ::1 /BdNovel/index.php/Home/Shopcar/add.html
INFO: [ app_begin ] --START--
INFO: Run Behavior\ReadHtmlCacheBehavior [ RunTime:0.001000s ]
INFO: [ app_begin ] --END-- [ RunTime:0.001000s ]
SQL: SHOW COLUMNS FROM `bd_shopcar` [ RunTime:0.0010s ]
SQL: INSERT INTO `bd_shopcar` (`bookid`,`readerid`) VALUES ('51','2') [ RunTime:0.0440s ]
INFO: [ app_end ] --START--
INFO: Run Behavior\ShowPageTraceBehavior [ RunTime:0.002000s ]
INFO: [ app_end ] --END-- [ RunTime:0.002000s ]

[ 2016-11-20T17:26:46+08:00 ] ::1 /BdNovel/index.php/Home/Shopcar/add.html
INFO: [ app_begin ] --START--
INFO: Run Behavior\ReadHtmlCacheBehavior [ RunTime:0.001000s ]
INFO: [ app_begin ] --END-- [ RunTime:0.001000s ]
SQL: SHOW COLUMNS FROM `bd_shopcar` [ RunTime:0.0010s ]
SQL: INSERT INTO `bd_shopcar` (`bookid`,`readerid`) VALUES ('50','2') [ RunTime:0.0110s ]
INFO: [ app_end ] --START--
INFO: Run Behavior\ShowPageTraceBehavior [ RunTime:0.001000s ]
INFO: [ app_end ] --END-- [ RunTime:0.001000s ]

[ 2016-11-20T17:32:28+08:00 ] ::1 /BdNovel/index.php/Home/Shopcar/index.html?delid=29,30
INFO: [ app_begin ] --START--
INFO: Run Behavior\ReadHtmlCacheBehavior [ RunTime:0.001000s ]
INFO: [ app_begin ] --END-- [ RunTime:0.001000s ]
SQL: SHOW COLUMNS FROM `bd_reader` [ RunTime:0.0010s ]
SQL: SELECT * FROM `bd_reader` WHERE `id` = 2 LIMIT 1   [ RunTime:0.0010s ]
SQL: SHOW COLUMNS FROM `bd_shopcar` [ RunTime:0.0010s ]
SQL: SELECT COUNT(*) AS tp_count FROM `bd_shopcar` WHERE `readerid` = 2 LIMIT 1   [ RunTime:0.0000s ]
SQL: DELETE FROM `bd_shopcar` WHERE `id` = 29 [ RunTime:0.0430s ]
SQL: DELETE FROM `bd_shopcar` WHERE `id` = 30 [ RunTime:0.0010s ]
SQL: SELECT COUNT(*) AS tp_count FROM `bd_shopcar` WHERE `readerid` = 2 LIMIT 1   [ RunTime:0.0010s ]
SQL: SELECT * FROM `bd_shopcar` WHERE `readerid` = 2  [ RunTime:0.0000s ]
SQL: SHOW COLUMNS FROM `bd_book` [ RunTime:0.0000s ]
SQL: SHOW COLUMNS FROM `bd_book` [ RunTime:0.0000s ]
SQL: SELECT b.id,b.bookname,b.price,b.bookpic,a.authorname FROM bd_book b,bd_author a WHERE b.id = '50' AND ( b.authorid=a.id )  [ RunTime:0.0010s ]
NOTIC: [8] Undefined variable: totalprice C:\wamp\www\BdNovel\Application\Home\Controller\ShopcarController.class.php 第 25 行.
INFO: [ view_parse ] --START--
INFO: [ template_filter ] --START--
INFO: Run Behavior\ContentReplaceBehavior [ RunTime:0.000000s ]
INFO: [ template_filter ] --END-- [ RunTime:0.000000s ]
INFO: Run Behavior\ParseTemplateBehavior [ RunTime:0.013000s ]
INFO: [ view_parse ] --END-- [ RunTime:0.013000s ]
INFO: [ view_filter ] --START--
INFO: Run Behavior\WriteHtmlCacheBehavior [ RunTime:0.000000s ]
INFO: [ view_filter ] --END-- [ RunTime:0.000000s ]
INFO: [ app_end ] --START--
INFO: Run Behavior\ShowPageTraceBehavior [ RunTime:0.001000s ]
INFO: [ app_end ] --END-- [ RunTime:0.001000s ]

[ 2016-11-20T17:32:42+08:00 ] ::1 /BdNovel/index.php/Home/Shopcar/add.html
INFO: [ app_begin ] --START--
INFO: Run Behavior\ReadHtmlCacheBehavior [ RunTime:0.001000s ]
INFO: [ app_begin ] --END-- [ RunTime:0.002000s ]
SQL: SHOW COLUMNS FROM `bd_shopcar` [ RunTime:0.0010s ]
SQL: INSERT INTO `bd_shopcar` (`bookid`,`readerid`) VALUES ('52','2') [ RunTime:0.0110s ]
INFO: [ app_end ] --START--
INFO: Run Behavior\ShowPageTraceBehavior [ RunTime:0.001000s ]
INFO: [ app_end ] --END-- [ RunTime:0.001000s ]

[ 2016-11-20T17:32:46+08:00 ] ::1 /BdNovel/index.php/Home/Shopcar/add.html
INFO: [ app_begin ] --START--
INFO: Run Behavior\ReadHtmlCacheBehavior [ RunTime:0.001000s ]
INFO: [ app_begin ] --END-- [ RunTime:0.001000s ]
SQL: SHOW COLUMNS FROM `bd_shopcar` [ RunTime:0.0010s ]
SQL: INSERT INTO `bd_shopcar` (`bookid`,`readerid`) VALUES ('53','2') [ RunTime:0.0210s ]
INFO: [ app_end ] --START--
INFO: Run Behavior\ShowPageTraceBehavior [ RunTime:0.001000s ]
INFO: [ app_end ] --END-- [ RunTime:0.001000s ]

[ 2016-11-20T17:33:05+08:00 ] ::1 /BdNovel/index.php/Home/Shopcar/index.html?delid=31
INFO: [ app_begin ] --START--
INFO: Run Behavior\ReadHtmlCacheBehavior [ RunTime:0.001000s ]
INFO: [ app_begin ] --END-- [ RunTime:0.001000s ]
SQL: SHOW COLUMNS FROM `bd_reader` [ RunTime:0.0010s ]
SQL: SELECT * FROM `bd_reader` WHERE `id` = 2 LIMIT 1   [ RunTime:0.0010s ]
SQL: SHOW COLUMNS FROM `bd_shopcar` [ RunTime:0.0010s ]
SQL: SELECT COUNT(*) AS tp_count FROM `bd_shopcar` WHERE `readerid` = 2 LIMIT 1   [ RunTime:0.0010s ]
SQL: DELETE FROM `bd_shopcar` WHERE `id` = 31 [ RunTime:0.0250s ]
SQL: SELECT COUNT(*) AS tp_count FROM `bd_shopcar` WHERE `readerid` = 2 LIMIT 1   [ RunTime:0.0000s ]
SQL: SELECT * FROM `bd_shopcar` WHERE `readerid` = 2  [ RunTime:0.0010s ]
SQL: SHOW COLUMNS FROM `bd_book` [ RunTime:0.0010s ]
SQL: SHOW COLUMNS FROM `bd_book` [ RunTime:0.0000s ]
SQL: SELECT b.id,b.bookname,b.price,b.bookpic,a.authorname FROM bd_book b,bd_author a WHERE b.id = '52' AND ( b.authorid=a.id )  [ RunTime:0.0000s ]
NOTIC: [8] Undefined variable: totalprice C:\wamp\www\BdNovel\Application\Home\Controller\ShopcarController.class.php 第 25 行.
SQL: SHOW COLUMNS FROM `bd_book` [ RunTime:0.0000s ]
SQL: SELECT b.id,b.bookname,b.price,b.bookpic,a.authorname FROM bd_book b,bd_author a WHERE b.id = '53' AND ( b.authorid=a.id )  [ RunTime:0.0000s ]
INFO: [ view_parse ] --START--
INFO: [ template_filter ] --START--
INFO: Run Behavior\ContentReplaceBehavior [ RunTime:0.000000s ]
INFO: [ template_filter ] --END-- [ RunTime:0.000000s ]
INFO: Run Behavior\ParseTemplateBehavior [ RunTime:0.014001s ]
INFO: [ view_parse ] --END-- [ RunTime:0.014001s ]
INFO: [ view_filter ] --START--
INFO: Run Behavior\WriteHtmlCacheBehavior [ RunTime:0.001000s ]
INFO: [ view_filter ] --END-- [ RunTime:0.001000s ]
INFO: [ app_end ] --START--
INFO: Run Behavior\ShowPageTraceBehavior [ RunTime:0.001000s ]
INFO: [ app_end ] --END-- [ RunTime:0.001000s ]

[ 2016-11-20T17:33:27+08:00 ] ::1 /BdNovel/index.php/Home/Shopcar/add.html
INFO: [ app_begin ] --START--
INFO: Run Behavior\ReadHtmlCacheBehavior [ RunTime:0.001000s ]
INFO: [ app_begin ] --END-- [ RunTime:0.001000s ]
SQL: SHOW COLUMNS FROM `bd_shopcar` [ RunTime:0.0010s ]
SQL: INSERT INTO `bd_shopcar` (`bookid`,`readerid`) VALUES ('51','2') [ RunTime:0.0090s ]
INFO: [ app_end ] --START--
INFO: Run Behavior\ShowPageTraceBehavior [ RunTime:0.000000s ]
INFO: [ app_end ] --END-- [ RunTime:0.000000s ]

[ 2016-11-20T17:33:57+08:00 ] ::1 /BdNovel/index.php/Home/Shopcar/index.html?delid=33,34
INFO: [ app_begin ] --START--
INFO: Run Behavior\ReadHtmlCacheBehavior [ RunTime:0.000000s ]
INFO: [ app_begin ] --END-- [ RunTime:0.001000s ]
SQL: SHOW COLUMNS FROM `bd_reader` [ RunTime:0.0010s ]
SQL: SELECT * FROM `bd_reader` WHERE `id` = 2 LIMIT 1   [ RunTime:0.0000s ]
SQL: SHOW COLUMNS FROM `bd_shopcar` [ RunTime:0.0010s ]
SQL: SELECT COUNT(*) AS tp_count FROM `bd_shopcar` WHERE `readerid` = 2 LIMIT 1   [ RunTime:0.0010s ]
SQL: DELETE FROM `bd_shopcar` WHERE `id` = 33 [ RunTime:0.0420s ]
SQL: DELETE FROM `bd_shopcar` WHERE `id` = 34 [ RunTime:0.0400s ]
SQL: SELECT COUNT(*) AS tp_count FROM `bd_shopcar` WHERE `readerid` = 2 LIMIT 1   [ RunTime:0.0010s ]
SQL: SELECT * FROM `bd_shopcar` WHERE `readerid` = 2  [ RunTime:0.0000s ]
SQL: SHOW COLUMNS FROM `bd_book` [ RunTime:0.0320s ]
SQL: SHOW COLUMNS FROM `bd_book` [ RunTime:0.0170s ]
SQL: SELECT b.id,b.bookname,b.price,b.bookpic,a.authorname FROM bd_book b,bd_author a WHERE b.id = '52' AND ( b.authorid=a.id )  [ RunTime:0.0020s ]
NOTIC: [8] Undefined variable: totalprice C:\wamp\www\BdNovel\Application\Home\Controller\ShopcarController.class.php 第 25 行.
INFO: [ view_parse ] --START--
INFO: [ template_filter ] --START--
INFO: Run Behavior\ContentReplaceBehavior [ RunTime:0.000000s ]
INFO: [ template_filter ] --END-- [ RunTime:0.000000s ]
INFO: Run Behavior\ParseTemplateBehavior [ RunTime:0.025001s ]
INFO: [ view_parse ] --END-- [ RunTime:0.025001s ]
INFO: [ view_filter ] --START--
INFO: Run Behavior\WriteHtmlCacheBehavior [ RunTime:0.000000s ]
INFO: [ view_filter ] --END-- [ RunTime:0.000000s ]
INFO: [ app_end ] --START--
INFO: Run Behavior\ShowPageTraceBehavior [ RunTime:0.002000s ]
INFO: [ app_end ] --END-- [ RunTime:0.002000s ]

[ 2016-11-20T18:14:50+08:00 ] ::1 /BdNovel/index.php/Home/Shopcar/add.html
INFO: [ app_begin ] --START--
INFO: Run Behavior\ReadHtmlCacheBehavior [ RunTime:0.001000s ]
INFO: [ app_begin ] --END-- [ RunTime:0.001000s ]
SQL: SHOW COLUMNS FROM `bd_shopcar` [ RunTime:0.0200s ]
SQL: INSERT INTO `bd_shopcar` (`bookid`,`readerid`) VALUES ('53','2') [ RunTime:0.0200s ]
INFO: [ app_end ] --START--
INFO: Run Behavior\ShowPageTraceBehavior [ RunTime:0.003001s ]
INFO: [ app_end ] --END-- [ RunTime:0.003001s ]

[ 2016-11-20T18:14:55+08:00 ] ::1 /BdNovel/index.php/Home/Shopcar/add.html
INFO: [ app_begin ] --START--
INFO: Run Behavior\ReadHtmlCacheBehavior [ RunTime:0.001000s ]
INFO: [ app_begin ] --END-- [ RunTime:0.001000s ]
SQL: SHOW COLUMNS FROM `bd_shopcar` [ RunTime:0.0010s ]
SQL: INSERT INTO `bd_shopcar` (`bookid`,`readerid`) VALUES ('51','2') [ RunTime:0.0140s ]
INFO: [ app_end ] --START--
INFO: Run Behavior\ShowPageTraceBehavior [ RunTime:0.002000s ]
INFO: [ app_end ] --END-- [ RunTime:0.002000s ]

[ 2016-11-20T18:15:18+08:00 ] ::1 /BdNovel/index.php/Home/Shopcar/index.html?delid=32,35,36
INFO: [ app_begin ] --START--
INFO: Run Behavior\ReadHtmlCacheBehavior [ RunTime:0.001000s ]
INFO: [ app_begin ] --END-- [ RunTime:0.002000s ]
SQL: SHOW COLUMNS FROM `bd_reader` [ RunTime:0.0010s ]
SQL: SELECT * FROM `bd_reader` WHERE `id` = 2 LIMIT 1   [ RunTime:0.0000s ]
SQL: SHOW COLUMNS FROM `bd_shopcar` [ RunTime:0.0010s ]
SQL: SELECT COUNT(*) AS tp_count FROM `bd_shopcar` WHERE `readerid` = 2 LIMIT 1   [ RunTime:0.0000s ]
SQL: DELETE FROM `bd_shopcar` WHERE `id` = 32 [ RunTime:0.0270s ]
SQL: DELETE FROM `bd_shopcar` WHERE `id` = 35 [ RunTime:0.0010s ]
SQL: DELETE FROM `bd_shopcar` WHERE `id` = 36 [ RunTime:0.0010s ]
SQL: SELECT COUNT(*) AS tp_count FROM `bd_shopcar` WHERE `readerid` = 2 LIMIT 1   [ RunTime:0.0000s ]
SQL: SELECT * FROM `bd_shopcar` WHERE `readerid` = 2  [ RunTime:0.0010s ]
NOTIC: [8] Undefined variable: totalprice C:\wamp\www\BdNovel\Application\Home\Controller\ShopcarController.class.php 第 30 行.
NOTIC: [8] Undefined variable: data C:\wamp\www\BdNovel\Application\Home\Controller\ShopcarController.class.php 第 31 行.
INFO: [ view_parse ] --START--
INFO: [ template_filter ] --START--
INFO: Run Behavior\ContentReplaceBehavior [ RunTime:0.000000s ]
INFO: [ template_filter ] --END-- [ RunTime:0.001000s ]
INFO: Run Behavior\ParseTemplateBehavior [ RunTime:0.013001s ]
INFO: [ view_parse ] --END-- [ RunTime:0.013001s ]
INFO: [ view_filter ] --START--
INFO: Run Behavior\WriteHtmlCacheBehavior [ RunTime:0.000000s ]
INFO: [ view_filter ] --END-- [ RunTime:0.000000s ]
INFO: [ app_end ] --START--
INFO: Run Behavior\ShowPageTraceBehavior [ RunTime:0.001000s ]
INFO: [ app_end ] --END-- [ RunTime:0.001000s ]

[ 2016-11-20T18:15:23+08:00 ] ::1 /BdNovel/index.php/Home/Shopcar/add.html
INFO: [ app_begin ] --START--
INFO: Run Behavior\ReadHtmlCacheBehavior [ RunTime:0.000000s ]
INFO: [ app_begin ] --END-- [ RunTime:0.001000s ]
SQL: SHOW COLUMNS FROM `bd_shopcar` [ RunTime:0.0010s ]
SQL: INSERT INTO `bd_shopcar` (`bookid`,`readerid`) VALUES ('53','2') [ RunTime:0.0340s ]
INFO: [ app_end ] --START--
INFO: Run Behavior\ShowPageTraceBehavior [ RunTime:0.002000s ]
INFO: [ app_end ] --END-- [ RunTime:0.003000s ]

[ 2016-11-20T18:15:27+08:00 ] ::1 /BdNovel/index.php/Home/Shopcar/add.html
INFO: [ app_begin ] --START--
INFO: Run Behavior\ReadHtmlCacheBehavior [ RunTime:0.000000s ]
INFO: [ app_begin ] --END-- [ RunTime:0.001001s ]
SQL: SHOW COLUMNS FROM `bd_shopcar` [ RunTime:0.0010s ]
SQL: INSERT INTO `bd_shopcar` (`bookid`,`readerid`) VALUES ('51','2') [ RunTime:0.0170s ]
INFO: [ app_end ] --START--
INFO: Run Behavior\ShowPageTraceBehavior [ RunTime:0.000000s ]
INFO: [ app_end ] --END-- [ RunTime:0.000000s ]

[ 2016-11-20T18:15:31+08:00 ] ::1 /BdNovel/index.php/Home/Shopcar/add.html
INFO: [ app_begin ] --START--
INFO: Run Behavior\ReadHtmlCacheBehavior [ RunTime:0.001000s ]
INFO: [ app_begin ] --END-- [ RunTime:0.001000s ]
SQL: SHOW COLUMNS FROM `bd_shopcar` [ RunTime:0.0000s ]
SQL: INSERT INTO `bd_shopcar` (`bookid`,`readerid`) VALUES ('50','2') [ RunTime:0.0420s ]
INFO: [ app_end ] --START--
INFO: Run Behavior\ShowPageTraceBehavior [ RunTime:0.002000s ]
INFO: [ app_end ] --END-- [ RunTime:0.002000s ]

[ 2016-11-20T18:16:00+08:00 ] ::1 /BdNovel/index.php/Home/Shopcar/index.html?delid=37,38
INFO: [ app_begin ] --START--
INFO: Run Behavior\ReadHtmlCacheBehavior [ RunTime:0.002000s ]
INFO: [ app_begin ] --END-- [ RunTime:0.003000s ]
SQL: SHOW COLUMNS FROM `bd_reader` [ RunTime:0.0010s ]
SQL: SELECT * FROM `bd_reader` WHERE `id` = 2 LIMIT 1   [ RunTime:0.0000s ]
SQL: SHOW COLUMNS FROM `bd_shopcar` [ RunTime:0.0010s ]
SQL: SELECT COUNT(*) AS tp_count FROM `bd_shopcar` WHERE `readerid` = 2 LIMIT 1   [ RunTime:0.0000s ]
SQL: DELETE FROM `bd_shopcar` WHERE `id` = 37 [ RunTime:0.0010s ]
SQL: DELETE FROM `bd_shopcar` WHERE `id` = 38 [ RunTime:0.0000s ]
SQL: SELECT COUNT(*) AS tp_count FROM `bd_shopcar` WHERE `readerid` = 2 LIMIT 1   [ RunTime:0.0000s ]
SQL: SELECT * FROM `bd_shopcar` WHERE `readerid` = 2  [ RunTime:0.0010s ]
SQL: SHOW COLUMNS FROM `bd_book` [ RunTime:0.0010s ]
SQL: SHOW COLUMNS FROM `bd_book` [ RunTime:0.0010s ]
SQL: SELECT b.id,b.bookname,b.price,b.bookpic,a.authorname FROM bd_book b,bd_author a WHERE b.id = '50' AND ( b.authorid=a.id )  [ RunTime:0.0000s ]
NOTIC: [8] Undefined variable: totalprice C:\wamp\www\BdNovel\Application\Home\Controller\ShopcarController.class.php 第 25 行.
INFO: [ view_parse ] --START--
INFO: [ template_filter ] --START--
INFO: Run Behavior\ContentReplaceBehavior [ RunTime:0.000000s ]
INFO: [ template_filter ] --END-- [ RunTime:0.000000s ]
INFO: Run Behavior\ParseTemplateBehavior [ RunTime:0.013001s ]
INFO: [ view_parse ] --END-- [ RunTime:0.013001s ]
INFO: [ view_filter ] --START--
INFO: Run Behavior\WriteHtmlCacheBehavior [ RunTime:0.000000s ]
INFO: [ view_filter ] --END-- [ RunTime:0.001000s ]
INFO: [ app_end ] --START--
INFO: Run Behavior\ShowPageTraceBehavior [ RunTime:0.001000s ]
INFO: [ app_end ] --END-- [ RunTime:0.001000s ]

[ 2016-11-20T18:16:11+08:00 ] ::1 /BdNovel/index.php/Home/Shopcar/add.html
INFO: [ app_begin ] --START--
INFO: Run Behavior\ReadHtmlCacheBehavior [ RunTime:0.000000s ]
INFO: [ app_begin ] --END-- [ RunTime:0.001000s ]
SQL: SHOW COLUMNS FROM `bd_shopcar` [ RunTime:0.0010s ]
SQL: INSERT INTO `bd_shopcar` (`bookid`,`readerid`) VALUES ('53','2') [ RunTime:0.0350s ]
INFO: [ app_end ] --START--
INFO: Run Behavior\ShowPageTraceBehavior [ RunTime:0.001001s ]
INFO: [ app_end ] --END-- [ RunTime:0.001001s ]

[ 2016-11-20T18:16:15+08:00 ] ::1 /BdNovel/index.php/Home/Shopcar/add.html
INFO: [ app_begin ] --START--
INFO: Run Behavior\ReadHtmlCacheBehavior [ RunTime:0.001000s ]
INFO: [ app_begin ] --END-- [ RunTime:0.001000s ]
SQL: SHOW COLUMNS FROM `bd_shopcar` [ RunTime:0.0010s ]
SQL: INSERT INTO `bd_shopcar` (`bookid`,`readerid`) VALUES ('51','2') [ RunTime:0.0140s ]
INFO: [ app_end ] --START--
INFO: Run Behavior\ShowPageTraceBehavior [ RunTime:0.001000s ]
INFO: [ app_end ] --END-- [ RunTime:0.001000s ]

[ 2016-11-20T18:20:55+08:00 ] ::1 /BdNovel/index.php/Home/Shopcar/index.html?delid=39
INFO: [ app_begin ] --START--
INFO: Run Behavior\ReadHtmlCacheBehavior [ RunTime:0.001000s ]
INFO: [ app_begin ] --END-- [ RunTime:0.002000s ]
SQL: SHOW COLUMNS FROM `bd_reader` [ RunTime:0.0010s ]
SQL: SELECT * FROM `bd_reader` WHERE `id` = 2 LIMIT 1   [ RunTime:0.0000s ]
SQL: SHOW COLUMNS FROM `bd_shopcar` [ RunTime:0.0010s ]
SQL: SELECT COUNT(*) AS tp_count FROM `bd_shopcar` WHERE `readerid` = 2 LIMIT 1   [ RunTime:0.0010s ]
SQL: DELETE FROM `bd_shopcar` WHERE `id` = 39 [ RunTime:0.0010s ]
SQL: SELECT COUNT(*) AS tp_count FROM `bd_shopcar` WHERE `readerid` = 2 LIMIT 1   [ RunTime:0.0000s ]
SQL: SELECT * FROM `bd_shopcar` WHERE `readerid` = 2  [ RunTime:0.0010s ]
SQL: SHOW COLUMNS FROM `bd_book` [ RunTime:0.0010s ]
SQL: SHOW COLUMNS FROM `bd_book` [ RunTime:0.0010s ]
SQL: SELECT b.id,b.bookname,b.price,b.bookpic,a.authorname FROM bd_book b,bd_author a WHERE b.id = '53' AND ( b.authorid=a.id )  [ RunTime:0.0000s ]
NOTIC: [8] Undefined variable: totalprice C:\wamp\www\BdNovel\Application\Home\Controller\ShopcarController.class.php 第 25 行.
SQL: SHOW COLUMNS FROM `bd_book` [ RunTime:0.0010s ]
SQL: SELECT b.id,b.bookname,b.price,b.bookpic,a.authorname FROM bd_book b,bd_author a WHERE b.id = '51' AND ( b.authorid=a.id )  [ RunTime:0.0010s ]
INFO: [ view_parse ] --START--
INFO: [ template_filter ] --START--
INFO: Run Behavior\ContentReplaceBehavior [ RunTime:0.000000s ]
INFO: [ template_filter ] --END-- [ RunTime:0.000000s ]
INFO: Run Behavior\ParseTemplateBehavior [ RunTime:0.013000s ]
INFO: [ view_parse ] --END-- [ RunTime:0.013000s ]
INFO: [ view_filter ] --START--
INFO: Run Behavior\WriteHtmlCacheBehavior [ RunTime:0.000000s ]
INFO: [ view_filter ] --END-- [ RunTime:0.001000s ]
INFO: [ app_end ] --START--
INFO: Run Behavior\ShowPageTraceBehavior [ RunTime:0.001000s ]
INFO: [ app_end ] --END-- [ RunTime:0.001000s ]

[ 2016-11-20T18:21:42+08:00 ] ::1 /BdNovel/index.php/Home/Shopcar/add.html
INFO: [ app_begin ] --START--
INFO: Run Behavior\ReadHtmlCacheBehavior [ RunTime:0.000000s ]
INFO: [ app_begin ] --END-- [ RunTime:0.001000s ]
SQL: SHOW COLUMNS FROM `bd_shopcar` [ RunTime:0.0000s ]
SQL: INSERT INTO `bd_shopcar` (`bookid`,`readerid`) VALUES ('55','2') [ RunTime:0.0400s ]
INFO: [ app_end ] --START--
INFO: Run Behavior\ShowPageTraceBehavior [ RunTime:0.003000s ]
INFO: [ app_end ] --END-- [ RunTime:0.003000s ]

[ 2016-11-20T18:21:50+08:00 ] ::1 /BdNovel/index.php/Home/Shopcar/index.html?delid=40
INFO: [ app_begin ] --START--
INFO: Run Behavior\ReadHtmlCacheBehavior [ RunTime:0.001000s ]
INFO: [ app_begin ] --END-- [ RunTime:0.001000s ]
SQL: SHOW COLUMNS FROM `bd_reader` [ RunTime:0.0010s ]
SQL: SELECT * FROM `bd_reader` WHERE `id` = 2 LIMIT 1   [ RunTime:0.0010s ]
SQL: SHOW COLUMNS FROM `bd_shopcar` [ RunTime:0.0010s ]
SQL: SELECT COUNT(*) AS tp_count FROM `bd_shopcar` WHERE `readerid` = 2 LIMIT 1   [ RunTime:0.0000s ]
SQL: DELETE FROM `bd_shopcar` WHERE `id` = 40 [ RunTime:0.0010s ]
SQL: SELECT COUNT(*) AS tp_count FROM `bd_shopcar` WHERE `readerid` = 2 LIMIT 1   [ RunTime:0.0000s ]
SQL: SELECT * FROM `bd_shopcar` WHERE `readerid` = 2  [ RunTime:0.0000s ]
SQL: SHOW COLUMNS FROM `bd_book` [ RunTime:0.0000s ]
SQL: SHOW COLUMNS FROM `bd_book` [ RunTime:0.0000s ]
SQL: SELECT b.id,b.bookname,b.price,b.bookpic,a.authorname FROM bd_book b,bd_author a WHERE b.id = '51' AND ( b.authorid=a.id )  [ RunTime:0.0000s ]
NOTIC: [8] Undefined variable: totalprice C:\wamp\www\BdNovel\Application\Home\Controller\ShopcarController.class.php 第 25 行.
SQL: SHOW COLUMNS FROM `bd_book` [ RunTime:0.0010s ]
SQL: SELECT b.id,b.bookname,b.price,b.bookpic,a.authorname FROM bd_book b,bd_author a WHERE b.id = '55' AND ( b.authorid=a.id )  [ RunTime:0.0010s ]
INFO: [ view_parse ] --START--
INFO: [ template_filter ] --START--
INFO: Run Behavior\ContentReplaceBehavior [ RunTime:0.000000s ]
INFO: [ template_filter ] --END-- [ RunTime:0.000000s ]
INFO: Run Behavior\ParseTemplateBehavior [ RunTime:0.015001s ]
INFO: [ view_parse ] --END-- [ RunTime:0.015001s ]
INFO: [ view_filter ] --START--
INFO: Run Behavior\WriteHtmlCacheBehavior [ RunTime:0.000000s ]
INFO: [ view_filter ] --END-- [ RunTime:0.000000s ]
INFO: [ app_end ] --START--
INFO: Run Behavior\ShowPageTraceBehavior [ RunTime:0.000000s ]
INFO: [ app_end ] --END-- [ RunTime:0.000000s ]

[ 2016-11-20T18:21:58+08:00 ] ::1 /BdNovel/index.php/Home/Shopcar/index.html?delid=41
INFO: [ app_begin ] --START--
INFO: Run Behavior\ReadHtmlCacheBehavior [ RunTime:0.001001s ]
INFO: [ app_begin ] --END-- [ RunTime:0.002001s ]
SQL: SHOW COLUMNS FROM `bd_reader` [ RunTime:0.0010s ]
SQL: SELECT * FROM `bd_reader` WHERE `id` = 2 LIMIT 1   [ RunTime:0.0000s ]
SQL: SHOW COLUMNS FROM `bd_shopcar` [ RunTime:0.0000s ]
SQL: SELECT COUNT(*) AS tp_count FROM `bd_shopcar` WHERE `readerid` = 2 LIMIT 1   [ RunTime:0.0000s ]
SQL: DELETE FROM `bd_shopcar` WHERE `id` = 41 [ RunTime:0.0010s ]
SQL: SELECT COUNT(*) AS tp_count FROM `bd_shopcar` WHERE `readerid` = 2 LIMIT 1   [ RunTime:0.0000s ]
SQL: SELECT * FROM `bd_shopcar` WHERE `readerid` = 2  [ RunTime:0.0000s ]
SQL: SHOW COLUMNS FROM `bd_book` [ RunTime:0.0010s ]
SQL: SHOW COLUMNS FROM `bd_book` [ RunTime:0.0160s ]
SQL: SELECT b.id,b.bookname,b.price,b.bookpic,a.authorname FROM bd_book b,bd_author a WHERE b.id = '55' AND ( b.authorid=a.id )  [ RunTime:0.0010s ]
NOTIC: [8] Undefined variable: totalprice C:\wamp\www\BdNovel\Application\Home\Controller\ShopcarController.class.php 第 25 行.
INFO: [ view_parse ] --START--
INFO: [ template_filter ] --START--
INFO: Run Behavior\ContentReplaceBehavior [ RunTime:0.000000s ]
INFO: [ template_filter ] --END-- [ RunTime:0.001000s ]
INFO: Run Behavior\ParseTemplateBehavior [ RunTime:0.012001s ]
INFO: [ view_parse ] --END-- [ RunTime:0.013001s ]
INFO: [ view_filter ] --START--
INFO: Run Behavior\WriteHtmlCacheBehavior [ RunTime:0.000000s ]
INFO: [ view_filter ] --END-- [ RunTime:0.000000s ]
INFO: [ app_end ] --START--
INFO: Run Behavior\ShowPageTraceBehavior [ RunTime:0.000000s ]
INFO: [ app_end ] --END-- [ RunTime:0.000000s ]

[ 2016-11-20T20:07:44+08:00 ] ::1 /BdNovel/index.php/Home/Detail/comment.html
ERR: 模板不存在:./Application/Home/View/Detail/comment.html

[ 2016-11-20T20:38:02+08:00 ] ::1 /BdNovel/index.php/Home/Detail/comment.html
INFO: [ app_begin ] --START--
INFO: Run Behavior\ReadHtmlCacheBehavior [ RunTime:0.000000s ]
INFO: [ app_begin ] --END-- [ RunTime:0.001000s ]
SQL: SHOW COLUMNS FROM `bd_comment` [ RunTime:0.0010s ]
SQL: INSERT INTO `bd_comment` (`addtime`,`bookid`,`title`,`content`,`readerid`) VALUES ('1479645476','55','11111','undefined','2') [ RunTime:0.0320s ]

[ 2016-11-20T20:41:57+08:00 ] ::1 /BdNovel/index.php/Home/Detail/comment.html
INFO: [ app_begin ] --START--
INFO: Run Behavior\ReadHtmlCacheBehavior [ RunTime:0.000000s ]
INFO: [ app_begin ] --END-- [ RunTime:0.002000s ]
SQL: SHOW COLUMNS FROM `bd_comment` [ RunTime:0.0010s ]
SQL: INSERT INTO `bd_comment` (`addtime`,`bookid`,`title`,`content`,`readerid`) VALUES ('1479645638','55','2222','undefined','2') [ RunTime:0.0020s ]

[ 2016-11-20T20:42:26+08:00 ] ::1 /BdNovel/index.php/Home/Detail/comment.html
INFO: [ app_begin ] --START--
INFO: Run Behavior\ReadHtmlCacheBehavior [ RunTime:0.000000s ]
INFO: [ app_begin ] --END-- [ RunTime:0.002000s ]
SQL: SHOW COLUMNS FROM `bd_comment` [ RunTime:0.0010s ]
SQL: INSERT INTO `bd_comment` (`addtime`,`bookid`,`title`,`content`,`readerid`) VALUES ('1479645717','55','11111','undefined','2') [ RunTime:0.0380s ]

[ 2016-11-20T20:43:15+08:00 ] ::1 /BdNovel/index.php/Home/Detail/comment.html
INFO: [ app_begin ] --START--
INFO: Run Behavior\ReadHtmlCacheBehavior [ RunTime:0.001000s ]
INFO: [ app_begin ] --END-- [ RunTime:0.001000s ]
SQL: SHOW COLUMNS FROM `bd_comment` [ RunTime:0.0010s ]
SQL: INSERT INTO `bd_comment` (`addtime`,`bookid`,`title`,`content`,`readerid`) VALUES ('1479645789','55','11111','undefined','2') [ RunTime:0.0310s ]

[ 2016-11-20T20:46:47+08:00 ] ::1 /BdNovel/index.php/Home/Detail/comment.html
INFO: [ app_begin ] --START--
INFO: Run Behavior\ReadHtmlCacheBehavior [ RunTime:0.001000s ]
INFO: [ app_begin ] --END-- [ RunTime:0.001000s ]
SQL: SHOW COLUMNS FROM `bd_comment` [ RunTime:0.0010s ]
SQL: INSERT INTO `bd_comment` (`addtime`,`bookid`,`title`,`content`,`readerid`) VALUES ('1479646001','55','1111','22222','2') [ RunTime:0.0320s ]

