[ 2016-11-25T09:22:32+08:00 ] ::1 /BdNovel/Public/images/line.png
ERR: 无法加载模块:Public

[ 2016-11-25T09:23:18+08:00 ] ::1 /BdNovel/Public/images/tmbg-white.png
ERR: 无法加载模块:Public

[ 2016-11-25T10:10:55+08:00 ] ::1 /BdNovel/Public/images/line.png
ERR: 无法加载模块:Public

[ 2016-11-25T10:21:20+08:00 ] ::1 /BdNovel/Public/images/line.png
ERR: 无法加载模块:Public

[ 2016-11-25T10:24:57+08:00 ] ::1 /BdNovel/Public/images/line.png
ERR: 无法加载模块:Public

[ 2016-11-25T10:25:18+08:00 ] ::1 /BdNovel/Public/images/line.png
ERR: 无法加载模块:Public

[ 2016-11-25T10:27:03+08:00 ] ::1 /BdNovel/Public/images/line.png
ERR: 无法加载模块:Public

[ 2016-11-25T10:28:25+08:00 ] ::1 /BdNovel/Public/images/line.png
ERR: 无法加载模块:Public

[ 2016-11-25T10:29:11+08:00 ] ::1 /BdNovel/Public/images/line.png
ERR: 无法加载模块:Public

[ 2016-11-25T10:31:08+08:00 ] ::1 /BdNovel/Public/images/line.png
ERR: 无法加载模块:Public

[ 2016-11-25T10:34:19+08:00 ] ::1 /BdNovel/Public/images/line.png
ERR: 无法加载模块:Public

[ 2016-11-25T10:39:14+08:00 ] ::1 /BdNovel/Public/images/line.png
ERR: 无法加载模块:Public

[ 2016-11-25T10:41:35+08:00 ] ::1 /BdNovel/Public/images/line.png
ERR: 无法加载模块:Public

[ 2016-11-25T10:41:46+08:00 ] ::1 /BdNovel/Public/images/line.png
ERR: 无法加载模块:Public

[ 2016-11-25T10:42:28+08:00 ] ::1 /BdNovel/Public/images/line.png
ERR: 无法加载模块:Public

[ 2016-11-25T10:44:43+08:00 ] ::1 /BdNovel/Public/images/line.png
ERR: 无法加载模块:Public

[ 2016-11-25T10:45:11+08:00 ] ::1 /BdNovel/index.php//pic/582c70000e05f.jpg.html
ERR: 无法加载模块:Pic

[ 2016-11-25T10:45:16+08:00 ] ::1 /BdNovel/index.php//pic/582c70000e05f.jpg.html
ERR: 无法加载模块:Pic

[ 2016-11-25T10:45:19+08:00 ] ::1 /BdNovel/index.php//pic/582c70000e05f.jpg.html
ERR: 无法加载模块:Pic

[ 2016-11-25T10:45:58+08:00 ] ::1 /BdNovel/Public/images/line.png
ERR: 无法加载模块:Public

[ 2016-11-25T10:50:40+08:00 ] ::1 /BdNovel/Public/images/line.png
ERR: 无法加载模块:Public

[ 2016-11-25T10:55:12+08:00 ] ::1 /BdNovel/Public/images/line.png
ERR: 无法加载模块:Public

[ 2016-11-25T10:56:29+08:00 ] ::1 /BdNovel/Public/images/line.png
ERR: 无法加载模块:Public

[ 2016-11-25T10:56:49+08:00 ] ::1 /BdNovel/Public/images/line.png
ERR: 无法加载模块:Public

[ 2016-11-25T11:01:17+08:00 ] ::1 /BdNovel/Public/images/line.png
ERR: 无法加载模块:Public

[ 2016-11-25T11:03:34+08:00 ] ::1 /BdNovel/Public/images/line.png
ERR: 无法加载模块:Public

[ 2016-11-25T11:37:52+08:00 ] 127.0.0.1 /Bdnovel/Upload/novel/Array
ERR: 无法加载模块:Upload

[ 2016-11-25T11:43:11+08:00 ] 127.0.0.1 /Bdnovel/Upload/novel/Array
ERR: 无法加载模块:Upload

[ 2016-11-25T11:46:21+08:00 ] ::1 /BdNovel/Public/images/line.png
ERR: 无法加载模块:Public

[ 2016-11-25T11:52:06+08:00 ] ::1 /BdNovel/Public/images/tmbg-white.png
ERR: 无法加载模块:Public

[ 2016-11-25T11:52:11+08:00 ] ::1 /BdNovel/Public/images/tmbg-white.png
ERR: 无法加载模块:Public

[ 2016-11-25T11:54:56+08:00 ] ::1 /BdNovel/Public/images/line.png
ERR: 无法加载模块:Public

[ 2016-11-25T13:16:24+08:00 ] ::1 /BdNovel/Public/images/line.png
ERR: 无法加载模块:Public

[ 2016-11-25T13:16:28+08:00 ] ::1 /BdNovel/Public/images/line.png
ERR: 无法加载模块:Public

[ 2016-11-25T14:12:21+08:00 ] ::1 /BdNovel/Public/images/tmbg-white.png
ERR: 无法加载模块:Public

[ 2016-11-25T14:14:03+08:00 ] ::1 /BdNovel/Public/images/tmbg-white.png
ERR: 无法加载模块:Public

[ 2016-11-25T14:30:32+08:00 ] ::1 /BdNovel/Public/images/tmbg-white.png
ERR: 无法加载模块:Public

[ 2016-11-25T14:34:30+08:00 ] ::1 /BdNovel/Public/images/tmbg-white.png
ERR: 无法加载模块:Public

[ 2016-11-25T14:42:16+08:00 ] ::1 /BdNovel/Public/images/tmbg-white.png
ERR: 无法加载模块:Public

[ 2016-11-25T14:44:19+08:00 ] ::1 /BdNovel/Public/images/tmbg-white.png
ERR: 无法加载模块:Public

[ 2016-11-25T14:48:37+08:00 ] ::1 /BdNovel/Public/images/tmbg-white.png
ERR: 无法加载模块:Public

[ 2016-11-25T14:59:46+08:00 ] ::1 /BdNovel/Public/images/tmbg-white.png
ERR: 无法加载模块:Public

[ 2016-11-25T15:00:19+08:00 ] ::1 /BdNovel/Public/images/tmbg-white.png
ERR: 无法加载模块:Public

[ 2016-11-25T15:01:17+08:00 ] ::1 /BdNovel/Public/images/tmbg-white.png
ERR: 无法加载模块:Public

[ 2016-11-25T15:06:17+08:00 ] ::1 /BdNovel/Public/images/tmbg-white.png
ERR: 无法加载模块:Public

[ 2016-11-25T15:08:31+08:00 ] ::1 /BdNovel/Public/images/line.png
ERR: 无法加载模块:Public

[ 2016-11-25T15:15:52+08:00 ] ::1 /BdNovel/Public/images/tmbg-white.png
ERR: 无法加载模块:Public

[ 2016-11-25T15:19:59+08:00 ] ::1 /BdNovel/Public/images/tmbg-white.png
ERR: 无法加载模块:Public

[ 2016-11-25T15:32:01+08:00 ] ::1 /BdNovel/Public/images/tmbg-white.png
ERR: 无法加载模块:Public

[ 2016-11-25T15:37:45+08:00 ] ::1 /BdNovel/Public/images/tmbg-white.png
ERR: 无法加载模块:Public

[ 2016-11-25T15:41:26+08:00 ] ::1 /BdNovel/Public/images/line.png
ERR: 无法加载模块:Public

