[ 2016-11-21T08:59:43+08:00 ] ::1 /BdNovel/Public/images/line.png
ERR: 无法加载模块:Public

[ 2016-11-21T09:03:01+08:00 ] ::1 /BdNovel/Public/images/Home/l-r.png
ERR: 无法加载模块:Public

[ 2016-11-21T09:10:12+08:00 ] 127.0.0.1 /Bdnovel/Upload/novel/Array
ERR: 无法加载模块:Upload

[ 2016-11-21T09:26:51+08:00 ] ::1 /BdNovel/Public/images/line.png
ERR: 无法加载模块:Public

[ 2016-11-21T09:51:30+08:00 ] ::1 /BdNovel/Public/images/line.png
ERR: 无法加载模块:Public

[ 2016-11-21T09:52:28+08:00 ] ::1 /BdNovel/Public/images/line.png
ERR: 无法加载模块:Public

[ 2016-11-21T09:52:57+08:00 ] ::1 /BdNovel/Public/images/line.png
ERR: 无法加载模块:Public

[ 2016-11-21T10:59:14+08:00 ] ::1 /BdNovel/Public/images/line.png
ERR: 无法加载模块:Public

[ 2016-11-21T18:44:00+08:00 ] ::1 /BdNovel/Public/images/Home/l-r.png
ERR: 无法加载模块:Public

[ 2016-11-21T18:44:17+08:00 ] ::1 /BdNovel/Public/images/Home/l-r.png
ERR: 无法加载模块:Public

[ 2016-11-21T19:23:14+08:00 ] ::1 /BdNovel/Public/images/line.png
ERR: 无法加载模块:Public

[ 2016-11-21T21:19:30+08:00 ] ::1 /BdNovel/Public/images/line.png
ERR: 无法加载模块:Public

[ 2016-11-21T21:19:46+08:00 ] ::1 /BdNovel/Public/images/line.png
ERR: 无法加载模块:Public

[ 2016-11-21T21:31:18+08:00 ] ::1 /BdNovel/Public/images/line.png
ERR: 无法加载模块:Public

[ 2016-11-21T21:49:10+08:00 ] ::1 /BdNovel/Public/images/line.png
ERR: 无法加载模块:Public

[ 2016-11-21T21:49:15+08:00 ] ::1 /BdNovel/Public/images/line.png
ERR: 无法加载模块:Public

[ 2016-11-21T21:49:18+08:00 ] ::1 /BdNovel/Public/images/line.png
ERR: 无法加载模块:Public

[ 2016-11-21T21:56:34+08:00 ] ::1 /BdNovel/Public/images/line.png
ERR: 无法加载模块:Public

[ 2016-11-21T22:04:40+08:00 ] ::1 /BdNovel/Public/images/tmbg-white.png
ERR: 无法加载模块:Public

