[ 2016-11-16T15:22:20+08:00 ] ::1 /BdNovel/js/swiper3.07.min.js
ERR: 无法加载模块:Js

[ 2016-11-16T15:22:20+08:00 ] ::1 /BdNovel/images/book.jpg
ERR: 无法加载模块:Images

[ 2016-11-16T15:22:21+08:00 ] ::1 /BdNovel/images/book.jpg
ERR: 无法加载模块:Images

[ 2016-11-16T15:22:21+08:00 ] ::1 /BdNovel/js/swiper3.07.min.js
ERR: 无法加载模块:Js

[ 2016-11-16T15:22:21+08:00 ] ::1 /BdNovel/js/swiper3.07.min.js
ERR: 无法加载模块:Js

[ 2016-11-16T15:22:21+08:00 ] ::1 /BdNovel/images/book.jpg
ERR: 无法加载模块:Images

[ 2016-11-16T15:58:55+08:00 ] ::1 /BdNovel/Public/images/tmbg-white.png
ERR: 无法加载模块:Public

[ 2016-11-16T16:00:38+08:00 ] ::1 /BdNovel/Public/images/line.png
ERR: 无法加载模块:Public

[ 2016-11-16T16:06:16+08:00 ] ::1 /BdNovel/Public/images/line.png
ERR: 无法加载模块:Public

[ 2016-11-16T16:07:52+08:00 ] ::1 /BdNovel/Public/images/book.jpg
ERR: 无法加载模块:Public

[ 2016-11-16T16:07:54+08:00 ] ::1 /BdNovel/Public/images/book.jpg
ERR: 无法加载模块:Public

[ 2016-11-16T16:27:03+08:00 ] ::1 /BdNovel/Public/images/line.png
ERR: 无法加载模块:Public

[ 2016-11-16T18:31:36+08:00 ] ::1 /BdNovel/Public/images/line.png
ERR: 无法加载模块:Public

[ 2016-11-16T18:46:11+08:00 ] ::1 /BdNovel/Public/images/line.png
ERR: 无法加载模块:Public

[ 2016-11-16T18:50:28+08:00 ] ::1 /BdNovel/Public/images/line.png
ERR: 无法加载模块:Public

[ 2016-11-16T18:50:37+08:00 ] ::1 /BdNovel/Public/images/line.png
ERR: 无法加载模块:Public

[ 2016-11-16T18:51:02+08:00 ] ::1 /BdNovel/Public/images/line.png
ERR: 无法加载模块:Public

[ 2016-11-16T18:51:16+08:00 ] ::1 /BdNovel/Public/images/line.png
ERR: 无法加载模块:Public

[ 2016-11-16T18:51:23+08:00 ] ::1 /BdNovel/Public/images/line.png
ERR: 无法加载模块:Public

[ 2016-11-16T18:51:50+08:00 ] ::1 /BdNovel/Public/images/line.png
ERR: 无法加载模块:Public

[ 2016-11-16T19:28:08+08:00 ] ::1 /BdNovel/Public/images/line.png
ERR: 无法加载模块:Public

[ 2016-11-16T19:52:15+08:00 ] ::1 /BdNovel/Public/images/line.png
ERR: 无法加载模块:Public

[ 2016-11-16T19:59:59+08:00 ] ::1 /BdNovel/Public/images/line.png
ERR: 无法加载模块:Public

[ 2016-11-16T22:29:08+08:00 ] ::1 /BdNovel/Public/images/line.png
ERR: 无法加载模块:Public

[ 2016-11-16T22:52:21+08:00 ] ::1 /BdNovel/Public/images/line.png
ERR: 无法加载模块:Public

[ 2016-11-16T22:53:26+08:00 ] ::1 /BdNovel/Public/images/line.png
ERR: 无法加载模块:Public

[ 2016-11-16T22:54:31+08:00 ] ::1 /BdNovel/Public/images/line.png
ERR: 无法加载模块:Public

[ 2016-11-16T22:55:34+08:00 ] ::1 /BdNovel/Public/images/line.png
ERR: 无法加载模块:Public

[ 2016-11-16T22:59:11+08:00 ] ::1 /BdNovel/Public/images/line.png
ERR: 无法加载模块:Public

[ 2016-11-16T22:59:47+08:00 ] ::1 /BdNovel/Public/images/line.png
ERR: 无法加载模块:Public

[ 2016-11-16T23:01:06+08:00 ] ::1 /BdNovel/Public/images/line.png
ERR: 无法加载模块:Public

[ 2016-11-16T23:01:11+08:00 ] ::1 /BdNovel/Public/images/line.png
ERR: 无法加载模块:Public

