[ 2016-11-24T09:00:30+08:00 ] ::1 /BdNovel/Public/images/line.png
ERR: 无法加载模块:Public

[ 2016-11-24T10:20:36+08:00 ] ::1 /BdNovel/Public/images/line.png
ERR: 无法加载模块:Public

[ 2016-11-24T10:58:49+08:00 ] 192.168.20.192 /BdNovel/Public/images/line.png
ERR: 无法加载模块:Public

[ 2016-11-24T10:58:54+08:00 ] 192.168.20.192 /BdNovel/Public/images/tmbg-white.png
ERR: 无法加载模块:Public

[ 2016-11-24T10:59:55+08:00 ] ::1 /BdNovel/Public/images/tmbg-white.png
ERR: 无法加载模块:Public

[ 2016-11-24T11:00:54+08:00 ] 192.168.20.192 /BdNovel/Public/images/line.png
ERR: 无法加载模块:Public

[ 2016-11-24T11:00:57+08:00 ] 192.168.20.192 /BdNovel/Public/images/tmbg-white.png
ERR: 无法加载模块:Public

[ 2016-11-24T11:04:16+08:00 ] 192.168.20.192 /BdNovel/Public/images/line.png
ERR: 无法加载模块:Public

[ 2016-11-24T11:04:19+08:00 ] 192.168.20.192 /BdNovel/Public/images/tmbg-white.png
ERR: 无法加载模块:Public

[ 2016-11-24T11:04:22+08:00 ] 192.168.20.192 /BdNovel/index.php/123/Login/login.html
ERR: 无法加载模块:123

[ 2016-11-24T11:11:23+08:00 ] ::1 /BdNovel/Public/images/tmbg-white.png
ERR: 无法加载模块:Public

[ 2016-11-24T11:41:02+08:00 ] ::1 /BdNovel/Public/images/line.png
ERR: 无法加载模块:Public

[ 2016-11-24T14:40:31+08:00 ] 192.168.20.192 /BdNovel/Public/images/line.png
ERR: 无法加载模块:Public

[ 2016-11-24T14:42:14+08:00 ] ::1 /BdNovel/Public/images/line.png
ERR: 无法加载模块:Public

[ 2016-11-24T15:36:34+08:00 ] ::1 /BdNovel/Public/images/line.png
ERR: 无法加载模块:Public

[ 2016-11-24T16:01:40+08:00 ] ::1 /BdNovel/Public/images/line.png
ERR: 无法加载模块:Public

[ 2016-11-24T16:03:37+08:00 ] ::1 /BdNovel/Public/images/line.png
ERR: 无法加载模块:Public

[ 2016-11-24T16:54:31+08:00 ] 192.168.20.192 /BdNovel/Public/images/line.png
ERR: 无法加载模块:Public

[ 2016-11-24T18:06:49+08:00 ] 192.168.20.192 /BdNovel/Public/images/line.png
ERR: 无法加载模块:Public

[ 2016-11-24T19:57:07+08:00 ] ::1 /BdNovel/Public/images/line.png
ERR: 无法加载模块:Public

[ 2016-11-24T20:16:18+08:00 ] ::1 /BdNovel/Public/images/line.png
ERR: 无法加载模块:Public

