[ 2016-11-22T09:00:48+08:00 ] ::1 /BdNovel/Public/images/line.png
ERR: 无法加载模块:Public

[ 2016-11-22T09:00:54+08:00 ] ::1 /BdNovel/Public/images/tmbg-white.png
ERR: 无法加载模块:Public

[ 2016-11-22T09:12:21+08:00 ] ::1 /BdNovel/Public/images/tmbg-white.png
ERR: 无法加载模块:Public

[ 2016-11-22T09:16:13+08:00 ] ::1 /BdNovel/Public/images/line.png
ERR: 无法加载模块:Public

[ 2016-11-22T09:16:26+08:00 ] ::1 /BdNovel/Public/images/line.png
ERR: 无法加载模块:Public

[ 2016-11-22T09:24:56+08:00 ] ::1 /BdNovel/Public/images/line.png
ERR: 无法加载模块:Public

[ 2016-11-22T11:16:12+08:00 ] ::1 /BdNovel/Public/images/line.png
ERR: 无法加载模块:Public

[ 2016-11-22T11:16:55+08:00 ] ::1 /BdNovel/Public/images/line.png
ERR: 无法加载模块:Public

[ 2016-11-22T11:18:51+08:00 ] ::1 /BdNovel/Public/images/line.png
ERR: 无法加载模块:Public

[ 2016-11-22T11:20:51+08:00 ] ::1 /BdNovel/Public/images/line.png
ERR: 无法加载模块:Public

[ 2016-11-22T11:23:10+08:00 ] ::1 /BdNovel/Public/images/line.png
ERR: 无法加载模块:Public

[ 2016-11-22T11:23:20+08:00 ] ::1 /BdNovel/Public/images/line.png
ERR: 无法加载模块:Public

[ 2016-11-22T11:25:27+08:00 ] ::1 /BdNovel/Public/images/line.png
ERR: 无法加载模块:Public

[ 2016-11-22T11:31:15+08:00 ] ::1 /BdNovel/Public/images/line.png
ERR: 无法加载模块:Public

[ 2016-11-22T11:35:25+08:00 ] ::1 /BdNovel/Public/images/line.png
ERR: 无法加载模块:Public

[ 2016-11-22T14:35:45+08:00 ] ::1 /BdNovel/Public/images/Home/l-r.png
ERR: 无法加载模块:Public

[ 2016-11-22T14:39:13+08:00 ] ::1 /BdNovel/Public/images/line.png
ERR: 无法加载模块:Public

[ 2016-11-22T14:45:20+08:00 ] 192.168.20.58 /BdNovel/Public/images/line.png
ERR: 无法加载模块:Public

[ 2016-11-22T14:53:34+08:00 ] ::1 /BdNovel/Public/images/line.png
ERR: 无法加载模块:Public

[ 2016-11-22T14:53:52+08:00 ] 192.168.20.58 /BdNovel/Public/images/line.png
ERR: 无法加载模块:Public

[ 2016-11-22T14:55:31+08:00 ] ::1 /BdNovel/Public/images/line.png
ERR: 无法加载模块:Public

[ 2016-11-22T14:55:34+08:00 ] ::1 /BdNovel/Public/images/line.png
ERR: 无法加载模块:Public

[ 2016-11-22T14:57:16+08:00 ] ::1 /BdNovel/Public/images/line.png
ERR: 无法加载模块:Public

[ 2016-11-22T15:02:14+08:00 ] ::1 /BdNovel/Public/images/line.png
ERR: 无法加载模块:Public

[ 2016-11-22T15:03:48+08:00 ] ::1 /BdNovel/Public/images/line.png
ERR: 无法加载模块:Public

[ 2016-11-22T15:04:13+08:00 ] ::1 /BdNovel/Public/images/line.png
ERR: 无法加载模块:Public

[ 2016-11-22T15:04:24+08:00 ] ::1 /BdNovel/Public/images/line.png
ERR: 无法加载模块:Public

[ 2016-11-22T15:04:41+08:00 ] ::1 /BdNovel/Public/images/line.png
ERR: 无法加载模块:Public

[ 2016-11-22T15:04:59+08:00 ] ::1 /BdNovel/Public/images/line.png
ERR: 无法加载模块:Public

[ 2016-11-22T15:53:10+08:00 ] ::1 /BdNovel/Public/images/line.png
ERR: 无法加载模块:Public

[ 2016-11-22T15:54:57+08:00 ] ::1 /BdNovel/Public/images/line.png
ERR: 无法加载模块:Public

[ 2016-11-22T15:58:14+08:00 ] ::1 /BdNovel/Public/images/line.png
ERR: 无法加载模块:Public

[ 2016-11-22T15:58:38+08:00 ] ::1 /BdNovel/Public/images/line.png
ERR: 无法加载模块:Public

[ 2016-11-22T15:59:52+08:00 ] ::1 /BdNovel/Public/images/line.png
ERR: 无法加载模块:Public

[ 2016-11-22T16:00:06+08:00 ] ::1 /BdNovel/Public/images/line.png
ERR: 无法加载模块:Public

[ 2016-11-22T16:00:51+08:00 ] ::1 /BdNovel/Public/images/line.png
ERR: 无法加载模块:Public

[ 2016-11-22T16:03:57+08:00 ] ::1 /BdNovel/Public/images/line.png
ERR: 无法加载模块:Public

[ 2016-11-22T16:06:59+08:00 ] 192.168.20.58 /BdNovel/Public/images/line.png
ERR: 无法加载模块:Public

[ 2016-11-22T16:08:13+08:00 ] ::1 /BdNovel/Public/images/line.png
ERR: 无法加载模块:Public

[ 2016-11-22T16:10:30+08:00 ] ::1 /BdNovel/Public/images/line.png
ERR: 无法加载模块:Public

[ 2016-11-22T16:11:21+08:00 ] ::1 /BdNovel/Public/images/line.png
ERR: 无法加载模块:Public

[ 2016-11-22T16:11:22+08:00 ] ::1 /BdNovel/Public/images/line.png
ERR: 无法加载模块:Public

[ 2016-11-22T16:11:36+08:00 ] 192.168.20.58 /BdNovel/Public/images/line.png
ERR: 无法加载模块:Public

[ 2016-11-22T16:12:36+08:00 ] ::1 /BdNovel/Public/images/line.png
ERR: 无法加载模块:Public

[ 2016-11-22T16:12:38+08:00 ] ::1 /BdNovel/Public/images/line.png
ERR: 无法加载模块:Public

[ 2016-11-22T16:15:31+08:00 ] ::1 /BdNovel/Public/images/line.png
ERR: 无法加载模块:Public

[ 2016-11-22T16:15:57+08:00 ] ::1 /BdNovel/Public/images/line.png
ERR: 无法加载模块:Public

[ 2016-11-22T16:15:59+08:00 ] ::1 /BdNovel/Public/images/line.png
ERR: 无法加载模块:Public

[ 2016-11-22T16:16:14+08:00 ] ::1 /BdNovel/Public/images/line.png
ERR: 无法加载模块:Public

[ 2016-11-22T16:16:43+08:00 ] ::1 /BdNovel/Public/images/line.png
ERR: 无法加载模块:Public

[ 2016-11-22T16:16:45+08:00 ] ::1 /BdNovel/Public/images/line.png
ERR: 无法加载模块:Public

[ 2016-11-22T16:16:57+08:00 ] ::1 /BdNovel/Public/images/line.png
ERR: 无法加载模块:Public

[ 2016-11-22T16:17:49+08:00 ] ::1 /BdNovel/Public/images/line.png
ERR: 无法加载模块:Public

[ 2016-11-22T16:17:57+08:00 ] ::1 /BdNovel/Public/images/line.png
ERR: 无法加载模块:Public

[ 2016-11-22T16:19:19+08:00 ] ::1 /BdNovel/Public/images/line.png
ERR: 无法加载模块:Public

[ 2016-11-22T16:19:21+08:00 ] ::1 /BdNovel/Public/images/line.png
ERR: 无法加载模块:Public

[ 2016-11-22T16:19:30+08:00 ] ::1 /BdNovel/Public/images/line.png
ERR: 无法加载模块:Public

[ 2016-11-22T16:23:11+08:00 ] ::1 /BdNovel/Public/images/line.png
ERR: 无法加载模块:Public

[ 2016-11-22T16:26:48+08:00 ] ::1 /BdNovel/Public/images/line.png
ERR: 无法加载模块:Public

[ 2016-11-22T16:26:50+08:00 ] ::1 /BdNovel/Public/images/line.png
ERR: 无法加载模块:Public

[ 2016-11-22T16:27:00+08:00 ] ::1 /BdNovel/Public/images/line.png
ERR: 无法加载模块:Public

[ 2016-11-22T16:39:02+08:00 ] ::1 /BdNovel/Public/images/line.png
ERR: 无法加载模块:Public

[ 2016-11-22T17:02:31+08:00 ] ::1 /BdNovel/Public/images/line.png
ERR: 无法加载模块:Public

[ 2016-11-22T17:02:36+08:00 ] ::1 /BdNovel/Public/images/tmbg-white.png
ERR: 无法加载模块:Public

[ 2016-11-22T18:55:09+08:00 ] ::1 /BdNovel/index.php/123
ERR: 无法加载模块:123

[ 2016-11-22T18:55:30+08:00 ] ::1 /BdNovel/Public/images/line.png
ERR: 无法加载模块:Public

[ 2016-11-22T18:56:14+08:00 ] ::1 /BdNovel/index.php/123
ERR: 无法加载模块:123

[ 2016-11-22T18:57:52+08:00 ] ::1 /BdNovel/index.php/123
ERR: 无法加载模块:123

[ 2016-11-22T18:58:01+08:00 ] ::1 /BdNovel/index.php/123
ERR: 无法加载模块:123

[ 2016-11-22T18:59:01+08:00 ] ::1 /BdNovel/123
ERR: 无法加载模块:123

[ 2016-11-22T18:59:24+08:00 ] ::1 /BdNovel/123
ERR: 无法加载模块:123

[ 2016-11-22T19:30:43+08:00 ] ::1 /BdNovel/Public/images/line.png
ERR: 无法加载模块:Public

[ 2016-11-22T19:31:24+08:00 ] ::1 /BdNovel/Public/images/line.png
ERR: 无法加载模块:Public

[ 2016-11-22T19:32:17+08:00 ] ::1 /BdNovel/Public/images/line.png
ERR: 无法加载模块:Public

[ 2016-11-22T19:32:47+08:00 ] ::1 /BdNovel/Public/images/line.png
ERR: 无法加载模块:Public

[ 2016-11-22T19:33:11+08:00 ] ::1 /BdNovel/Public/images/line.png
ERR: 无法加载模块:Public

[ 2016-11-22T19:33:22+08:00 ] ::1 /BdNovel/Public/images/line.png
ERR: 无法加载模块:Public

[ 2016-11-22T19:34:29+08:00 ] ::1 /BdNovel/Public/images/line.png
ERR: 无法加载模块:Public

[ 2016-11-22T19:35:56+08:00 ] ::1 /BdNovel/Public/images/line.png
ERR: 无法加载模块:Public

[ 2016-11-22T19:58:39+08:00 ] ::1 /BdNovel/Public/images/line.png
ERR: 无法加载模块:Public

[ 2016-11-22T20:00:04+08:00 ] ::1 /BdNovel/Public/images/line.png
ERR: 无法加载模块:Public

[ 2016-11-22T20:00:20+08:00 ] ::1 /BdNovel/Public/images/line.png
ERR: 无法加载模块:Public

[ 2016-11-22T20:00:46+08:00 ] ::1 /BdNovel/Public/images/line.png
ERR: 无法加载模块:Public

[ 2016-11-22T20:01:06+08:00 ] ::1 /BdNovel/Public/images/line.png
ERR: 无法加载模块:Public

[ 2016-11-22T20:03:35+08:00 ] ::1 /BdNovel/Public/images/line.png
ERR: 无法加载模块:Public

[ 2016-11-22T20:04:22+08:00 ] ::1 /BdNovel/Public/images/line.png
ERR: 无法加载模块:Public

[ 2016-11-22T20:04:42+08:00 ] ::1 /BdNovel/Public/images/line.png
ERR: 无法加载模块:Public

[ 2016-11-22T20:05:01+08:00 ] ::1 /BdNovel/Public/images/line.png
ERR: 无法加载模块:Public

[ 2016-11-22T20:06:43+08:00 ] ::1 /BdNovel/Public/images/line.png
ERR: 无法加载模块:Public

[ 2016-11-22T20:10:22+08:00 ] ::1 /BdNovel/Public/images/line.png
ERR: 无法加载模块:Public

[ 2016-11-22T20:10:40+08:00 ] ::1 /BdNovel/Public/images/line.png
ERR: 无法加载模块:Public

[ 2016-11-22T20:10:57+08:00 ] ::1 /BdNovel/Public/images/line.png
ERR: 无法加载模块:Public

[ 2016-11-22T20:16:46+08:00 ] ::1 /BdNovel/Public/images/line.png
ERR: 无法加载模块:Public

[ 2016-11-22T20:20:27+08:00 ] ::1 /BdNovel/Public/images/line.png
ERR: 无法加载模块:Public

[ 2016-11-22T20:34:17+08:00 ] ::1 /BdNovel/Public/images/Home/zhifubao.png
ERR: 无法加载模块:Public

[ 2016-11-22T20:34:17+08:00 ] ::1 /BdNovel/Public/images/Home/order.jpg
ERR: 无法加载模块:Public

[ 2016-11-22T20:34:17+08:00 ] ::1 /BdNovel/Public/images/Home/zhifubao.png
ERR: 无法加载模块:Public

[ 2016-11-22T22:09:32+08:00 ] ::1 /BdNovel/Public/images/tmbg-white.png
ERR: 无法加载模块:Public

[ 2016-11-22T22:38:11+08:00 ] ::1 /BdNovel/Public/images/line.png
ERR: 无法加载模块:Public

[ 2016-11-22T22:38:13+08:00 ] ::1 /BdNovel/Public/images/line.png
ERR: 无法加载模块:Public

[ 2016-11-22T22:38:20+08:00 ] ::1 /BdNovel/Public/images/line.png
ERR: 无法加载模块:Public

