[ 2016-11-16T15:53:48+08:00 ] ::1 /BdNovel/index.php/Admin/Reader/index.html?readername=&p=3
INFO: [ app_begin ] --START--
INFO: Run Behavior\ReadHtmlCacheBehavior [ RunTime:0.000000s ]
INFO: [ app_begin ] --END-- [ RunTime:0.001000s ]
SQL: SHOW COLUMNS FROM `bd_reader` [ RunTime:0.0180s ]
SQL: SELECT * FROM `bd_reader` LIMIT 10,5   [ RunTime:0.0000s ]
SQL: SELECT COUNT(*) AS tp_count FROM `bd_reader` LIMIT 1   [ RunTime:0.0010s ]
NOTIC: [8] Undefined variable: condition C:\wamp\www\BdNovel\Application\Admin\Controller\ReaderController.class.php 第 25 行.
NOTIC: [2] Invalid argument supplied for foreach() C:\wamp\www\BdNovel\Application\Admin\Controller\ReaderController.class.php 第 25 行.
INFO: [ view_parse ] --START--
INFO: [ template_filter ] --START--
INFO: Run Behavior\ContentReplaceBehavior [ RunTime:0.000000s ]
INFO: [ template_filter ] --END-- [ RunTime:0.000000s ]
INFO: Run Behavior\ParseTemplateBehavior [ RunTime:0.012000s ]
INFO: [ view_parse ] --END-- [ RunTime:0.012000s ]
INFO: [ view_filter ] --START--
INFO: Run Behavior\WriteHtmlCacheBehavior [ RunTime:0.001000s ]
INFO: [ view_filter ] --END-- [ RunTime:0.001000s ]
INFO: [ app_end ] --START--
INFO: Run Behavior\ShowPageTraceBehavior [ RunTime:0.001001s ]
INFO: [ app_end ] --END-- [ RunTime:0.002001s ]

[ 2016-11-16T15:53:49+08:00 ] ::1 /BdNovel/index.php/Admin/Reader/index.html?readername=&p=2
INFO: [ app_begin ] --START--
INFO: Run Behavior\ReadHtmlCacheBehavior [ RunTime:0.001000s ]
INFO: [ app_begin ] --END-- [ RunTime:0.002000s ]
SQL: SHOW COLUMNS FROM `bd_reader` [ RunTime:0.0260s ]
SQL: SELECT * FROM `bd_reader` LIMIT 5,5   [ RunTime:0.0010s ]
SQL: SELECT COUNT(*) AS tp_count FROM `bd_reader` LIMIT 1   [ RunTime:0.0010s ]
NOTIC: [8] Undefined variable: condition C:\wamp\www\BdNovel\Application\Admin\Controller\ReaderController.class.php 第 25 行.
NOTIC: [2] Invalid argument supplied for foreach() C:\wamp\www\BdNovel\Application\Admin\Controller\ReaderController.class.php 第 25 行.
INFO: [ view_parse ] --START--
INFO: [ template_filter ] --START--
INFO: Run Behavior\ContentReplaceBehavior [ RunTime:0.000000s ]
INFO: [ template_filter ] --END-- [ RunTime:0.000000s ]
INFO: Run Behavior\ParseTemplateBehavior [ RunTime:0.017001s ]
INFO: [ view_parse ] --END-- [ RunTime:0.017001s ]
INFO: [ view_filter ] --START--
INFO: Run Behavior\WriteHtmlCacheBehavior [ RunTime:0.001000s ]
INFO: [ view_filter ] --END-- [ RunTime:0.001000s ]
INFO: [ app_end ] --START--
INFO: Run Behavior\ShowPageTraceBehavior [ RunTime:0.001001s ]
INFO: [ app_end ] --END-- [ RunTime:0.001001s ]

[ 2016-11-16T15:53:50+08:00 ] ::1 /BdNovel/index.php/Admin/Reader/index.html?readername=&p=1
INFO: [ app_begin ] --START--
INFO: Run Behavior\ReadHtmlCacheBehavior [ RunTime:0.000000s ]
INFO: [ app_begin ] --END-- [ RunTime:0.001000s ]
SQL: SHOW COLUMNS FROM `bd_reader` [ RunTime:0.0010s ]
SQL: SELECT * FROM `bd_reader` LIMIT 0,5   [ RunTime:0.0000s ]
SQL: SELECT COUNT(*) AS tp_count FROM `bd_reader` LIMIT 1   [ RunTime:0.0010s ]
NOTIC: [8] Undefined variable: condition C:\wamp\www\BdNovel\Application\Admin\Controller\ReaderController.class.php 第 25 行.
NOTIC: [2] Invalid argument supplied for foreach() C:\wamp\www\BdNovel\Application\Admin\Controller\ReaderController.class.php 第 25 行.
INFO: [ view_parse ] --START--
INFO: [ template_filter ] --START--
INFO: Run Behavior\ContentReplaceBehavior [ RunTime:0.000000s ]
INFO: [ template_filter ] --END-- [ RunTime:0.000000s ]
INFO: Run Behavior\ParseTemplateBehavior [ RunTime:0.013001s ]
INFO: [ view_parse ] --END-- [ RunTime:0.013001s ]
INFO: [ view_filter ] --START--
INFO: Run Behavior\WriteHtmlCacheBehavior [ RunTime:0.001000s ]
INFO: [ view_filter ] --END-- [ RunTime:0.001000s ]
INFO: [ app_end ] --START--
INFO: Run Behavior\ShowPageTraceBehavior [ RunTime:0.000000s ]
INFO: [ app_end ] --END-- [ RunTime:0.001000s ]

[ 2016-11-16T15:53:51+08:00 ] ::1 /BdNovel/index.php/Admin/Reader/index.html?readername=&p=2
INFO: [ app_begin ] --START--
INFO: Run Behavior\ReadHtmlCacheBehavior [ RunTime:0.001000s ]
INFO: [ app_begin ] --END-- [ RunTime:0.001000s ]
SQL: SHOW COLUMNS FROM `bd_reader` [ RunTime:0.0010s ]
SQL: SELECT * FROM `bd_reader` LIMIT 5,5   [ RunTime:0.0010s ]
SQL: SELECT COUNT(*) AS tp_count FROM `bd_reader` LIMIT 1   [ RunTime:0.0000s ]
NOTIC: [8] Undefined variable: condition C:\wamp\www\BdNovel\Application\Admin\Controller\ReaderController.class.php 第 25 行.
NOTIC: [2] Invalid argument supplied for foreach() C:\wamp\www\BdNovel\Application\Admin\Controller\ReaderController.class.php 第 25 行.
INFO: [ view_parse ] --START--
INFO: [ template_filter ] --START--
INFO: Run Behavior\ContentReplaceBehavior [ RunTime:0.000000s ]
INFO: [ template_filter ] --END-- [ RunTime:0.000000s ]
INFO: Run Behavior\ParseTemplateBehavior [ RunTime:0.011001s ]
INFO: [ view_parse ] --END-- [ RunTime:0.011001s ]
INFO: [ view_filter ] --START--
INFO: Run Behavior\WriteHtmlCacheBehavior [ RunTime:0.000000s ]
INFO: [ view_filter ] --END-- [ RunTime:0.001000s ]
INFO: [ app_end ] --START--
INFO: Run Behavior\ShowPageTraceBehavior [ RunTime:0.001000s ]
INFO: [ app_end ] --END-- [ RunTime:0.001000s ]

[ 2016-11-16T15:53:51+08:00 ] ::1 /BdNovel/index.php/Admin/Reader/index.html?readername=&p=1
INFO: [ app_begin ] --START--
INFO: Run Behavior\ReadHtmlCacheBehavior [ RunTime:0.001000s ]
INFO: [ app_begin ] --END-- [ RunTime:0.001000s ]
SQL: SHOW COLUMNS FROM `bd_reader` [ RunTime:0.0030s ]
SQL: SELECT * FROM `bd_reader` LIMIT 0,5   [ RunTime:0.0000s ]
SQL: SELECT COUNT(*) AS tp_count FROM `bd_reader` LIMIT 1   [ RunTime:0.0000s ]
NOTIC: [8] Undefined variable: condition C:\wamp\www\BdNovel\Application\Admin\Controller\ReaderController.class.php 第 25 行.
NOTIC: [2] Invalid argument supplied for foreach() C:\wamp\www\BdNovel\Application\Admin\Controller\ReaderController.class.php 第 25 行.
INFO: [ view_parse ] --START--
INFO: [ template_filter ] --START--
INFO: Run Behavior\ContentReplaceBehavior [ RunTime:0.000000s ]
INFO: [ template_filter ] --END-- [ RunTime:0.000000s ]
INFO: Run Behavior\ParseTemplateBehavior [ RunTime:0.015001s ]
INFO: [ view_parse ] --END-- [ RunTime:0.016001s ]
INFO: [ view_filter ] --START--
INFO: Run Behavior\WriteHtmlCacheBehavior [ RunTime:0.000000s ]
INFO: [ view_filter ] --END-- [ RunTime:0.000000s ]
INFO: [ app_end ] --START--
INFO: Run Behavior\ShowPageTraceBehavior [ RunTime:0.001000s ]
INFO: [ app_end ] --END-- [ RunTime:0.001000s ]

[ 2016-11-16T15:53:52+08:00 ] ::1 /BdNovel/index.php/Admin/Reader/index.html?readername=&p=2
INFO: [ app_begin ] --START--
INFO: Run Behavior\ReadHtmlCacheBehavior [ RunTime:0.001000s ]
INFO: [ app_begin ] --END-- [ RunTime:0.001000s ]
SQL: SHOW COLUMNS FROM `bd_reader` [ RunTime:0.0020s ]
SQL: SELECT * FROM `bd_reader` LIMIT 5,5   [ RunTime:0.0000s ]
SQL: SELECT COUNT(*) AS tp_count FROM `bd_reader` LIMIT 1   [ RunTime:0.0000s ]
NOTIC: [8] Undefined variable: condition C:\wamp\www\BdNovel\Application\Admin\Controller\ReaderController.class.php 第 25 行.
NOTIC: [2] Invalid argument supplied for foreach() C:\wamp\www\BdNovel\Application\Admin\Controller\ReaderController.class.php 第 25 行.
INFO: [ view_parse ] --START--
INFO: [ template_filter ] --START--
INFO: Run Behavior\ContentReplaceBehavior [ RunTime:0.000000s ]
INFO: [ template_filter ] --END-- [ RunTime:0.000000s ]
INFO: Run Behavior\ParseTemplateBehavior [ RunTime:0.012000s ]
INFO: [ view_parse ] --END-- [ RunTime:0.012000s ]
INFO: [ view_filter ] --START--
INFO: Run Behavior\WriteHtmlCacheBehavior [ RunTime:0.001000s ]
INFO: [ view_filter ] --END-- [ RunTime:0.001000s ]
INFO: [ app_end ] --START--
INFO: Run Behavior\ShowPageTraceBehavior [ RunTime:0.001000s ]
INFO: [ app_end ] --END-- [ RunTime:0.001000s ]

[ 2016-11-16T15:53:53+08:00 ] ::1 /BdNovel/index.php/Admin/Reader/index.html?readername=&p=1
INFO: [ app_begin ] --START--
INFO: Run Behavior\ReadHtmlCacheBehavior [ RunTime:0.001000s ]
INFO: [ app_begin ] --END-- [ RunTime:0.001000s ]
SQL: SHOW COLUMNS FROM `bd_reader` [ RunTime:0.0010s ]
SQL: SELECT * FROM `bd_reader` LIMIT 0,5   [ RunTime:0.0000s ]
SQL: SELECT COUNT(*) AS tp_count FROM `bd_reader` LIMIT 1   [ RunTime:0.0000s ]
NOTIC: [8] Undefined variable: condition C:\wamp\www\BdNovel\Application\Admin\Controller\ReaderController.class.php 第 25 行.
NOTIC: [2] Invalid argument supplied for foreach() C:\wamp\www\BdNovel\Application\Admin\Controller\ReaderController.class.php 第 25 行.
INFO: [ view_parse ] --START--
INFO: [ template_filter ] --START--
INFO: Run Behavior\ContentReplaceBehavior [ RunTime:0.000000s ]
INFO: [ template_filter ] --END-- [ RunTime:0.001000s ]
INFO: Run Behavior\ParseTemplateBehavior [ RunTime:0.011001s ]
INFO: [ view_parse ] --END-- [ RunTime:0.011001s ]
INFO: [ view_filter ] --START--
INFO: Run Behavior\WriteHtmlCacheBehavior [ RunTime:0.001000s ]
INFO: [ view_filter ] --END-- [ RunTime:0.001000s ]
INFO: [ app_end ] --START--
INFO: Run Behavior\ShowPageTraceBehavior [ RunTime:0.001000s ]
INFO: [ app_end ] --END-- [ RunTime:0.001000s ]

[ 2016-11-16T15:53:54+08:00 ] ::1 /BdNovel/index.php/Admin/Reader/index.html?readername=&p=2
INFO: [ app_begin ] --START--
INFO: Run Behavior\ReadHtmlCacheBehavior [ RunTime:0.001000s ]
INFO: [ app_begin ] --END-- [ RunTime:0.001000s ]
SQL: SHOW COLUMNS FROM `bd_reader` [ RunTime:0.0010s ]
SQL: SELECT * FROM `bd_reader` LIMIT 5,5   [ RunTime:0.0010s ]
SQL: SELECT COUNT(*) AS tp_count FROM `bd_reader` LIMIT 1   [ RunTime:0.0000s ]
NOTIC: [8] Undefined variable: condition C:\wamp\www\BdNovel\Application\Admin\Controller\ReaderController.class.php 第 25 行.
NOTIC: [2] Invalid argument supplied for foreach() C:\wamp\www\BdNovel\Application\Admin\Controller\ReaderController.class.php 第 25 行.
INFO: [ view_parse ] --START--
INFO: [ template_filter ] --START--
INFO: Run Behavior\ContentReplaceBehavior [ RunTime:0.000000s ]
INFO: [ template_filter ] --END-- [ RunTime:0.000000s ]
INFO: Run Behavior\ParseTemplateBehavior [ RunTime:0.011000s ]
INFO: [ view_parse ] --END-- [ RunTime:0.011000s ]
INFO: [ view_filter ] --START--
INFO: Run Behavior\WriteHtmlCacheBehavior [ RunTime:0.001000s ]
INFO: [ view_filter ] --END-- [ RunTime:0.001000s ]
INFO: [ app_end ] --START--
INFO: Run Behavior\ShowPageTraceBehavior [ RunTime:0.000000s ]
INFO: [ app_end ] --END-- [ RunTime:0.000000s ]

[ 2016-11-16T15:53:55+08:00 ] ::1 /BdNovel/index.php/Admin/Reader/index.html?readername=&p=3
INFO: [ app_begin ] --START--
INFO: Run Behavior\ReadHtmlCacheBehavior [ RunTime:0.000000s ]
INFO: [ app_begin ] --END-- [ RunTime:0.001000s ]
SQL: SHOW COLUMNS FROM `bd_reader` [ RunTime:0.0130s ]
SQL: SELECT * FROM `bd_reader` LIMIT 10,5   [ RunTime:0.0010s ]
SQL: SELECT COUNT(*) AS tp_count FROM `bd_reader` LIMIT 1   [ RunTime:0.0010s ]
NOTIC: [8] Undefined variable: condition C:\wamp\www\BdNovel\Application\Admin\Controller\ReaderController.class.php 第 25 行.
NOTIC: [2] Invalid argument supplied for foreach() C:\wamp\www\BdNovel\Application\Admin\Controller\ReaderController.class.php 第 25 行.
INFO: [ view_parse ] --START--
INFO: [ template_filter ] --START--
INFO: Run Behavior\ContentReplaceBehavior [ RunTime:0.000000s ]
INFO: [ template_filter ] --END-- [ RunTime:0.000000s ]
INFO: Run Behavior\ParseTemplateBehavior [ RunTime:0.015001s ]
INFO: [ view_parse ] --END-- [ RunTime:0.015001s ]
INFO: [ view_filter ] --START--
INFO: Run Behavior\WriteHtmlCacheBehavior [ RunTime:0.000000s ]
INFO: [ view_filter ] --END-- [ RunTime:0.000000s ]
INFO: [ app_end ] --START--
INFO: Run Behavior\ShowPageTraceBehavior [ RunTime:0.001000s ]
INFO: [ app_end ] --END-- [ RunTime:0.001000s ]

[ 2016-11-16T15:53:56+08:00 ] ::1 /BdNovel/index.php/Admin/Reader/index.html?readername=&p=2
INFO: [ app_begin ] --START--
INFO: Run Behavior\ReadHtmlCacheBehavior [ RunTime:0.000000s ]
INFO: [ app_begin ] --END-- [ RunTime:0.001000s ]
SQL: SHOW COLUMNS FROM `bd_reader` [ RunTime:0.0210s ]
SQL: SELECT * FROM `bd_reader` LIMIT 5,5   [ RunTime:0.0010s ]
SQL: SELECT COUNT(*) AS tp_count FROM `bd_reader` LIMIT 1   [ RunTime:0.0010s ]
NOTIC: [8] Undefined variable: condition C:\wamp\www\BdNovel\Application\Admin\Controller\ReaderController.class.php 第 25 行.
NOTIC: [2] Invalid argument supplied for foreach() C:\wamp\www\BdNovel\Application\Admin\Controller\ReaderController.class.php 第 25 行.
INFO: [ view_parse ] --START--
INFO: [ template_filter ] --START--
INFO: Run Behavior\ContentReplaceBehavior [ RunTime:0.000000s ]
INFO: [ template_filter ] --END-- [ RunTime:0.000000s ]
INFO: Run Behavior\ParseTemplateBehavior [ RunTime:0.013000s ]
INFO: [ view_parse ] --END-- [ RunTime:0.013000s ]
INFO: [ view_filter ] --START--
INFO: Run Behavior\WriteHtmlCacheBehavior [ RunTime:0.000000s ]
INFO: [ view_filter ] --END-- [ RunTime:0.000000s ]
INFO: [ app_end ] --START--
INFO: Run Behavior\ShowPageTraceBehavior [ RunTime:0.001000s ]
INFO: [ app_end ] --END-- [ RunTime:0.001000s ]

[ 2016-11-16T17:00:02+08:00 ] ::1 /BdNovel/index.php/Admin/Book/doadd.html
ERR: SQLSTATE[22001]: String data, right truncated: 1406 Data too long for column 'descr' at row 1

[ 2016-11-16T17:59:22+08:00 ] ::1 /BdNovel/index.php/Admin/Author/index.html?authorname=&p=2
INFO: [ app_begin ] --START--
INFO: Run Behavior\ReadHtmlCacheBehavior [ RunTime:0.001000s ]
INFO: [ app_begin ] --END-- [ RunTime:0.001000s ]
SQL: SHOW COLUMNS FROM `bd_author` [ RunTime:0.0130s ]
SQL: SELECT * FROM `bd_author` LIMIT 3,3   [ RunTime:0.0010s ]
SQL: SELECT COUNT(*) AS tp_count FROM `bd_author` LIMIT 1   [ RunTime:0.0000s ]
NOTIC: [8] Undefined variable: condition C:\wamp\www\BdNovel\Application\Admin\Controller\AuthorController.class.php 第 24 行.
NOTIC: [2] Invalid argument supplied for foreach() C:\wamp\www\BdNovel\Application\Admin\Controller\AuthorController.class.php 第 24 行.
INFO: [ view_parse ] --START--
INFO: [ template_filter ] --START--
INFO: Run Behavior\ContentReplaceBehavior [ RunTime:0.000000s ]
INFO: [ template_filter ] --END-- [ RunTime:0.000000s ]
INFO: Run Behavior\ParseTemplateBehavior [ RunTime:0.010001s ]
INFO: [ view_parse ] --END-- [ RunTime:0.010001s ]
INFO: [ view_filter ] --START--
INFO: Run Behavior\WriteHtmlCacheBehavior [ RunTime:0.001000s ]
INFO: [ view_filter ] --END-- [ RunTime:0.001000s ]
INFO: [ app_end ] --START--
INFO: Run Behavior\ShowPageTraceBehavior [ RunTime:0.000000s ]
INFO: [ app_end ] --END-- [ RunTime:0.001000s ]

[ 2016-11-16T17:59:24+08:00 ] ::1 /BdNovel/index.php/Admin/Author/index.html?authorname=&p=1
INFO: [ app_begin ] --START--
INFO: Run Behavior\ReadHtmlCacheBehavior [ RunTime:0.001000s ]
INFO: [ app_begin ] --END-- [ RunTime:0.001000s ]
SQL: SHOW COLUMNS FROM `bd_author` [ RunTime:0.0030s ]
SQL: SELECT * FROM `bd_author` LIMIT 0,3   [ RunTime:0.0010s ]
SQL: SELECT COUNT(*) AS tp_count FROM `bd_author` LIMIT 1   [ RunTime:0.0000s ]
NOTIC: [8] Undefined variable: condition C:\wamp\www\BdNovel\Application\Admin\Controller\AuthorController.class.php 第 24 行.
NOTIC: [2] Invalid argument supplied for foreach() C:\wamp\www\BdNovel\Application\Admin\Controller\AuthorController.class.php 第 24 行.
INFO: [ view_parse ] --START--
INFO: [ template_filter ] --START--
INFO: Run Behavior\ContentReplaceBehavior [ RunTime:0.000000s ]
INFO: [ template_filter ] --END-- [ RunTime:0.000000s ]
INFO: Run Behavior\ParseTemplateBehavior [ RunTime:0.011001s ]
INFO: [ view_parse ] --END-- [ RunTime:0.011001s ]
INFO: [ view_filter ] --START--
INFO: Run Behavior\WriteHtmlCacheBehavior [ RunTime:0.000000s ]
INFO: [ view_filter ] --END-- [ RunTime:0.000000s ]
INFO: [ app_end ] --START--
INFO: Run Behavior\ShowPageTraceBehavior [ RunTime:0.000000s ]
INFO: [ app_end ] --END-- [ RunTime:0.001000s ]

[ 2016-11-16T17:59:25+08:00 ] ::1 /BdNovel/index.php/Admin/Author/index.html?authorname=&p=2
INFO: [ app_begin ] --START--
INFO: Run Behavior\ReadHtmlCacheBehavior [ RunTime:0.001000s ]
INFO: [ app_begin ] --END-- [ RunTime:0.002000s ]
SQL: SHOW COLUMNS FROM `bd_author` [ RunTime:0.0030s ]
SQL: SELECT * FROM `bd_author` LIMIT 3,3   [ RunTime:0.0000s ]
SQL: SELECT COUNT(*) AS tp_count FROM `bd_author` LIMIT 1   [ RunTime:0.0000s ]
NOTIC: [8] Undefined variable: condition C:\wamp\www\BdNovel\Application\Admin\Controller\AuthorController.class.php 第 24 行.
NOTIC: [2] Invalid argument supplied for foreach() C:\wamp\www\BdNovel\Application\Admin\Controller\AuthorController.class.php 第 24 行.
INFO: [ view_parse ] --START--
INFO: [ template_filter ] --START--
INFO: Run Behavior\ContentReplaceBehavior [ RunTime:0.000000s ]
INFO: [ template_filter ] --END-- [ RunTime:0.000000s ]
INFO: Run Behavior\ParseTemplateBehavior [ RunTime:0.010001s ]
INFO: [ view_parse ] --END-- [ RunTime:0.010001s ]
INFO: [ view_filter ] --START--
INFO: Run Behavior\WriteHtmlCacheBehavior [ RunTime:0.001000s ]
INFO: [ view_filter ] --END-- [ RunTime:0.001000s ]
INFO: [ app_end ] --START--
INFO: Run Behavior\ShowPageTraceBehavior [ RunTime:0.001000s ]
INFO: [ app_end ] --END-- [ RunTime:0.001000s ]

[ 2016-11-16T17:59:26+08:00 ] ::1 /BdNovel/index.php/Admin/Author/index.html?authorname=&p=1
INFO: [ app_begin ] --START--
INFO: Run Behavior\ReadHtmlCacheBehavior [ RunTime:0.001000s ]
INFO: [ app_begin ] --END-- [ RunTime:0.001000s ]
SQL: SHOW COLUMNS FROM `bd_author` [ RunTime:0.0230s ]
SQL: SELECT * FROM `bd_author` LIMIT 0,3   [ RunTime:0.0010s ]
SQL: SELECT COUNT(*) AS tp_count FROM `bd_author` LIMIT 1   [ RunTime:0.0010s ]
NOTIC: [8] Undefined variable: condition C:\wamp\www\BdNovel\Application\Admin\Controller\AuthorController.class.php 第 24 行.
NOTIC: [2] Invalid argument supplied for foreach() C:\wamp\www\BdNovel\Application\Admin\Controller\AuthorController.class.php 第 24 行.
INFO: [ view_parse ] --START--
INFO: [ template_filter ] --START--
INFO: Run Behavior\ContentReplaceBehavior [ RunTime:0.000000s ]
INFO: [ template_filter ] --END-- [ RunTime:0.000000s ]
INFO: Run Behavior\ParseTemplateBehavior [ RunTime:0.018001s ]
INFO: [ view_parse ] --END-- [ RunTime:0.018001s ]
INFO: [ view_filter ] --START--
INFO: Run Behavior\WriteHtmlCacheBehavior [ RunTime:0.000000s ]
INFO: [ view_filter ] --END-- [ RunTime:0.001000s ]
INFO: [ app_end ] --START--
INFO: Run Behavior\ShowPageTraceBehavior [ RunTime:0.001000s ]
INFO: [ app_end ] --END-- [ RunTime:0.001000s ]

[ 2016-11-16T18:00:25+08:00 ] ::1 /BdNovel/index.php/Admin/Press/index.html?pressname=&p=2
INFO: [ app_begin ] --START--
INFO: Run Behavior\ReadHtmlCacheBehavior [ RunTime:0.001000s ]
INFO: [ app_begin ] --END-- [ RunTime:0.001000s ]
SQL: SHOW COLUMNS FROM `bd_press` [ RunTime:0.0310s ]
SQL: SELECT * FROM `bd_press` LIMIT 3,3   [ RunTime:0.0000s ]
SQL: SELECT COUNT(*) AS tp_count FROM `bd_press` LIMIT 1   [ RunTime:0.0000s ]
NOTIC: [8] Undefined variable: condition C:\wamp\www\BdNovel\Application\Admin\Controller\PressController.class.php 第 24 行.
NOTIC: [2] Invalid argument supplied for foreach() C:\wamp\www\BdNovel\Application\Admin\Controller\PressController.class.php 第 24 行.
INFO: [ view_parse ] --START--
INFO: [ template_filter ] --START--
INFO: Run Behavior\ContentReplaceBehavior [ RunTime:0.000000s ]
INFO: [ template_filter ] --END-- [ RunTime:0.000000s ]
INFO: Run Behavior\ParseTemplateBehavior [ RunTime:0.022001s ]
INFO: [ view_parse ] --END-- [ RunTime:0.022001s ]
INFO: [ view_filter ] --START--
INFO: Run Behavior\WriteHtmlCacheBehavior [ RunTime:0.001000s ]
INFO: [ view_filter ] --END-- [ RunTime:0.001000s ]
INFO: [ app_end ] --START--
INFO: Run Behavior\ShowPageTraceBehavior [ RunTime:0.001000s ]
INFO: [ app_end ] --END-- [ RunTime:0.001000s ]

[ 2016-11-16T18:00:26+08:00 ] ::1 /BdNovel/index.php/Admin/Press/index.html?pressname=&p=1
INFO: [ app_begin ] --START--
INFO: Run Behavior\ReadHtmlCacheBehavior [ RunTime:0.001000s ]
INFO: [ app_begin ] --END-- [ RunTime:0.001000s ]
SQL: SHOW COLUMNS FROM `bd_press` [ RunTime:0.0310s ]
SQL: SELECT * FROM `bd_press` LIMIT 0,3   [ RunTime:0.0000s ]
SQL: SELECT COUNT(*) AS tp_count FROM `bd_press` LIMIT 1   [ RunTime:0.0060s ]
NOTIC: [8] Undefined variable: condition C:\wamp\www\BdNovel\Application\Admin\Controller\PressController.class.php 第 24 行.
NOTIC: [2] Invalid argument supplied for foreach() C:\wamp\www\BdNovel\Application\Admin\Controller\PressController.class.php 第 24 行.
INFO: [ view_parse ] --START--
INFO: [ template_filter ] --START--
INFO: Run Behavior\ContentReplaceBehavior [ RunTime:0.000000s ]
INFO: [ template_filter ] --END-- [ RunTime:0.000000s ]
INFO: Run Behavior\ParseTemplateBehavior [ RunTime:0.027001s ]
INFO: [ view_parse ] --END-- [ RunTime:0.027001s ]
INFO: [ view_filter ] --START--
INFO: Run Behavior\WriteHtmlCacheBehavior [ RunTime:0.002000s ]
INFO: [ view_filter ] --END-- [ RunTime:0.002000s ]
INFO: [ app_end ] --START--
INFO: Run Behavior\ShowPageTraceBehavior [ RunTime:0.002001s ]
INFO: [ app_end ] --END-- [ RunTime:0.002001s ]

