[ 2016-11-23T09:39:05+08:00 ] ::1 /BdNovel/index.php/Admin/Log/index.html?&p=4
INFO: [ app_begin ] --START--
INFO: Run Behavior\ReadHtmlCacheBehavior [ RunTime:0.001000s ]
INFO: [ app_begin ] --END-- [ RunTime:0.002000s ]
SQL: SHOW COLUMNS FROM `bd_log` [ RunTime:0.0010s ]
SQL: SELECT * FROM `bd_log` ORDER BY id desc LIMIT 15,5   [ RunTime:0.0010s ]
SQL: SELECT COUNT(*) AS tp_count FROM `bd_log` LIMIT 1   [ RunTime:0.0000s ]
SQL: SHOW COLUMNS FROM `bd_reader` [ RunTime:0.0010s ]
SQL: SELECT `readername`,`logtime` FROM `bd_reader` WHERE `id` = 4 LIMIT 1   [ RunTime:0.0010s ]
SQL: SELECT `readername`,`logtime` FROM `bd_reader` WHERE `id` = 2 LIMIT 1   [ RunTime:0.0000s ]
INFO: [ view_parse ] --START--
INFO: [ template_filter ] --START--
INFO: Run Behavior\ContentReplaceBehavior [ RunTime:0.000000s ]
INFO: [ template_filter ] --END-- [ RunTime:0.000000s ]
INFO: Run Behavior\ParseTemplateBehavior [ RunTime:0.009001s ]
INFO: [ view_parse ] --END-- [ RunTime:0.009001s ]
INFO: [ view_filter ] --START--
INFO: Run Behavior\WriteHtmlCacheBehavior [ RunTime:0.001000s ]
INFO: [ view_filter ] --END-- [ RunTime:0.001000s ]
INFO: [ app_end ] --START--
INFO: Run Behavior\ShowPageTraceBehavior [ RunTime:0.000000s ]
INFO: [ app_end ] --END-- [ RunTime:0.001000s ]

[ 2016-11-23T09:39:07+08:00 ] ::1 /BdNovel/index.php/Admin/Log/index.html?&p=3
INFO: [ app_begin ] --START--
INFO: Run Behavior\ReadHtmlCacheBehavior [ RunTime:0.001000s ]
INFO: [ app_begin ] --END-- [ RunTime:0.001000s ]
SQL: SHOW COLUMNS FROM `bd_log` [ RunTime:0.0020s ]
SQL: SELECT * FROM `bd_log` ORDER BY id desc LIMIT 10,5   [ RunTime:0.0000s ]
SQL: SELECT COUNT(*) AS tp_count FROM `bd_log` LIMIT 1   [ RunTime:0.0010s ]
SQL: SHOW COLUMNS FROM `bd_reader` [ RunTime:0.0020s ]
SQL: SELECT `readername`,`logtime` FROM `bd_reader` WHERE `id` = 2 LIMIT 1   [ RunTime:0.0000s ]
SQL: SELECT `readername`,`logtime` FROM `bd_reader` WHERE `id` = 2 LIMIT 1   [ RunTime:0.0010s ]
SQL: SELECT `readername`,`logtime` FROM `bd_reader` WHERE `id` = 2 LIMIT 1   [ RunTime:0.0010s ]
SQL: SELECT `readername`,`logtime` FROM `bd_reader` WHERE `id` = 2 LIMIT 1   [ RunTime:0.0010s ]
SQL: SELECT `readername`,`logtime` FROM `bd_reader` WHERE `id` = 6 LIMIT 1   [ RunTime:0.0020s ]
INFO: [ view_parse ] --START--
INFO: [ template_filter ] --START--
INFO: Run Behavior\ContentReplaceBehavior [ RunTime:0.000000s ]
INFO: [ template_filter ] --END-- [ RunTime:0.000000s ]
INFO: Run Behavior\ParseTemplateBehavior [ RunTime:0.016001s ]
INFO: [ view_parse ] --END-- [ RunTime:0.016001s ]
INFO: [ view_filter ] --START--
INFO: Run Behavior\WriteHtmlCacheBehavior [ RunTime:0.000000s ]
INFO: [ view_filter ] --END-- [ RunTime:0.000000s ]
INFO: [ app_end ] --START--
INFO: Run Behavior\ShowPageTraceBehavior [ RunTime:0.001000s ]
INFO: [ app_end ] --END-- [ RunTime:0.001000s ]

[ 2016-11-23T09:39:09+08:00 ] ::1 /BdNovel/index.php/Admin/Log/index.html?&p=2
INFO: [ app_begin ] --START--
INFO: Run Behavior\ReadHtmlCacheBehavior [ RunTime:0.001000s ]
INFO: [ app_begin ] --END-- [ RunTime:0.001000s ]
SQL: SHOW COLUMNS FROM `bd_log` [ RunTime:0.0020s ]
SQL: SELECT * FROM `bd_log` ORDER BY id desc LIMIT 5,5   [ RunTime:0.0010s ]
SQL: SELECT COUNT(*) AS tp_count FROM `bd_log` LIMIT 1   [ RunTime:0.0000s ]
SQL: SHOW COLUMNS FROM `bd_reader` [ RunTime:0.0010s ]
SQL: SELECT `readername`,`logtime` FROM `bd_reader` WHERE `id` = 4 LIMIT 1   [ RunTime:0.0010s ]
SQL: SELECT `readername`,`logtime` FROM `bd_reader` WHERE `id` = 3 LIMIT 1   [ RunTime:0.0000s ]
SQL: SELECT `readername`,`logtime` FROM `bd_reader` WHERE `id` = 12 LIMIT 1   [ RunTime:0.0000s ]
SQL: SELECT `readername`,`logtime` FROM `bd_reader` WHERE `id` = 11 LIMIT 1   [ RunTime:0.0000s ]
SQL: SELECT `readername`,`logtime` FROM `bd_reader` WHERE `id` = 2 LIMIT 1   [ RunTime:0.0000s ]
INFO: [ view_parse ] --START--
INFO: [ template_filter ] --START--
INFO: Run Behavior\ContentReplaceBehavior [ RunTime:0.000000s ]
INFO: [ template_filter ] --END-- [ RunTime:0.000000s ]
INFO: Run Behavior\ParseTemplateBehavior [ RunTime:0.010001s ]
INFO: [ view_parse ] --END-- [ RunTime:0.010001s ]
INFO: [ view_filter ] --START--
INFO: Run Behavior\WriteHtmlCacheBehavior [ RunTime:0.000000s ]
INFO: [ view_filter ] --END-- [ RunTime:0.000000s ]
INFO: [ app_end ] --START--
INFO: Run Behavior\ShowPageTraceBehavior [ RunTime:0.000000s ]
INFO: [ app_end ] --END-- [ RunTime:0.000000s ]

[ 2016-11-23T09:39:11+08:00 ] ::1 /BdNovel/index.php/Admin/Log/index.html?&p=1
INFO: [ app_begin ] --START--
INFO: Run Behavior\ReadHtmlCacheBehavior [ RunTime:0.001000s ]
INFO: [ app_begin ] --END-- [ RunTime:0.002000s ]
SQL: SHOW COLUMNS FROM `bd_log` [ RunTime:0.0040s ]
SQL: SELECT * FROM `bd_log` ORDER BY id desc LIMIT 0,5   [ RunTime:0.0000s ]
SQL: SELECT COUNT(*) AS tp_count FROM `bd_log` LIMIT 1   [ RunTime:0.0010s ]
SQL: SHOW COLUMNS FROM `bd_reader` [ RunTime:0.0010s ]
SQL: SELECT `readername`,`logtime` FROM `bd_reader` WHERE `id` = 3 LIMIT 1   [ RunTime:0.0000s ]
SQL: SELECT `readername`,`logtime` FROM `bd_reader` WHERE `id` = 2 LIMIT 1   [ RunTime:0.0010s ]
SQL: SELECT `readername`,`logtime` FROM `bd_reader` WHERE `id` = 2 LIMIT 1   [ RunTime:0.0010s ]
SQL: SELECT `readername`,`logtime` FROM `bd_reader` WHERE `id` = 12 LIMIT 1   [ RunTime:0.0010s ]
SQL: SELECT `readername`,`logtime` FROM `bd_reader` WHERE `id` = 3 LIMIT 1   [ RunTime:0.0010s ]
INFO: [ view_parse ] --START--
INFO: [ template_filter ] --START--
INFO: Run Behavior\ContentReplaceBehavior [ RunTime:0.000000s ]
INFO: [ template_filter ] --END-- [ RunTime:0.000000s ]
INFO: Run Behavior\ParseTemplateBehavior [ RunTime:0.012001s ]
INFO: [ view_parse ] --END-- [ RunTime:0.012001s ]
INFO: [ view_filter ] --START--
INFO: Run Behavior\WriteHtmlCacheBehavior [ RunTime:0.000000s ]
INFO: [ view_filter ] --END-- [ RunTime:0.000000s ]
INFO: [ app_end ] --START--
INFO: Run Behavior\ShowPageTraceBehavior [ RunTime:0.001000s ]
INFO: [ app_end ] --END-- [ RunTime:0.001000s ]

[ 2016-11-23T13:44:37+08:00 ] ::1 /BdNovel/index.php/Admin/Node/index.html?name=&p=2
INFO: [ app_begin ] --START--
INFO: Run Behavior\ReadHtmlCacheBehavior [ RunTime:0.001000s ]
INFO: [ app_begin ] --END-- [ RunTime:0.001000s ]
SQL: SHOW COLUMNS FROM `bd_node` [ RunTime:0.0020s ]
SQL: SELECT * FROM `bd_node` LIMIT 7,7   [ RunTime:0.0000s ]
SQL: SELECT COUNT(*) AS tp_count FROM `bd_node` LIMIT 1   [ RunTime:0.0000s ]
NOTIC: [8] Undefined variable: condition C:\wamp\www\BdNovel\Application\Admin\Controller\NodeController.class.php 第 27 行.
NOTIC: [2] Invalid argument supplied for foreach() C:\wamp\www\BdNovel\Application\Admin\Controller\NodeController.class.php 第 27 行.
INFO: [ view_parse ] --START--
INFO: [ template_filter ] --START--
INFO: Run Behavior\ContentReplaceBehavior [ RunTime:0.001000s ]
INFO: [ template_filter ] --END-- [ RunTime:0.001000s ]
INFO: Run Behavior\ParseTemplateBehavior [ RunTime:0.012001s ]
INFO: [ view_parse ] --END-- [ RunTime:0.013001s ]
INFO: [ view_filter ] --START--
INFO: Run Behavior\WriteHtmlCacheBehavior [ RunTime:0.000000s ]
INFO: [ view_filter ] --END-- [ RunTime:0.000000s ]
INFO: [ app_end ] --START--
INFO: Run Behavior\ShowPageTraceBehavior [ RunTime:0.000000s ]
INFO: [ app_end ] --END-- [ RunTime:0.001000s ]

[ 2016-11-23T13:44:39+08:00 ] ::1 /BdNovel/index.php/Admin/Node/index.html?name=&p=1
INFO: [ app_begin ] --START--
INFO: Run Behavior\ReadHtmlCacheBehavior [ RunTime:0.001000s ]
INFO: [ app_begin ] --END-- [ RunTime:0.002000s ]
SQL: SHOW COLUMNS FROM `bd_node` [ RunTime:0.0020s ]
SQL: SELECT * FROM `bd_node` LIMIT 0,7   [ RunTime:0.0000s ]
SQL: SELECT COUNT(*) AS tp_count FROM `bd_node` LIMIT 1   [ RunTime:0.0000s ]
NOTIC: [8] Undefined variable: condition C:\wamp\www\BdNovel\Application\Admin\Controller\NodeController.class.php 第 27 行.
NOTIC: [2] Invalid argument supplied for foreach() C:\wamp\www\BdNovel\Application\Admin\Controller\NodeController.class.php 第 27 行.
INFO: [ view_parse ] --START--
INFO: [ template_filter ] --START--
INFO: Run Behavior\ContentReplaceBehavior [ RunTime:0.000000s ]
INFO: [ template_filter ] --END-- [ RunTime:0.000000s ]
INFO: Run Behavior\ParseTemplateBehavior [ RunTime:0.011001s ]
INFO: [ view_parse ] --END-- [ RunTime:0.012001s ]
INFO: [ view_filter ] --START--
INFO: Run Behavior\WriteHtmlCacheBehavior [ RunTime:0.000000s ]
INFO: [ view_filter ] --END-- [ RunTime:0.000000s ]
INFO: [ app_end ] --START--
INFO: Run Behavior\ShowPageTraceBehavior [ RunTime:0.001000s ]
INFO: [ app_end ] --END-- [ RunTime:0.001000s ]

[ 2016-11-23T13:44:42+08:00 ] ::1 /BdNovel/index.php/Admin/Node/index.html?name=&p=2
INFO: [ app_begin ] --START--
INFO: Run Behavior\ReadHtmlCacheBehavior [ RunTime:0.000000s ]
INFO: [ app_begin ] --END-- [ RunTime:0.001000s ]
SQL: SHOW COLUMNS FROM `bd_node` [ RunTime:0.0390s ]
SQL: SELECT * FROM `bd_node` LIMIT 7,7   [ RunTime:0.0010s ]
SQL: SELECT COUNT(*) AS tp_count FROM `bd_node` LIMIT 1   [ RunTime:0.0000s ]
NOTIC: [8] Undefined variable: condition C:\wamp\www\BdNovel\Application\Admin\Controller\NodeController.class.php 第 27 行.
NOTIC: [2] Invalid argument supplied for foreach() C:\wamp\www\BdNovel\Application\Admin\Controller\NodeController.class.php 第 27 行.
INFO: [ view_parse ] --START--
INFO: [ template_filter ] --START--
INFO: Run Behavior\ContentReplaceBehavior [ RunTime:0.000000s ]
INFO: [ template_filter ] --END-- [ RunTime:0.000000s ]
INFO: Run Behavior\ParseTemplateBehavior [ RunTime:0.011000s ]
INFO: [ view_parse ] --END-- [ RunTime:0.011000s ]
INFO: [ view_filter ] --START--
INFO: Run Behavior\WriteHtmlCacheBehavior [ RunTime:0.000000s ]
INFO: [ view_filter ] --END-- [ RunTime:0.000000s ]
INFO: [ app_end ] --START--
INFO: Run Behavior\ShowPageTraceBehavior [ RunTime:0.001000s ]
INFO: [ app_end ] --END-- [ RunTime:0.001000s ]

[ 2016-11-23T13:45:00+08:00 ] ::1 /BdNovel/index.php/Admin/Node/index.html?name=&p=2
INFO: [ app_begin ] --START--
INFO: Run Behavior\ReadHtmlCacheBehavior [ RunTime:0.001000s ]
INFO: [ app_begin ] --END-- [ RunTime:0.001000s ]
SQL: SHOW COLUMNS FROM `bd_node` [ RunTime:0.0120s ]
SQL: SELECT * FROM `bd_node` LIMIT 7,7   [ RunTime:0.0010s ]
SQL: SELECT COUNT(*) AS tp_count FROM `bd_node` LIMIT 1   [ RunTime:0.0010s ]
NOTIC: [8] Undefined variable: condition C:\wamp\www\BdNovel\Application\Admin\Controller\NodeController.class.php 第 27 行.
NOTIC: [2] Invalid argument supplied for foreach() C:\wamp\www\BdNovel\Application\Admin\Controller\NodeController.class.php 第 27 行.
INFO: [ view_parse ] --START--
INFO: [ template_filter ] --START--
INFO: Run Behavior\ContentReplaceBehavior [ RunTime:0.000000s ]
INFO: [ template_filter ] --END-- [ RunTime:0.000000s ]
INFO: Run Behavior\ParseTemplateBehavior [ RunTime:0.020001s ]
INFO: [ view_parse ] --END-- [ RunTime:0.020001s ]
INFO: [ view_filter ] --START--
INFO: Run Behavior\WriteHtmlCacheBehavior [ RunTime:0.000000s ]
INFO: [ view_filter ] --END-- [ RunTime:0.000000s ]
INFO: [ app_end ] --START--
INFO: Run Behavior\ShowPageTraceBehavior [ RunTime:0.001000s ]
INFO: [ app_end ] --END-- [ RunTime:0.001000s ]

[ 2016-11-23T13:45:02+08:00 ] ::1 /BdNovel/index.php/Admin/Node/index.html?name=&p=1
INFO: [ app_begin ] --START--
INFO: Run Behavior\ReadHtmlCacheBehavior [ RunTime:0.001000s ]
INFO: [ app_begin ] --END-- [ RunTime:0.001000s ]
SQL: SHOW COLUMNS FROM `bd_node` [ RunTime:0.0010s ]
SQL: SELECT * FROM `bd_node` LIMIT 0,7   [ RunTime:0.0000s ]
SQL: SELECT COUNT(*) AS tp_count FROM `bd_node` LIMIT 1   [ RunTime:0.0010s ]
NOTIC: [8] Undefined variable: condition C:\wamp\www\BdNovel\Application\Admin\Controller\NodeController.class.php 第 27 行.
NOTIC: [2] Invalid argument supplied for foreach() C:\wamp\www\BdNovel\Application\Admin\Controller\NodeController.class.php 第 27 行.
INFO: [ view_parse ] --START--
INFO: [ template_filter ] --START--
INFO: Run Behavior\ContentReplaceBehavior [ RunTime:0.000000s ]
INFO: [ template_filter ] --END-- [ RunTime:0.001000s ]
INFO: Run Behavior\ParseTemplateBehavior [ RunTime:0.031002s ]
INFO: [ view_parse ] --END-- [ RunTime:0.031002s ]
INFO: [ view_filter ] --START--
INFO: Run Behavior\WriteHtmlCacheBehavior [ RunTime:0.000000s ]
INFO: [ view_filter ] --END-- [ RunTime:0.001000s ]
INFO: [ app_end ] --START--
INFO: Run Behavior\ShowPageTraceBehavior [ RunTime:0.000000s ]
INFO: [ app_end ] --END-- [ RunTime:0.000000s ]

[ 2016-11-23T13:45:05+08:00 ] ::1 /BdNovel/index.php/Admin/Node/index.html?name=&p=2
INFO: [ app_begin ] --START--
INFO: Run Behavior\ReadHtmlCacheBehavior [ RunTime:0.000000s ]
INFO: [ app_begin ] --END-- [ RunTime:0.001000s ]
SQL: SHOW COLUMNS FROM `bd_node` [ RunTime:0.0410s ]
SQL: SELECT * FROM `bd_node` LIMIT 7,7   [ RunTime:0.0000s ]
SQL: SELECT COUNT(*) AS tp_count FROM `bd_node` LIMIT 1   [ RunTime:0.0000s ]
NOTIC: [8] Undefined variable: condition C:\wamp\www\BdNovel\Application\Admin\Controller\NodeController.class.php 第 27 行.
NOTIC: [2] Invalid argument supplied for foreach() C:\wamp\www\BdNovel\Application\Admin\Controller\NodeController.class.php 第 27 行.
INFO: [ view_parse ] --START--
INFO: [ template_filter ] --START--
INFO: Run Behavior\ContentReplaceBehavior [ RunTime:0.001000s ]
INFO: [ template_filter ] --END-- [ RunTime:0.001000s ]
INFO: Run Behavior\ParseTemplateBehavior [ RunTime:0.011001s ]
INFO: [ view_parse ] --END-- [ RunTime:0.011001s ]
INFO: [ view_filter ] --START--
INFO: Run Behavior\WriteHtmlCacheBehavior [ RunTime:0.001000s ]
INFO: [ view_filter ] --END-- [ RunTime:0.001000s ]
INFO: [ app_end ] --START--
INFO: Run Behavior\ShowPageTraceBehavior [ RunTime:0.000000s ]
INFO: [ app_end ] --END-- [ RunTime:0.001000s ]

[ 2016-11-23T13:45:06+08:00 ] ::1 /BdNovel/index.php/Admin/Node/index.html?name=&p=1
INFO: [ app_begin ] --START--
INFO: Run Behavior\ReadHtmlCacheBehavior [ RunTime:0.001000s ]
INFO: [ app_begin ] --END-- [ RunTime:0.001000s ]
SQL: SHOW COLUMNS FROM `bd_node` [ RunTime:0.0030s ]
SQL: SELECT * FROM `bd_node` LIMIT 0,7   [ RunTime:0.0010s ]
SQL: SELECT COUNT(*) AS tp_count FROM `bd_node` LIMIT 1   [ RunTime:0.0000s ]
NOTIC: [8] Undefined variable: condition C:\wamp\www\BdNovel\Application\Admin\Controller\NodeController.class.php 第 27 行.
NOTIC: [2] Invalid argument supplied for foreach() C:\wamp\www\BdNovel\Application\Admin\Controller\NodeController.class.php 第 27 行.
INFO: [ view_parse ] --START--
INFO: [ template_filter ] --START--
INFO: Run Behavior\ContentReplaceBehavior [ RunTime:0.000000s ]
INFO: [ template_filter ] --END-- [ RunTime:0.000000s ]
INFO: Run Behavior\ParseTemplateBehavior [ RunTime:0.011001s ]
INFO: [ view_parse ] --END-- [ RunTime:0.011001s ]
INFO: [ view_filter ] --START--
INFO: Run Behavior\WriteHtmlCacheBehavior [ RunTime:0.000000s ]
INFO: [ view_filter ] --END-- [ RunTime:0.000000s ]
INFO: [ app_end ] --START--
INFO: Run Behavior\ShowPageTraceBehavior [ RunTime:0.000000s ]
INFO: [ app_end ] --END-- [ RunTime:0.000000s ]

[ 2016-11-23T13:45:08+08:00 ] ::1 /BdNovel/index.php/Admin/Node/index.html?name=&p=2
INFO: [ app_begin ] --START--
INFO: Run Behavior\ReadHtmlCacheBehavior [ RunTime:0.001001s ]
INFO: [ app_begin ] --END-- [ RunTime:0.001001s ]
SQL: SHOW COLUMNS FROM `bd_node` [ RunTime:0.0010s ]
SQL: SELECT * FROM `bd_node` LIMIT 7,7   [ RunTime:0.0000s ]
SQL: SELECT COUNT(*) AS tp_count FROM `bd_node` LIMIT 1   [ RunTime:0.0000s ]
NOTIC: [8] Undefined variable: condition C:\wamp\www\BdNovel\Application\Admin\Controller\NodeController.class.php 第 27 行.
NOTIC: [2] Invalid argument supplied for foreach() C:\wamp\www\BdNovel\Application\Admin\Controller\NodeController.class.php 第 27 行.
INFO: [ view_parse ] --START--
INFO: [ template_filter ] --START--
INFO: Run Behavior\ContentReplaceBehavior [ RunTime:0.000000s ]
INFO: [ template_filter ] --END-- [ RunTime:0.000000s ]
INFO: Run Behavior\ParseTemplateBehavior [ RunTime:0.011001s ]
INFO: [ view_parse ] --END-- [ RunTime:0.011001s ]
INFO: [ view_filter ] --START--
INFO: Run Behavior\WriteHtmlCacheBehavior [ RunTime:0.000000s ]
INFO: [ view_filter ] --END-- [ RunTime:0.000000s ]
INFO: [ app_end ] --START--
INFO: Run Behavior\ShowPageTraceBehavior [ RunTime:0.000000s ]
INFO: [ app_end ] --END-- [ RunTime:0.000000s ]

[ 2016-11-23T13:45:09+08:00 ] ::1 /BdNovel/index.php/Admin/Node/index.html?name=&p=1
INFO: [ app_begin ] --START--
INFO: Run Behavior\ReadHtmlCacheBehavior [ RunTime:0.001001s ]
INFO: [ app_begin ] --END-- [ RunTime:0.001001s ]
SQL: SHOW COLUMNS FROM `bd_node` [ RunTime:0.0580s ]
SQL: SELECT * FROM `bd_node` LIMIT 0,7   [ RunTime:0.0010s ]
SQL: SELECT COUNT(*) AS tp_count FROM `bd_node` LIMIT 1   [ RunTime:0.0010s ]
NOTIC: [8] Undefined variable: condition C:\wamp\www\BdNovel\Application\Admin\Controller\NodeController.class.php 第 27 行.
NOTIC: [2] Invalid argument supplied for foreach() C:\wamp\www\BdNovel\Application\Admin\Controller\NodeController.class.php 第 27 行.
INFO: [ view_parse ] --START--
INFO: [ template_filter ] --START--
INFO: Run Behavior\ContentReplaceBehavior [ RunTime:0.000000s ]
INFO: [ template_filter ] --END-- [ RunTime:0.000000s ]
INFO: Run Behavior\ParseTemplateBehavior [ RunTime:0.030001s ]
INFO: [ view_parse ] --END-- [ RunTime:0.030001s ]
INFO: [ view_filter ] --START--
INFO: Run Behavior\WriteHtmlCacheBehavior [ RunTime:0.001000s ]
INFO: [ view_filter ] --END-- [ RunTime:0.001000s ]
INFO: [ app_end ] --START--
INFO: Run Behavior\ShowPageTraceBehavior [ RunTime:0.001000s ]
INFO: [ app_end ] --END-- [ RunTime:0.001000s ]

[ 2016-11-23T13:45:17+08:00 ] ::1 /BdNovel/index.php/Admin/Node/index.html?name=&p=2
INFO: [ app_begin ] --START--
INFO: Run Behavior\ReadHtmlCacheBehavior [ RunTime:0.001000s ]
INFO: [ app_begin ] --END-- [ RunTime:0.002000s ]
SQL: SHOW COLUMNS FROM `bd_node` [ RunTime:0.0130s ]
SQL: SELECT * FROM `bd_node` LIMIT 7,7   [ RunTime:0.0000s ]
SQL: SELECT COUNT(*) AS tp_count FROM `bd_node` LIMIT 1   [ RunTime:0.0000s ]
NOTIC: [8] Undefined variable: condition C:\wamp\www\BdNovel\Application\Admin\Controller\NodeController.class.php 第 27 行.
NOTIC: [2] Invalid argument supplied for foreach() C:\wamp\www\BdNovel\Application\Admin\Controller\NodeController.class.php 第 27 行.
INFO: [ view_parse ] --START--
INFO: [ template_filter ] --START--
INFO: Run Behavior\ContentReplaceBehavior [ RunTime:0.000000s ]
INFO: [ template_filter ] --END-- [ RunTime:0.000000s ]
INFO: Run Behavior\ParseTemplateBehavior [ RunTime:0.011001s ]
INFO: [ view_parse ] --END-- [ RunTime:0.011001s ]
INFO: [ view_filter ] --START--
INFO: Run Behavior\WriteHtmlCacheBehavior [ RunTime:0.000000s ]
INFO: [ view_filter ] --END-- [ RunTime:0.000000s ]
INFO: [ app_end ] --START--
INFO: Run Behavior\ShowPageTraceBehavior [ RunTime:0.000000s ]
INFO: [ app_end ] --END-- [ RunTime:0.000000s ]

[ 2016-11-23T13:45:22+08:00 ] ::1 /BdNovel/index.php/Admin/Node/index.html?name=&p=1
INFO: [ app_begin ] --START--
INFO: Run Behavior\ReadHtmlCacheBehavior [ RunTime:0.001000s ]
INFO: [ app_begin ] --END-- [ RunTime:0.001000s ]
SQL: SHOW COLUMNS FROM `bd_node` [ RunTime:0.0020s ]
SQL: SELECT * FROM `bd_node` LIMIT 0,7   [ RunTime:0.0000s ]
SQL: SELECT COUNT(*) AS tp_count FROM `bd_node` LIMIT 1   [ RunTime:0.0000s ]
NOTIC: [8] Undefined variable: condition C:\wamp\www\BdNovel\Application\Admin\Controller\NodeController.class.php 第 27 行.
NOTIC: [2] Invalid argument supplied for foreach() C:\wamp\www\BdNovel\Application\Admin\Controller\NodeController.class.php 第 27 行.
INFO: [ view_parse ] --START--
INFO: [ template_filter ] --START--
INFO: Run Behavior\ContentReplaceBehavior [ RunTime:0.000000s ]
INFO: [ template_filter ] --END-- [ RunTime:0.000000s ]
INFO: Run Behavior\ParseTemplateBehavior [ RunTime:0.011000s ]
INFO: [ view_parse ] --END-- [ RunTime:0.011000s ]
INFO: [ view_filter ] --START--
INFO: Run Behavior\WriteHtmlCacheBehavior [ RunTime:0.001000s ]
INFO: [ view_filter ] --END-- [ RunTime:0.001000s ]
INFO: [ app_end ] --START--
INFO: Run Behavior\ShowPageTraceBehavior [ RunTime:0.001000s ]
INFO: [ app_end ] --END-- [ RunTime:0.001000s ]

[ 2016-11-23T22:34:07+08:00 ] ::1 /BdNovel/index.php/Admin/Log/index.html?&p=2
INFO: [ app_begin ] --START--
INFO: Run Behavior\ReadHtmlCacheBehavior [ RunTime:0.001000s ]
INFO: [ app_begin ] --END-- [ RunTime:0.001000s ]
SQL: SHOW COLUMNS FROM `bd_log` [ RunTime:0.0760s ]
SQL: SELECT * FROM `bd_log` ORDER BY id desc LIMIT 5,5   [ RunTime:0.0000s ]
SQL: SELECT COUNT(*) AS tp_count FROM `bd_log` LIMIT 1   [ RunTime:0.0000s ]
SQL: SHOW COLUMNS FROM `bd_reader` [ RunTime:0.0010s ]
SQL: SELECT `readername`,`logtime` FROM `bd_reader` WHERE `id` = 2 LIMIT 1   [ RunTime:0.0000s ]
SQL: SELECT `readername`,`logtime` FROM `bd_reader` WHERE `id` = 3 LIMIT 1   [ RunTime:0.0000s ]
SQL: SELECT `readername`,`logtime` FROM `bd_reader` WHERE `id` = 2 LIMIT 1   [ RunTime:0.0000s ]
SQL: SELECT `readername`,`logtime` FROM `bd_reader` WHERE `id` = 2 LIMIT 1   [ RunTime:0.0100s ]
SQL: SELECT `readername`,`logtime` FROM `bd_reader` WHERE `id` = 12 LIMIT 1   [ RunTime:0.0000s ]
INFO: [ view_parse ] --START--
INFO: [ template_filter ] --START--
INFO: Run Behavior\ContentReplaceBehavior [ RunTime:0.000000s ]
INFO: [ template_filter ] --END-- [ RunTime:0.000000s ]
INFO: Run Behavior\ParseTemplateBehavior [ RunTime:0.009000s ]
INFO: [ view_parse ] --END-- [ RunTime:0.010000s ]
INFO: [ view_filter ] --START--
INFO: Run Behavior\WriteHtmlCacheBehavior [ RunTime:0.000000s ]
INFO: [ view_filter ] --END-- [ RunTime:0.000000s ]
INFO: [ app_end ] --START--
INFO: Run Behavior\ShowPageTraceBehavior [ RunTime:0.001000s ]
INFO: [ app_end ] --END-- [ RunTime:0.001000s ]

[ 2016-11-23T22:34:08+08:00 ] ::1 /BdNovel/index.php/Admin/Log/index.html?&p=1
INFO: [ app_begin ] --START--
INFO: Run Behavior\ReadHtmlCacheBehavior [ RunTime:0.001000s ]
INFO: [ app_begin ] --END-- [ RunTime:0.002000s ]
SQL: SHOW COLUMNS FROM `bd_log` [ RunTime:0.0420s ]
SQL: SELECT * FROM `bd_log` ORDER BY id desc LIMIT 0,5   [ RunTime:0.0230s ]
SQL: SELECT COUNT(*) AS tp_count FROM `bd_log` LIMIT 1   [ RunTime:0.0010s ]
SQL: SHOW COLUMNS FROM `bd_reader` [ RunTime:0.0020s ]
SQL: SELECT `readername`,`logtime` FROM `bd_reader` WHERE `id` = 2 LIMIT 1   [ RunTime:0.0010s ]
SQL: SELECT `readername`,`logtime` FROM `bd_reader` WHERE `id` = 2 LIMIT 1   [ RunTime:0.0010s ]
SQL: SELECT `readername`,`logtime` FROM `bd_reader` WHERE `id` = 2 LIMIT 1   [ RunTime:0.0010s ]
SQL: SELECT `readername`,`logtime` FROM `bd_reader` WHERE `id` = 2 LIMIT 1   [ RunTime:0.0000s ]
SQL: SELECT `readername`,`logtime` FROM `bd_reader` WHERE `id` = 2 LIMIT 1   [ RunTime:0.0070s ]
INFO: [ view_parse ] --START--
INFO: [ template_filter ] --START--
INFO: Run Behavior\ContentReplaceBehavior [ RunTime:0.000000s ]
INFO: [ template_filter ] --END-- [ RunTime:0.001000s ]
INFO: Run Behavior\ParseTemplateBehavior [ RunTime:0.010001s ]
INFO: [ view_parse ] --END-- [ RunTime:0.010001s ]
INFO: [ view_filter ] --START--
INFO: Run Behavior\WriteHtmlCacheBehavior [ RunTime:0.001000s ]
INFO: [ view_filter ] --END-- [ RunTime:0.001000s ]
INFO: [ app_end ] --START--
INFO: Run Behavior\ShowPageTraceBehavior [ RunTime:0.001000s ]
INFO: [ app_end ] --END-- [ RunTime:0.001000s ]

