[ 2016-11-17T13:06:57+08:00 ] ::1 /BdNovel/index.php/Admin/Book/index.html?bookname=&p=2&cateid=[object%20HTMLSelectElement]
INFO: [ app_begin ] --START--
INFO: Run Behavior\ReadHtmlCacheBehavior [ RunTime:0.000000s ]
INFO: [ app_begin ] --END-- [ RunTime:0.001000s ]
NOTIC: [2] Declaration of Admin\Controller\BookController::upload($arr, $path) should be compatible with Admin\Controller\AdminController::upload($path) C:\wamp\www\BdNovel\Application\Admin\Controller\BookController.class.php 第 9 行.
NOTIC: [2] Declaration of Admin\Controller\BookController::insertImg($file) should be compatible with Admin\Controller\AdminController::insertImg($file, $dirname, $path) C:\wamp\www\BdNovel\Application\Admin\Controller\BookController.class.php 第 9 行.

[ 2016-11-17T13:06:57+08:00 ] ::1 /BdNovel/index.php/Admin/Login/login.html
INFO: [ app_begin ] --START--
INFO: Run Behavior\ReadHtmlCacheBehavior [ RunTime:0.001001s ]
INFO: [ app_begin ] --END-- [ RunTime:0.001001s ]
INFO: [ view_parse ] --START--
INFO: [ template_filter ] --START--
INFO: Run Behavior\ContentReplaceBehavior [ RunTime:0.000000s ]
INFO: [ template_filter ] --END-- [ RunTime:0.000000s ]
INFO: Run Behavior\ParseTemplateBehavior [ RunTime:0.009001s ]
INFO: [ view_parse ] --END-- [ RunTime:0.009001s ]
INFO: [ view_filter ] --START--
INFO: Run Behavior\WriteHtmlCacheBehavior [ RunTime:0.001000s ]
INFO: [ view_filter ] --END-- [ RunTime:0.001000s ]
INFO: [ app_end ] --START--
INFO: Run Behavior\ShowPageTraceBehavior [ RunTime:0.000000s ]
INFO: [ app_end ] --END-- [ RunTime:0.001000s ]

[ 2016-11-17T13:07:11+08:00 ] ::1 /BdNovel/index.php/Admin/Book/index.html?bookname=&p=2&cateid=[object%20HTMLSelectElement]
INFO: [ app_begin ] --START--
INFO: Run Behavior\ReadHtmlCacheBehavior [ RunTime:0.001000s ]
INFO: [ app_begin ] --END-- [ RunTime:0.002000s ]
NOTIC: [2] Declaration of Admin\Controller\BookController::upload($arr, $path) should be compatible with Admin\Controller\AdminController::upload($path) C:\wamp\www\BdNovel\Application\Admin\Controller\BookController.class.php 第 9 行.
NOTIC: [2] Declaration of Admin\Controller\BookController::insertImg($file) should be compatible with Admin\Controller\AdminController::insertImg($file, $dirname, $path) C:\wamp\www\BdNovel\Application\Admin\Controller\BookController.class.php 第 9 行.
SQL: SHOW COLUMNS FROM `bd_book` [ RunTime:0.0010s ]
SQL: SHOW COLUMNS FROM `bd_cate` [ RunTime:0.0320s ]
SQL: SELECT `id`,`typename` FROM `bd_cate` WHERE `pid` <> '0'  [ RunTime:0.0000s ]
SQL: SHOW COLUMNS FROM `bd_book` [ RunTime:0.0020s ]
SQL: SELECT b.id,b.bookname,b.bookpic,b.status,b.addtime,c.typename FROM bd_book b,bd_cate c WHERE ( b.cateid=c.id ) LIMIT 3,3   [ RunTime:0.0000s ]
SQL: SELECT COUNT(*) AS tp_count FROM `bd_book` LIMIT 1   [ RunTime:0.0010s ]
NOTIC: [8] Undefined variable: condition C:\wamp\www\BdNovel\Application\Admin\Controller\BookController.class.php 第 29 行.
NOTIC: [2] Invalid argument supplied for foreach() C:\wamp\www\BdNovel\Application\Admin\Controller\BookController.class.php 第 29 行.
INFO: [ view_parse ] --START--
INFO: [ template_filter ] --START--
INFO: Run Behavior\ContentReplaceBehavior [ RunTime:0.000000s ]
INFO: [ template_filter ] --END-- [ RunTime:0.000000s ]
INFO: Run Behavior\ParseTemplateBehavior [ RunTime:0.017001s ]
INFO: [ view_parse ] --END-- [ RunTime:0.017001s ]
INFO: [ view_filter ] --START--
INFO: Run Behavior\WriteHtmlCacheBehavior [ RunTime:0.001000s ]
INFO: [ view_filter ] --END-- [ RunTime:0.001000s ]
INFO: [ app_end ] --START--
INFO: Run Behavior\ShowPageTraceBehavior [ RunTime:0.001000s ]
INFO: [ app_end ] --END-- [ RunTime:0.001000s ]

[ 2016-11-17T13:07:12+08:00 ] ::1 /BdNovel/index.php/Admin/Book/index.html?bookname=&p=1&cateid=[object%20HTMLSelectElement]
INFO: [ app_begin ] --START--
INFO: Run Behavior\ReadHtmlCacheBehavior [ RunTime:0.000000s ]
INFO: [ app_begin ] --END-- [ RunTime:0.002000s ]
NOTIC: [2] Declaration of Admin\Controller\BookController::upload($arr, $path) should be compatible with Admin\Controller\AdminController::upload($path) C:\wamp\www\BdNovel\Application\Admin\Controller\BookController.class.php 第 9 行.
NOTIC: [2] Declaration of Admin\Controller\BookController::insertImg($file) should be compatible with Admin\Controller\AdminController::insertImg($file, $dirname, $path) C:\wamp\www\BdNovel\Application\Admin\Controller\BookController.class.php 第 9 行.
SQL: SHOW COLUMNS FROM `bd_book` [ RunTime:0.0010s ]
SQL: SHOW COLUMNS FROM `bd_cate` [ RunTime:0.0310s ]
SQL: SELECT `id`,`typename` FROM `bd_cate` WHERE `pid` <> '0'  [ RunTime:0.0010s ]
SQL: SHOW COLUMNS FROM `bd_book` [ RunTime:0.0020s ]
SQL: SELECT b.id,b.bookname,b.bookpic,b.status,b.addtime,c.typename FROM bd_book b,bd_cate c WHERE ( b.cateid=c.id ) LIMIT 0,3   [ RunTime:0.0010s ]
SQL: SELECT COUNT(*) AS tp_count FROM `bd_book` LIMIT 1   [ RunTime:0.0000s ]
NOTIC: [8] Undefined variable: condition C:\wamp\www\BdNovel\Application\Admin\Controller\BookController.class.php 第 29 行.
NOTIC: [2] Invalid argument supplied for foreach() C:\wamp\www\BdNovel\Application\Admin\Controller\BookController.class.php 第 29 行.
INFO: [ view_parse ] --START--
INFO: [ template_filter ] --START--
INFO: Run Behavior\ContentReplaceBehavior [ RunTime:0.000000s ]
INFO: [ template_filter ] --END-- [ RunTime:0.001000s ]
INFO: Run Behavior\ParseTemplateBehavior [ RunTime:0.025001s ]
INFO: [ view_parse ] --END-- [ RunTime:0.025001s ]
INFO: [ view_filter ] --START--
INFO: Run Behavior\WriteHtmlCacheBehavior [ RunTime:0.000000s ]
INFO: [ view_filter ] --END-- [ RunTime:0.001000s ]
INFO: [ app_end ] --START--
INFO: Run Behavior\ShowPageTraceBehavior [ RunTime:0.002001s ]
INFO: [ app_end ] --END-- [ RunTime:0.003001s ]

[ 2016-11-17T13:16:27+08:00 ] ::1 /BdNovel/index.php/Admin/Author/index.html?authorname=&p=2
INFO: [ app_begin ] --START--
INFO: Run Behavior\ReadHtmlCacheBehavior [ RunTime:0.001000s ]
INFO: [ app_begin ] --END-- [ RunTime:0.002000s ]
SQL: SHOW COLUMNS FROM `bd_author` [ RunTime:0.0010s ]
SQL: SELECT * FROM `bd_author` LIMIT 3,3   [ RunTime:0.0000s ]
SQL: SELECT COUNT(*) AS tp_count FROM `bd_author` LIMIT 1   [ RunTime:0.0000s ]
NOTIC: [8] Undefined variable: condition C:\wamp\www\BdNovel\Application\Admin\Controller\AuthorController.class.php 第 24 行.
NOTIC: [2] Invalid argument supplied for foreach() C:\wamp\www\BdNovel\Application\Admin\Controller\AuthorController.class.php 第 24 行.
INFO: [ view_parse ] --START--
INFO: [ template_filter ] --START--
INFO: Run Behavior\ContentReplaceBehavior [ RunTime:0.000000s ]
INFO: [ template_filter ] --END-- [ RunTime:0.000000s ]
INFO: Run Behavior\ParseTemplateBehavior [ RunTime:0.013000s ]
INFO: [ view_parse ] --END-- [ RunTime:0.013000s ]
INFO: [ view_filter ] --START--
INFO: Run Behavior\WriteHtmlCacheBehavior [ RunTime:0.001000s ]
INFO: [ view_filter ] --END-- [ RunTime:0.001000s ]
INFO: [ app_end ] --START--
INFO: Run Behavior\ShowPageTraceBehavior [ RunTime:0.001000s ]
INFO: [ app_end ] --END-- [ RunTime:0.001000s ]

[ 2016-11-17T14:26:38+08:00 ] ::1 /BdNovel/index.php/Admin/Author/index.html?authorname=&p=2
INFO: [ app_begin ] --START--
INFO: Run Behavior\ReadHtmlCacheBehavior [ RunTime:0.001000s ]
INFO: [ app_begin ] --END-- [ RunTime:0.002000s ]
SQL: SHOW COLUMNS FROM `bd_author` [ RunTime:0.0010s ]
SQL: SELECT * FROM `bd_author` LIMIT 3,3   [ RunTime:0.0140s ]
SQL: SELECT COUNT(*) AS tp_count FROM `bd_author` LIMIT 1   [ RunTime:0.0000s ]
NOTIC: [8] Undefined variable: condition C:\wamp\www\BdNovel\Application\Admin\Controller\AuthorController.class.php 第 24 行.
NOTIC: [2] Invalid argument supplied for foreach() C:\wamp\www\BdNovel\Application\Admin\Controller\AuthorController.class.php 第 24 行.
INFO: [ view_parse ] --START--
INFO: [ template_filter ] --START--
INFO: Run Behavior\ContentReplaceBehavior [ RunTime:0.000000s ]
INFO: [ template_filter ] --END-- [ RunTime:0.000000s ]
INFO: Run Behavior\ParseTemplateBehavior [ RunTime:0.011000s ]
INFO: [ view_parse ] --END-- [ RunTime:0.011000s ]
INFO: [ view_filter ] --START--
INFO: Run Behavior\WriteHtmlCacheBehavior [ RunTime:0.001000s ]
INFO: [ view_filter ] --END-- [ RunTime:0.001000s ]
INFO: [ app_end ] --START--
INFO: Run Behavior\ShowPageTraceBehavior [ RunTime:0.001000s ]
INFO: [ app_end ] --END-- [ RunTime:0.001000s ]

[ 2016-11-17T14:26:44+08:00 ] ::1 /BdNovel/index.php/Admin/Author/index.html?authorname=&p=1
INFO: [ app_begin ] --START--
INFO: Run Behavior\ReadHtmlCacheBehavior [ RunTime:0.000000s ]
INFO: [ app_begin ] --END-- [ RunTime:0.001000s ]
SQL: SHOW COLUMNS FROM `bd_author` [ RunTime:0.0420s ]
SQL: SELECT * FROM `bd_author` LIMIT 0,3   [ RunTime:0.0010s ]
SQL: SELECT COUNT(*) AS tp_count FROM `bd_author` LIMIT 1   [ RunTime:0.0000s ]
NOTIC: [8] Undefined variable: condition C:\wamp\www\BdNovel\Application\Admin\Controller\AuthorController.class.php 第 24 行.
NOTIC: [2] Invalid argument supplied for foreach() C:\wamp\www\BdNovel\Application\Admin\Controller\AuthorController.class.php 第 24 行.
INFO: [ view_parse ] --START--
INFO: [ template_filter ] --START--
INFO: Run Behavior\ContentReplaceBehavior [ RunTime:0.000000s ]
INFO: [ template_filter ] --END-- [ RunTime:0.001000s ]
INFO: Run Behavior\ParseTemplateBehavior [ RunTime:0.022001s ]
INFO: [ view_parse ] --END-- [ RunTime:0.023001s ]
INFO: [ view_filter ] --START--
INFO: Run Behavior\WriteHtmlCacheBehavior [ RunTime:0.001000s ]
INFO: [ view_filter ] --END-- [ RunTime:0.001000s ]
INFO: [ app_end ] --START--
INFO: Run Behavior\ShowPageTraceBehavior [ RunTime:0.001000s ]
INFO: [ app_end ] --END-- [ RunTime:0.001000s ]

[ 2016-11-17T14:26:54+08:00 ] ::1 /BdNovel/index.php/Admin/Author/index.html?authorname=&p=2
INFO: [ app_begin ] --START--
INFO: Run Behavior\ReadHtmlCacheBehavior [ RunTime:0.000000s ]
INFO: [ app_begin ] --END-- [ RunTime:0.001000s ]
SQL: SHOW COLUMNS FROM `bd_author` [ RunTime:0.0010s ]
SQL: SELECT * FROM `bd_author` LIMIT 3,3   [ RunTime:0.0010s ]
SQL: SELECT COUNT(*) AS tp_count FROM `bd_author` LIMIT 1   [ RunTime:0.0000s ]
NOTIC: [8] Undefined variable: condition C:\wamp\www\BdNovel\Application\Admin\Controller\AuthorController.class.php 第 24 行.
NOTIC: [2] Invalid argument supplied for foreach() C:\wamp\www\BdNovel\Application\Admin\Controller\AuthorController.class.php 第 24 行.
INFO: [ view_parse ] --START--
INFO: [ template_filter ] --START--
INFO: Run Behavior\ContentReplaceBehavior [ RunTime:0.000000s ]
INFO: [ template_filter ] --END-- [ RunTime:0.000000s ]
INFO: Run Behavior\ParseTemplateBehavior [ RunTime:0.010000s ]
INFO: [ view_parse ] --END-- [ RunTime:0.010000s ]
INFO: [ view_filter ] --START--
INFO: Run Behavior\WriteHtmlCacheBehavior [ RunTime:0.001000s ]
INFO: [ view_filter ] --END-- [ RunTime:0.001000s ]
INFO: [ app_end ] --START--
INFO: Run Behavior\ShowPageTraceBehavior [ RunTime:0.001000s ]
INFO: [ app_end ] --END-- [ RunTime:0.001000s ]

[ 2016-11-17T14:27:05+08:00 ] ::1 /BdNovel/index.php/Admin/Press/index.html?pressname=&p=2
INFO: [ app_begin ] --START--
INFO: Run Behavior\ReadHtmlCacheBehavior [ RunTime:0.001000s ]
INFO: [ app_begin ] --END-- [ RunTime:0.002000s ]
SQL: SHOW COLUMNS FROM `bd_press` [ RunTime:0.0430s ]
SQL: SELECT * FROM `bd_press` LIMIT 3,3   [ RunTime:0.0010s ]
SQL: SELECT COUNT(*) AS tp_count FROM `bd_press` LIMIT 1   [ RunTime:0.0010s ]
NOTIC: [8] Undefined variable: condition C:\wamp\www\BdNovel\Application\Admin\Controller\PressController.class.php 第 24 行.
NOTIC: [2] Invalid argument supplied for foreach() C:\wamp\www\BdNovel\Application\Admin\Controller\PressController.class.php 第 24 行.
INFO: [ view_parse ] --START--
INFO: [ template_filter ] --START--
INFO: Run Behavior\ContentReplaceBehavior [ RunTime:0.001000s ]
INFO: [ template_filter ] --END-- [ RunTime:0.001000s ]
INFO: Run Behavior\ParseTemplateBehavior [ RunTime:0.022001s ]
INFO: [ view_parse ] --END-- [ RunTime:0.022001s ]
INFO: [ view_filter ] --START--
INFO: Run Behavior\WriteHtmlCacheBehavior [ RunTime:0.000000s ]
INFO: [ view_filter ] --END-- [ RunTime:0.000000s ]
INFO: [ app_end ] --START--
INFO: Run Behavior\ShowPageTraceBehavior [ RunTime:0.000000s ]
INFO: [ app_end ] --END-- [ RunTime:0.000000s ]

[ 2016-11-17T14:27:07+08:00 ] ::1 /BdNovel/index.php/Admin/Press/index.html?pressname=&p=1
INFO: [ app_begin ] --START--
INFO: Run Behavior\ReadHtmlCacheBehavior [ RunTime:0.000000s ]
INFO: [ app_begin ] --END-- [ RunTime:0.001000s ]
SQL: SHOW COLUMNS FROM `bd_press` [ RunTime:0.0410s ]
SQL: SELECT * FROM `bd_press` LIMIT 0,3   [ RunTime:0.0010s ]
SQL: SELECT COUNT(*) AS tp_count FROM `bd_press` LIMIT 1   [ RunTime:0.0000s ]
NOTIC: [8] Undefined variable: condition C:\wamp\www\BdNovel\Application\Admin\Controller\PressController.class.php 第 24 行.
NOTIC: [2] Invalid argument supplied for foreach() C:\wamp\www\BdNovel\Application\Admin\Controller\PressController.class.php 第 24 行.
INFO: [ view_parse ] --START--
INFO: [ template_filter ] --START--
INFO: Run Behavior\ContentReplaceBehavior [ RunTime:0.000000s ]
INFO: [ template_filter ] --END-- [ RunTime:0.000000s ]
INFO: Run Behavior\ParseTemplateBehavior [ RunTime:0.019002s ]
INFO: [ view_parse ] --END-- [ RunTime:0.019002s ]
INFO: [ view_filter ] --START--
INFO: Run Behavior\WriteHtmlCacheBehavior [ RunTime:0.001000s ]
INFO: [ view_filter ] --END-- [ RunTime:0.001000s ]
INFO: [ app_end ] --START--
INFO: Run Behavior\ShowPageTraceBehavior [ RunTime:0.001000s ]
INFO: [ app_end ] --END-- [ RunTime:0.001000s ]

[ 2016-11-17T22:08:00+08:00 ] ::1 /BdNovel/index.php/Admin/Book/index.html?bookname=&p=3&cateid=[object%20HTMLSelectElement]
INFO: [ app_begin ] --START--
INFO: Run Behavior\ReadHtmlCacheBehavior [ RunTime:0.001000s ]
INFO: [ app_begin ] --END-- [ RunTime:0.001000s ]
NOTIC: [2] Declaration of Admin\Controller\BookController::upload($arr, $path) should be compatible with Admin\Controller\AdminController::upload($path) C:\wamp\www\BdNovel\Application\Admin\Controller\BookController.class.php 第 9 行.
NOTIC: [2] Declaration of Admin\Controller\BookController::insertImg($file) should be compatible with Admin\Controller\AdminController::insertImg($file, $dirname, $path) C:\wamp\www\BdNovel\Application\Admin\Controller\BookController.class.php 第 9 行.
SQL: SHOW COLUMNS FROM `bd_book` [ RunTime:0.0010s ]
SQL: SHOW COLUMNS FROM `bd_cate` [ RunTime:0.0010s ]
SQL: SELECT `id`,`typename` FROM `bd_cate` WHERE `pid` <> '0'  [ RunTime:0.0000s ]
SQL: SHOW COLUMNS FROM `bd_book` [ RunTime:0.0000s ]
SQL: SELECT b.id,b.bookname,b.bookpic,b.status,b.addtime,c.typename FROM bd_book b,bd_cate c WHERE ( b.cateid=c.id ) LIMIT 6,3   [ RunTime:0.0000s ]
SQL: SELECT COUNT(*) AS tp_count FROM `bd_book` LIMIT 1   [ RunTime:0.0010s ]
NOTIC: [8] Undefined variable: condition C:\wamp\www\BdNovel\Application\Admin\Controller\BookController.class.php 第 29 行.
NOTIC: [2] Invalid argument supplied for foreach() C:\wamp\www\BdNovel\Application\Admin\Controller\BookController.class.php 第 29 行.
INFO: [ view_parse ] --START--
INFO: [ template_filter ] --START--
INFO: Run Behavior\ContentReplaceBehavior [ RunTime:0.000000s ]
INFO: [ template_filter ] --END-- [ RunTime:0.000000s ]
INFO: Run Behavior\ParseTemplateBehavior [ RunTime:0.012001s ]
INFO: [ view_parse ] --END-- [ RunTime:0.012001s ]
INFO: [ view_filter ] --START--
INFO: Run Behavior\WriteHtmlCacheBehavior [ RunTime:0.000000s ]
INFO: [ view_filter ] --END-- [ RunTime:0.000000s ]
INFO: [ app_end ] --START--
INFO: Run Behavior\ShowPageTraceBehavior [ RunTime:0.000000s ]
INFO: [ app_end ] --END-- [ RunTime:0.001000s ]

[ 2016-11-17T23:00:58+08:00 ] ::1 /BdNovel/index.php/Admin/Book/index.html?bookname=&p=2&cateid=[object%20HTMLSelectElement]
INFO: [ app_begin ] --START--
INFO: Run Behavior\ReadHtmlCacheBehavior [ RunTime:0.000000s ]
INFO: [ app_begin ] --END-- [ RunTime:0.001000s ]
NOTIC: [2] Declaration of Admin\Controller\BookController::upload($arr, $path) should be compatible with Admin\Controller\AdminController::upload($path) C:\wamp\www\BdNovel\Application\Admin\Controller\BookController.class.php 第 9 行.
NOTIC: [2] Declaration of Admin\Controller\BookController::insertImg($file) should be compatible with Admin\Controller\AdminController::insertImg($file, $dirname, $path) C:\wamp\www\BdNovel\Application\Admin\Controller\BookController.class.php 第 9 行.
SQL: SHOW COLUMNS FROM `bd_book` [ RunTime:0.0010s ]
SQL: SHOW COLUMNS FROM `bd_cate` [ RunTime:0.0000s ]
SQL: SELECT `id`,`typename` FROM `bd_cate` WHERE `pid` <> '0'  [ RunTime:0.0000s ]
SQL: SHOW COLUMNS FROM `bd_book` [ RunTime:0.0010s ]
SQL: SELECT b.id,b.bookname,b.bookpic,b.status,b.addtime,c.typename FROM bd_book b,bd_cate c WHERE ( b.cateid=c.id ) LIMIT 3,3   [ RunTime:0.0000s ]
SQL: SELECT COUNT(*) AS tp_count FROM `bd_book` LIMIT 1   [ RunTime:0.0010s ]
NOTIC: [8] Undefined variable: condition C:\wamp\www\BdNovel\Application\Admin\Controller\BookController.class.php 第 29 行.
NOTIC: [2] Invalid argument supplied for foreach() C:\wamp\www\BdNovel\Application\Admin\Controller\BookController.class.php 第 29 行.
INFO: [ view_parse ] --START--
INFO: [ template_filter ] --START--
INFO: Run Behavior\ContentReplaceBehavior [ RunTime:0.001000s ]
INFO: [ template_filter ] --END-- [ RunTime:0.001000s ]
INFO: Run Behavior\ParseTemplateBehavior [ RunTime:0.012001s ]
INFO: [ view_parse ] --END-- [ RunTime:0.013001s ]
INFO: [ view_filter ] --START--
INFO: Run Behavior\WriteHtmlCacheBehavior [ RunTime:0.001000s ]
INFO: [ view_filter ] --END-- [ RunTime:0.001000s ]
INFO: [ app_end ] --START--
INFO: Run Behavior\ShowPageTraceBehavior [ RunTime:0.001000s ]
INFO: [ app_end ] --END-- [ RunTime:0.001000s ]

[ 2016-11-17T23:01:00+08:00 ] ::1 /BdNovel/index.php/Admin/Book/index.html?bookname=&p=3&cateid=[object%20HTMLSelectElement]
INFO: [ app_begin ] --START--
INFO: Run Behavior\ReadHtmlCacheBehavior [ RunTime:0.001000s ]
INFO: [ app_begin ] --END-- [ RunTime:0.001000s ]
NOTIC: [2] Declaration of Admin\Controller\BookController::upload($arr, $path) should be compatible with Admin\Controller\AdminController::upload($path) C:\wamp\www\BdNovel\Application\Admin\Controller\BookController.class.php 第 9 行.
NOTIC: [2] Declaration of Admin\Controller\BookController::insertImg($file) should be compatible with Admin\Controller\AdminController::insertImg($file, $dirname, $path) C:\wamp\www\BdNovel\Application\Admin\Controller\BookController.class.php 第 9 行.
SQL: SHOW COLUMNS FROM `bd_book` [ RunTime:0.0010s ]
SQL: SHOW COLUMNS FROM `bd_cate` [ RunTime:0.0000s ]
SQL: SELECT `id`,`typename` FROM `bd_cate` WHERE `pid` <> '0'  [ RunTime:0.0400s ]
SQL: SHOW COLUMNS FROM `bd_book` [ RunTime:0.0030s ]
SQL: SELECT b.id,b.bookname,b.bookpic,b.status,b.addtime,c.typename FROM bd_book b,bd_cate c WHERE ( b.cateid=c.id ) LIMIT 6,3   [ RunTime:0.0010s ]
SQL: SELECT COUNT(*) AS tp_count FROM `bd_book` LIMIT 1   [ RunTime:0.0010s ]
NOTIC: [8] Undefined variable: condition C:\wamp\www\BdNovel\Application\Admin\Controller\BookController.class.php 第 29 行.
NOTIC: [2] Invalid argument supplied for foreach() C:\wamp\www\BdNovel\Application\Admin\Controller\BookController.class.php 第 29 行.
INFO: [ view_parse ] --START--
INFO: [ template_filter ] --START--
INFO: Run Behavior\ContentReplaceBehavior [ RunTime:0.001000s ]
INFO: [ template_filter ] --END-- [ RunTime:0.001000s ]
INFO: Run Behavior\ParseTemplateBehavior [ RunTime:0.026002s ]
INFO: [ view_parse ] --END-- [ RunTime:0.026002s ]
INFO: [ view_filter ] --START--
INFO: Run Behavior\WriteHtmlCacheBehavior [ RunTime:0.000000s ]
INFO: [ view_filter ] --END-- [ RunTime:0.001000s ]
INFO: [ app_end ] --START--
INFO: Run Behavior\ShowPageTraceBehavior [ RunTime:0.001000s ]
INFO: [ app_end ] --END-- [ RunTime:0.002000s ]

